Log file open, 09/21/18 11:00:10
LogWindows: Failed to load 'aqProf.dll' (GetLastError=126)
LogWindows: File 'aqProf.dll' does not exist
LogWindows: Failed to load 'VtuneApi.dll' (GetLastError=126)
LogWindows: File 'VtuneApi.dll' does not exist
LogWindows: Failed to load 'VtuneApi32e.dll' (GetLastError=126)
LogWindows: File 'VtuneApi32e.dll' does not exist
LogInit: Display: Running engine for game: VirtualUP
LogPlatformFile: Not using cached read wrapper
LogTaskGraph: Started task graph with 5 named threads and 23 total threads with 3 sets of task threads.
LogStats: Stats thread started at 0.340384
LogD3D11RHI: Loaded GFSDK_Aftermath_Lib.x64.dll
LogICUInternationalization: Display: ICU TimeZone Detection - Raw Offset: -8:00, Platform Override: ''
LogPluginManager: Mounting plugin Paper2D
LogPluginManager: Mounting plugin AISupport
LogPluginManager: Mounting plugin LightPropagationVolume
LogPluginManager: Mounting plugin CLionSourceCodeAccess
LogPluginManager: Mounting plugin CodeLiteSourceCodeAccess
LogPluginManager: Mounting plugin GitSourceControl
LogPluginManager: Mounting plugin KDevelopSourceCodeAccess
LogPluginManager: Mounting plugin NullSourceCodeAccess
LogPluginManager: Mounting plugin PerforceSourceControl
LogPluginManager: Mounting plugin SubversionSourceControl
LogPluginManager: Mounting plugin UObjectPlugin
LogPluginManager: Mounting plugin VisualStudioCodeSourceCodeAccess
LogPluginManager: Mounting plugin VisualStudioSourceCodeAccess
LogPluginManager: Mounting plugin XCodeSourceCodeAccess
LogPluginManager: Mounting plugin AssetManagerEditor
LogPluginManager: Mounting plugin CryptoKeys
LogPluginManager: Mounting plugin DataValidation
LogPluginManager: Mounting plugin FacialAnimation
LogPluginManager: Mounting plugin GameplayTagsEditor
LogPluginManager: Mounting plugin MacGraphicsSwitching
LogPluginManager: Mounting plugin MeshEditor
LogPluginManager: Mounting plugin MobileLauncherProfileWizard
LogPluginManager: Mounting plugin PluginBrowser
LogPluginManager: Mounting plugin SpeedTreeImporter
LogPluginManager: Mounting plugin DatasmithContent
LogPluginManager: Mounting plugin AlembicImporter
LogPluginManager: Mounting plugin AppleImageUtils
LogPluginManager: Mounting plugin AppleVision
LogPluginManager: Mounting plugin BackChannel
LogPluginManager: Mounting plugin CharacterAI
LogPluginManager: Mounting plugin GeometryCache
LogPluginManager: Mounting plugin HTML5Networking
LogPluginManager: Mounting plugin ProxyLODPlugin
LogPluginManager: Mounting plugin MagicLeap
LogPluginManager: Mounting plugin MagicLeapEmulator
LogPluginManager: Mounting plugin MagicLeapMedia
LogPluginManager: Mounting plugin AndroidMedia
LogPluginManager: Mounting plugin AvfMedia
LogPluginManager: Mounting plugin ImgMedia
LogPluginManager: Mounting plugin LinearTimecode
LogPluginManager: Mounting plugin MediaCompositing
LogPluginManager: Mounting plugin MediaPlayerEditor
LogPluginManager: Mounting plugin WmfMedia
LogPluginManager: Mounting plugin TcpMessaging
LogPluginManager: Mounting plugin UdpMessaging
LogPluginManager: Mounting plugin ActorSequence
LogPluginManager: Mounting plugin LevelSequenceEditor
LogPluginManager: Mounting plugin MatineeToLevelSequence
LogPluginManager: Mounting plugin NetcodeUnitTest
LogPluginManager: Mounting plugin NUTUnrealEngine4
LogPluginManager: Mounting plugin OnlineSubsystemGooglePlay
LogPluginManager: Mounting plugin OnlineSubsystemIOS
LogPluginManager: Mounting plugin OnlineSubsystem
LogPluginManager: Mounting plugin OnlineSubsystemNull
LogPluginManager: Mounting plugin OnlineSubsystemUtils
LogPluginManager: Mounting plugin LauncherChunkInstaller
LogPluginManager: Mounting plugin AndroidDeviceProfileSelector
LogPluginManager: Mounting plugin AndroidMoviePlayer
LogPluginManager: Mounting plugin AndroidPermission
LogPluginManager: Mounting plugin AppleMoviePlayer
LogPluginManager: Mounting plugin ArchVisCharacter
LogPluginManager: Mounting plugin AudioCapture
LogPluginManager: Mounting plugin CableComponent
LogPluginManager: Mounting plugin CustomMeshComponent
LogPluginManager: Mounting plugin EditableMesh
LogPluginManager: Mounting plugin ExampleDeviceProfileSelector
LogPluginManager: Mounting plugin GoogleCloudMessaging
LogPluginManager: Mounting plugin ImmediatePhysics
LogPluginManager: Mounting plugin IOSDeviceProfileSelector
LogPluginManager: Mounting plugin LinuxDeviceProfileSelector
LogPluginManager: Mounting plugin LocationServicesBPLibrary
LogPluginManager: Mounting plugin MobilePatchingUtils
LogPluginManager: Mounting plugin OculusVR
LogPluginManager: Plugin shader directory ../../../Engine/Plugins/Runtime/Oculus/OculusVR/Shaders found
LogPluginManager: Mapping shader source directory ../../../Engine/Plugins/Runtime/Oculus/OculusVR/Shaders to virtual directory /Plugin/OculusVR
LogPluginManager: Mounting plugin PhysXVehicles
LogPluginManager: Mounting plugin ProceduralMeshComponent
LogPluginManager: Mounting plugin RuntimePhysXCooking
LogPluginManager: Mounting plugin SteamVR
LogPluginManager: Mounting plugin WindowsMoviePlayer
LogStreaming: Display: Took  0.736s to configure plugins.
LogInit: Using libcurl 7.55.1-DEV
LogInit:  - built for x86_64-pc-win32
LogInit:  - supports SSL with OpenSSL/1.0.2h
LogInit:  - supports HTTP deflate (compression) using libz 1.2.8
LogInit:  - other features:
LogInit:      CURL_VERSION_SSL
LogInit:      CURL_VERSION_LIBZ
LogInit:      CURL_VERSION_IPV6
LogInit:      CURL_VERSION_ASYNCHDNS
LogInit:      CURL_VERSION_LARGEFILE
LogInit:      CURL_VERSION_IDN
LogInit:  CurlRequestOptions (configurable via config and command line):
LogInit:  - bVerifyPeer = false  - Libcurl will NOT verify peer certificate
LogInit:  - bUseHttpProxy = false  - Libcurl will NOT use HTTP proxy
LogInit:  - bDontReuseConnections = false  - Libcurl will reuse connections
LogInit:  - CertBundlePath = nullptr  - Libcurl will use whatever was configured at build time.
LogInit:  - MaxHostConnections = 16  - Libcurl will limit the number of connections to a host
LogInit:  - LocalHostAddr = Default
LogInit:  - BufferSize = 65536
LogInit: WinSock: version 1.1 (2.2), MaxSocks=32767, MaxUdp=65467
LogInit: Build: ++UE4+Release-4.20-CL-4302132
LogInit: Engine Version: 4.20.2-4302132+++UE4+Release-4.20
LogInit: Compatible Engine Version: 4.20.0-4212847+++UE4+Release-4.20
LogInit: Net CL: 4212847
LogInit: OS: Windows 10 (), CPU: AMD FX(tm)-8320 Eight-Core Processor           , GPU: NVIDIA GeForce GTX 1060 3GB
LogInit: Compiled (64-bit): Aug 21 2018 02:06:06
LogInit: Compiled with Visual C++: 19.13.26129.00
LogInit: Build Configuration: Development
LogInit: Branch Name: ++UE4+Release-4.20
LogInit: Command Line: -EpicPortal 
LogInit: Base Directory: C:/Program Files/Epic Games/UE_4.20/Engine/Binaries/Win64/
LogInit: Installed Engine Build: 1
LogDevObjectVersion: Number of dev versions registered: 20
LogDevObjectVersion:   Dev-Blueprints (B0D832E4-1F89-4F0D-ACCF-7EB736FD4AA2): 10
LogDevObjectVersion:   Dev-Build (E1C64328-A22C-4D53-A36C-8E866417BD8C): 0
LogDevObjectVersion:   Dev-Core (375EC13C-06E4-48FB-B500-84F0262A717E): 2
LogDevObjectVersion:   Dev-Editor (E4B068ED-F494-42E9-A231-DA0B2E46BB41): 24
LogDevObjectVersion:   Dev-Framework (CFFC743F-43B0-4480-9391-14DF171D2073): 34
LogDevObjectVersion:   Dev-Mobile (B02B49B5-BB20-44E9-A304-32B752E40360): 2
LogDevObjectVersion:   Dev-Networking (A4E4105C-59A1-49B5-A7C5-40C4547EDFEE): 0
LogDevObjectVersion:   Dev-Online (39C831C9-5AE6-47DC-9A44-9C173E1C8E7C): 0
LogDevObjectVersion:   Dev-Physics (78F01B33-EBEA-4F98-B9B4-84EACCB95AA2): 0
LogDevObjectVersion:   Dev-Platform (6631380F-2D4D-43E0-8009-CF276956A95A): 0
LogDevObjectVersion:   Dev-Rendering (12F88B9F-8875-4AFC-A67C-D90C383ABD29): 26
LogDevObjectVersion:   Dev-Sequencer (7B5AE74C-D270-4C10-A958-57980B212A5A): 9
LogDevObjectVersion:   Dev-VR (D7296918-1DD6-4BDD-9DE2-64A83CC13884): 2
LogDevObjectVersion:   Dev-LoadTimes (C2A15278-BFE7-4AFE-6C17-90FF531DF755): 1
LogDevObjectVersion:   Private-Geometry (6EACA3D4-40EC-4CC1-B786-8BED09428FC5): 3
LogDevObjectVersion:   Dev-AnimPhys (29E575DD-E0A3-4627-9D10-D276232CDCEA): 17
LogDevObjectVersion:   Dev-ReflectionCapture (6B266CEC-1EC7-4B8F-A30B-E4D90942FC07): 1
LogDevObjectVersion:   Dev-Automation (0DF73D61-A23F-47EA-B727-89E90C41499A): 1
LogDevObjectVersion:   FortniteMain (601D1886-AC64-4F84-AA16-D3DE0DEAC7D6): 12
LogDevObjectVersion:   Dev-Enterprise (9DFFBCD6-494F-0158-E221-12823C92A888): 1
LogStreaming: Display: Took  0.017s to delete old logs.
LogInit: Presizing for max 8388607 objects, including 0 objects not considered by GC, pre-allocating 0 bytes for permanent pool.
LogInit: Object subsystem initialized
[2018.09.21-18.00.11:500][  0]LogInit: Selected Device Profile: [Windows]
[2018.09.21-18.00.11:500][  0]LogInit: Applying CVar settings loaded from the selected device profile: [Windows]
[2018.09.21-18.00.11:556][  0]LogHAL: Display: Platform has ~ 16 GB [17074479104 / 17179869184 / 16], which maps to Larger [LargestMinGB=32, LargerMinGB=12, DefaultMinGB=8, SmallerMinGB=6, SmallestMinGB=0)
[2018.09.21-18.00.11:556][  0]LogInit: Setting Device Profile CVar: [[r.Vulkan.UseRealUBs:1]]
[2018.09.21-18.00.11:556][  0]LogInit: Going up to parent DeviceProfile []
[2018.09.21-18.00.11:556][  0]LogInit: Computer: FLAMEXER-PC
[2018.09.21-18.00.11:556][  0]LogInit: User: Flamexer
[2018.09.21-18.00.11:556][  0]LogInit: CPU Page size=4096, Cores=4
[2018.09.21-18.00.11:556][  0]LogInit: High frequency timer resolution =3.429473 MHz
[2018.09.21-18.00.11:556][  0]LogMemory: Memory total: Physical=15.9GB (16GB approx)
[2018.09.21-18.00.11:557][  0]LogMemory: Platform Memory Stats for Windows
[2018.09.21-18.00.11:557][  0]LogMemory: Process Physical Memory: 100.29 MB used, 100.29 MB peak
[2018.09.21-18.00.11:557][  0]LogMemory: Process Virtual Memory: 91.17 MB used, 91.17 MB peak
[2018.09.21-18.00.11:557][  0]LogMemory: Physical Memory: 6222.34 MB used,  10061.15 MB free, 16283.49 MB total
[2018.09.21-18.00.11:557][  0]LogMemory: Virtual Memory: 4645.26 MB used,  10061.15 MB free, 134217728.00 MB total
[2018.09.21-18.00.11:583][  0]LogInit: Using OS detected language (en-US).
[2018.09.21-18.00.11:583][  0]LogInit: Using OS detected locale (en-US).
[2018.09.21-18.00.11:584][  0]LogTextLocalizationManager: No specific localization for 'en-US' exists, so the 'en' localization will be used.
[2018.09.21-18.00.12:128][  0]LogStreaming: Display: Took  0.546s to InitEngineTextLocalization.
[2018.09.21-18.00.12:129][  0]LogInit: Setting process to per monitor DPI aware
[2018.09.21-18.00.12:197][  0]LogSlate: New Slate User Created.  User Index 0, Is Virtual User: 0
[2018.09.21-18.00.12:197][  0]LogSlate: Slate User Registered.  User Index 0, Is Virtual User: 0
[2018.09.21-18.00.12:557][  0]LogHMD: Failed to initialize OpenVR with code 108
[2018.09.21-18.00.12:557][  0]LogD3D11RHI: D3D11 adapters:
[2018.09.21-18.00.12:665][  0]LogD3D11RHI:    0. 'NVIDIA GeForce GTX 1060 3GB' (Feature Level 11_0)
[2018.09.21-18.00.12:665][  0]LogD3D11RHI:       2988/0/8141 MB DedicatedVideo/DedicatedSystem/SharedSystem, Outputs:2, VendorId:0x10de
[2018.09.21-18.00.12:667][  0]LogD3D11RHI:    1. 'Microsoft Basic Render Driver' (Feature Level 11_0)
[2018.09.21-18.00.12:668][  0]LogD3D11RHI:       0/0/8141 MB DedicatedVideo/DedicatedSystem/SharedSystem, Outputs:0, VendorId:0x1414
[2018.09.21-18.00.12:668][  0]LogD3D11RHI: Chosen D3D11 Adapter: 0
[2018.09.21-18.00.12:679][  0]LogD3D11RHI: Creating new Direct3DDevice
[2018.09.21-18.00.12:679][  0]LogD3D11RHI:     GPU DeviceId: 0x1c02 (for the marketing name, search the web for "GPU Device Id")
[2018.09.21-18.00.12:679][  0]LogWindows: EnumDisplayDevices:
[2018.09.21-18.00.12:679][  0]LogWindows:    0. 'NVIDIA GeForce GTX 1060 3GB' (P:1 D:1)
[2018.09.21-18.00.12:679][  0]LogWindows:    1. 'NVIDIA GeForce GTX 1060 3GB' (P:0 D:1)
[2018.09.21-18.00.12:680][  0]LogWindows:    2. 'NVIDIA GeForce GTX 1060 3GB' (P:0 D:0)
[2018.09.21-18.00.12:680][  0]LogWindows:    3. 'NVIDIA GeForce GTX 1060 3GB' (P:0 D:0)
[2018.09.21-18.00.12:680][  0]LogWindows: DebugString: FoundDriverCount:4 
[2018.09.21-18.00.12:680][  0]LogD3D11RHI:     Adapter Name: NVIDIA GeForce GTX 1060 3GB
[2018.09.21-18.00.12:680][  0]LogD3D11RHI:   Driver Version: 399.07 (internal:24.21.13.9907, unified:399.07)
[2018.09.21-18.00.12:680][  0]LogD3D11RHI:      Driver Date: 8-21-2018
[2018.09.21-18.00.12:680][  0]LogRHI: Texture pool is 2091 MB (70% of 2988 MB)
[2018.09.21-18.00.12:746][  0]LogD3D11RHI: Async texture creation enabled
[2018.09.21-18.00.12:821][  0]LogD3D11RHI: GPU Timing Frequency: 1000.000000 (Debug: 2 2)
[2018.09.21-18.00.12:874][  0]LogShaderCompilers: Guid format shader working directory is -3 characters bigger than the processId version (../../../../../../Users/Flamexer/Documents/VirtualUP/Intermediate/Shaders/WorkingDirectory/9404/).
[2018.09.21-18.00.12:874][  0]LogShaderCompilers: Cleaned the shader compiler working directory 'C:/Users/Flamexer/AppData/Local/Temp/UnrealShaderWorkingDir/FCA993EF4053CB21DFA4F68959663730/'.
[2018.09.21-18.00.13:964][  0]LogTemp: Display: Loaded TP AllDesktopTargetPlatform
[2018.09.21-18.00.13:996][  0]LogTemp: Display: Loaded TP MacClientTargetPlatform
[2018.09.21-18.00.14:024][  0]LogTemp: Display: Loaded TP MacNoEditorTargetPlatform
[2018.09.21-18.00.14:055][  0]LogTemp: Display: Loaded TP MacServerTargetPlatform
[2018.09.21-18.00.14:081][  0]LogTemp: Display: Loaded TP MacTargetPlatform
[2018.09.21-18.00.14:108][  0]LogTemp: Display: Loaded TP WindowsClientTargetPlatform
[2018.09.21-18.00.14:134][  0]LogTemp: Display: Loaded TP WindowsNoEditorTargetPlatform
[2018.09.21-18.00.14:161][  0]LogTemp: Display: Loaded TP WindowsServerTargetPlatform
[2018.09.21-18.00.14:174][  0]LogTemp: Display: Loaded TP WindowsTargetPlatform
[2018.09.21-18.00.14:324][  0]LogTemp: Display: Loaded TP AndroidTargetPlatform
[2018.09.21-18.00.14:324][  0]LogTemp: Display: Loaded TP AndroidTargetPlatform
[2018.09.21-18.00.14:324][  0]LogTemp: Display: Loaded TP AndroidTargetPlatform
[2018.09.21-18.00.14:324][  0]LogTemp: Display: Loaded TP AndroidTargetPlatform
[2018.09.21-18.00.14:324][  0]LogTemp: Display: Loaded TP AndroidTargetPlatform
[2018.09.21-18.00.14:324][  0]LogTemp: Display: Loaded TP AndroidTargetPlatform
[2018.09.21-18.00.14:324][  0]LogTemp: Display: Loaded TP AndroidTargetPlatform
[2018.09.21-18.00.14:324][  0]LogTemp: Display: Loaded TP AndroidTargetPlatform
[2018.09.21-18.00.14:324][  0]LogTemp: Display: Loaded TP AndroidTargetPlatform
[2018.09.21-18.00.14:324][  0]LogTemp: Display: Loaded TP AndroidTargetPlatform
[2018.09.21-18.00.14:324][  0]LogTemp: Display: Loaded TP AndroidTargetPlatform
[2018.09.21-18.00.14:324][  0]LogTemp: Display: Loaded TP AndroidTargetPlatform
[2018.09.21-18.00.14:324][  0]LogTemp: Display: Loaded TP AndroidTargetPlatform
[2018.09.21-18.00.14:324][  0]LogTemp: Display: Loaded TP AndroidTargetPlatform
[2018.09.21-18.00.14:324][  0]LogTemp: Display: Loaded TP AndroidTargetPlatform
[2018.09.21-18.00.14:324][  0]LogTemp: Display: Loaded TP AndroidTargetPlatform
[2018.09.21-18.00.14:325][  0]LogTemp: Display: Loaded TP AndroidTargetPlatform
[2018.09.21-18.00.14:325][  0]LogTemp: Display: Loaded TP AndroidTargetPlatform
[2018.09.21-18.00.14:326][  0]LogTemp: Display: Loaded TP HTML5TargetPlatform
[2018.09.21-18.00.14:409][  0]LogTemp: Display: Loaded TP IOSTargetPlatform
[2018.09.21-18.00.14:409][  0]LogTemp: Display: Loaded TP IOSTargetPlatform
[2018.09.21-18.00.14:453][  0]LogTemp: Display: Loaded TP TVOSTargetPlatform
[2018.09.21-18.00.14:453][  0]LogTemp: Display: Loaded TP TVOSTargetPlatform
[2018.09.21-18.00.14:476][  0]LogTemp: Display: Loaded TP LinuxClientTargetPlatform
[2018.09.21-18.00.14:503][  0]LogTemp: Display: Loaded TP LinuxNoEditorTargetPlatform
[2018.09.21-18.00.14:528][  0]LogTemp: Display: Loaded TP LinuxServerTargetPlatform
[2018.09.21-18.00.14:552][  0]LogTemp: Display: Loaded TP LinuxTargetPlatform
[2018.09.21-18.00.14:570][  0]LogTemp: Display: Loaded TP LuminTargetPlatform
[2018.09.21-18.00.14:570][  0]LogTargetPlatformManager: Display: Building Assets For Windows
[2018.09.21-18.00.14:676][  0]LogXGEController: Cannot use XGE Controller as Incredibuild is not installed on this machine.
[2018.09.21-18.00.14:676][  0]LogShaderCompilers: Cannot use XGE Shader Compiler as Incredibuild is not installed on this machine.
[2018.09.21-18.00.14:676][  0]LogShaderCompilers: Display: Using Local Shader Compiler.
[2018.09.21-18.00.15:957][  0]LogDerivedDataCache: Display: Max Cache Size: 512 MB
[2018.09.21-18.00.16:080][  0]LogDerivedDataCache: Loaded boot cache 0.12s 93MB C:/Users/Flamexer/AppData/Local/UnrealEngine/4.20/DerivedDataCache/Boot.ddc.
[2018.09.21-18.00.16:080][  0]LogDerivedDataCache: Display: Loaded Boot cache: C:/Users/Flamexer/AppData/Local/UnrealEngine/4.20/DerivedDataCache/Boot.ddc
[2018.09.21-18.00.16:081][  0]LogDerivedDataCache: FDerivedDataBackendGraph:  Pak pak cache file ../../../../../../Users/Flamexer/Documents/VirtualUP/DerivedDataCache/DDC.ddp not found, will not use a pak cache.
[2018.09.21-18.00.16:081][  0]LogDerivedDataCache: Unable to find inner node Pak for hierarchical cache Hierarchy.
[2018.09.21-18.00.16:081][  0]LogDerivedDataCache: FDerivedDataBackendGraph:  CompressedPak pak cache file ../../../../../../Users/Flamexer/Documents/VirtualUP/DerivedDataCache/Compressed.ddp not found, will not use a pak cache.
[2018.09.21-18.00.16:081][  0]LogDerivedDataCache: Unable to find inner node CompressedPak for hierarchical cache Hierarchy.
[2018.09.21-18.00.16:098][  0]LogDerivedDataCache: Display: Pak cache opened for reading ../../../Engine/DerivedDataCache/Compressed.ddp.
[2018.09.21-18.00.16:111][  0]LogDerivedDataCache: Using Local data cache path C:/Users/Flamexer/AppData/Local/UnrealEngine/Common/DerivedDataCache: Writable
[2018.09.21-18.00.16:111][  0]LogDerivedDataCache: Shared data cache path not found in *engine.ini, will not use an Shared cache.
[2018.09.21-18.00.16:111][  0]LogDerivedDataCache: Unable to find inner node Shared for hierarchical cache Hierarchy.
[2018.09.21-18.00.16:144][  0]LogMaterial: Verifying Global Shaders for PCD3D_SM5
[2018.09.21-18.00.16:146][  0]LogSlate: Using FreeType 2.6.0
[2018.09.21-18.00.16:146][  0]LogSlate: SlateFontServices - WITH_FREETYPE: 1, WITH_HARFBUZZ: 1
[2018.09.21-18.00.16:246][  0]LogAssetRegistry: FAssetRegistry took 0.0290 seconds to start up
[2018.09.21-18.00.16:803][  0]LogInit: Selected Device Profile: [Windows]
[2018.09.21-18.00.16:997][  0]LogSimplygon: Simplygon DLL not present - disabling.
[2018.09.21-18.00.17:004][  0]LogMeshReduction: Using SimplygonSwarm for distributed automatic mesh merging
[2018.09.21-18.00.17:004][  0]LogMeshReduction: Using ProxyLODMeshReduction for automatic mesh merging
[2018.09.21-18.00.17:004][  0]LogMeshReduction: Using QuadricMeshReduction for automatic static mesh reduction
[2018.09.21-18.00.17:004][  0]LogMeshReduction: No automatic skeletal mesh reduction module available
[2018.09.21-18.00.17:295][  0]LogNetVersion: VirtualUP 1.0.0, NetCL: 4212847, EngineNetVer: 5, GameNetVer: 0 (Checksum: 1504370664)
[2018.09.21-18.00.20:570][  0]LogPackageLocalizationCache: Processed 11 localized package path(s) for 2 prioritized culture(s) in 0.279703 seconds
[2018.09.21-18.00.20:580][  0]LogUObjectArray: 38425 objects as part of root set at end of initial load.
[2018.09.21-18.00.20:580][  0]LogUObjectAllocator: 6690872 out of 0 bytes used by permanent object pool.
[2018.09.21-18.00.20:580][  0]LogUObjectArray: CloseDisregardForGC: 0/0 objects in disregard for GC pool
[2018.09.21-18.00.22:275][  0]LogMaterial: Display: Missing cached shader map for material AmbientOcclusion, compiling. 
[2018.09.21-18.00.22:420][  0]LogShaderCompilers: Display: Shaders left to compile 14
[2018.09.21-18.00.22:420][  0]LogShaderCompilers: Display: Shaders left to compile 4
[2018.09.21-18.00.22:420][  0]LogMaterial: Display: Missing cached shader map for material CustomDepthWorldUnits, compiling. 
[2018.09.21-18.00.22:494][  0]LogMaterial: Display: Missing cached shader map for material SceneDepthWorldUnits, compiling. 
[2018.09.21-18.00.22:526][  0]LogMaterial: Display: Missing cached shader map for material PreTonemapHDRColor, compiling. 
[2018.09.21-18.00.22:551][  0]LogMaterial: Display: Missing cached shader map for material PostTonemapHDRColor, compiling. 
[2018.09.21-18.00.22:604][  0]LogTcpMessaging: Initializing TcpMessaging bridge
[2018.09.21-18.00.22:619][  0]LogUdpMessaging: Initializing bridge on interface 0.0.0.0:0 to multicast group 230.0.0.1:6666.
[2018.09.21-18.00.22:967][  0]LogShaderCompilers: Display: Shaders left to compile 32
[2018.09.21-18.00.22:967][  0]LogShaderCompilers: Display: Shaders left to compile 22
[2018.09.21-18.00.22:967][  0]LogShaderCompilers: Display: Shaders left to compile 12
[2018.09.21-18.00.22:967][  0]LogMaterial: Display: Missing cached shader map for material DefaultMaterial, compiling. 
[2018.09.21-18.00.23:252][  0]SourceControl: Source control is disabled
[2018.09.21-18.00.26:053][  0]LogAndroidPermission: UAndroidPermissionCallbackProxy::GetInstance
[2018.09.21-18.00.26:233][  0]LogOcInput: OculusInput pre-init called
[2018.09.21-18.00.26:301][  0]LogMaterial: Display: Missing cached shader map for material HighResScreenshot, compiling. 
[2018.09.21-18.00.26:373][  0]LogMaterial: Display: Missing cached shader map for material HighResScreenshotMask, compiling. 
[2018.09.21-18.00.26:448][  0]LogMaterial: Display: Missing cached shader map for material HighResScreenshotCaptureRegion, compiling. 
[2018.09.21-18.00.26:502][  0]LogEngine: Initializing Engine...
[2018.09.21-18.00.26:580][  0]LogHMD: Failed to initialize OpenVR with code 108
[2018.09.21-18.00.26:585][  0]LogStats: UGameplayTagsManager::ConstructGameplayTagTree: ImportINI prefixes -  0.000 s
[2018.09.21-18.00.26:585][  0]LogStats: UGameplayTagsManager::ConstructGameplayTagTree: Construct from data asset -  0.000 s
[2018.09.21-18.00.26:586][  0]LogStats: UGameplayTagsManager::ConstructGameplayTagTree: ImportINI -  0.000 s
[2018.09.21-18.00.26:586][  0]LogStats: UGameplayTagsManager::ConstructGameplayTagTree: GameplayTagTreeChangedEvent.Broadcast -  0.000 s
[2018.09.21-18.00.26:673][  0]LogMaterial: Display: Missing cached shader map for material WireframeMaterial, compiling. Is special engine material.
[2018.09.21-18.00.26:948][  0]LogMaterial: Display: Missing cached shader map for material LevelColorationLitMaterial, compiling. Is special engine material.
[2018.09.21-18.00.27:561][  0]LogShaderCompilers: Display: Shaders left to compile 406
[2018.09.21-18.00.27:562][  0]LogMaterial: Display: Missing cached shader map for material LevelColorationUnlitMaterial, compiling. Is special engine material.
[2018.09.21-18.00.27:773][  0]LogMaterial: Display: Missing cached shader map for material MAT_LevelColorationLitLightmapUV, compiling. Is special engine material.
[2018.09.21-18.00.28:357][  0]LogMaterial: Display: Missing cached shader map for material ShadedLevelColorationLitMaterial, compiling. Is special engine material.
[2018.09.21-18.00.28:945][  0]LogMaterial: Display: Missing cached shader map for material ShadedLevelColorationUnlitMateri, compiling. Is special engine material.
[2018.09.21-18.00.29:106][  0]LogMaterial: Display: Missing cached shader map for material VertexColorMaterial, compiling. 
[2018.09.21-18.00.29:219][  0]LogMaterial: Display: Missing cached shader map for material VertexColorViewMode_ColorOnly, compiling. 
[2018.09.21-18.00.29:258][  0]LogMaterial: Display: Missing cached shader map for material VertexColorViewMode_AlphaAsColor, compiling. 
[2018.09.21-18.00.29:286][  0]LogMaterial: Display: Missing cached shader map for material VertexColorViewMode_RedOnly, compiling. 
[2018.09.21-18.00.29:317][  0]LogMaterial: Display: Missing cached shader map for material VertexColorViewMode_GreenOnly, compiling. 
[2018.09.21-18.00.29:351][  0]LogMaterial: Display: Missing cached shader map for material VertexColorViewMode_BlueOnly, compiling. 
[2018.09.21-18.00.29:394][  0]LogMaterial: Display: Missing cached shader map for material RemoveSurfaceMaterial, compiling. 
[2018.09.21-18.00.29:425][  0]LogMaterial: Display: Missing cached shader map for material DebugMeshMaterial, compiling. 
[2018.09.21-18.00.29:449][  0]LogMaterial: Display: Missing cached shader map for material M_InvalidLightmapSettings, compiling. 
[2018.09.21-18.00.29:500][  0]LogMaterial: Display: Missing cached shader map for material GizmoMaterial, compiling. 
[2018.09.21-18.00.29:539][  0]LogMaterial: Display: Missing cached shader map for material PhAT_JointLimitMaterial, compiling. 
[2018.09.21-18.00.29:567][  0]LogMaterial: Display: Missing cached shader map for material GeomMaterial, compiling. 
[2018.09.21-18.00.29:594][  0]LogMaterial: Display: Missing cached shader map for material EditorBrushMaterial, compiling. 
[2018.09.21-18.00.29:615][  0]LogShaderCompilers: Display: Shaders left to compile 3433
[2018.09.21-18.00.29:615][  0]LogMaterial: Display: Missing cached shader map for material BoneWeightMaterial, compiling. 
[2018.09.21-18.00.29:751][  0]LogShaderCompilers: Display: Shaders left to compile 3434
[2018.09.21-18.00.29:751][  0]LogMaterial: Display: Missing cached shader map for material ClothMaterial, compiling. 
[2018.09.21-18.00.29:784][  0]LogMaterial: Display: Missing cached shader map for material ClothMaterial_WF, compiling. 
[2018.09.21-18.00.29:820][  0]LogMaterial: Display: Missing cached shader map for material DebugEditorMaterial, compiling. 
[2018.09.21-18.00.29:845][  0]LogMaterial: Display: Missing cached shader map for material PreviewShadowIndicatorMaterial, compiling. 
[2018.09.21-18.00.29:997][  0]LogInit: Initializing FReadOnlyCVARCache
[2018.09.21-18.00.30:038][  0]LogAIModule: Creating AISystem for world Untitled
[2018.09.21-18.00.30:092][  0]LogShaderCompilers: Display: Shaders left to compile 3595
[2018.09.21-18.00.30:092][  0]LogInit: XAudio2 using 'Speakers (3- BEHRINGER UMC204HD 192k)' : 2 channels at 48 kHz using 32 bits per sample (channel mask 0x3)
[2018.09.21-18.00.30:132][  0]LogInit: FAudioDevice initialized.
[2018.09.21-18.00.30:132][  0]LogNetVersion: Set ProjectVersion to 1.0.0.0. Version Checksum will be recalculated on next use.
[2018.09.21-18.00.30:554][  0]LogDerivedDataCache: Saved boot cache 0.42s 78MB C:/Users/Flamexer/AppData/Local/UnrealEngine/4.20/DerivedDataCache/Boot.ddc.
[2018.09.21-18.00.30:563][  0]LogInit: Texture streaming: Enabled
[2018.09.21-18.00.30:604][  0]LogEngineSessionManager: EngineSessionManager initialized
[2018.09.21-18.00.30:635][  0]LogInit: Transaction tracking system initialized
[2018.09.21-18.00.30:692][  0]BlueprintLog: New page: Editor Load
[2018.09.21-18.00.30:938][  0]LocalizationService: Localization service is disabled
[2018.09.21-18.00.31:226][  0]LogShaderCompilers: Display: Shaders left to compile 3585
[2018.09.21-18.00.31:226][  0]LogMaterial: Display: Missing cached shader map for material Cross_Mat, compiling. 
[2018.09.21-18.00.31:269][  0]LogMaterial: Display: Missing cached shader map for material PhAT_BoneSelectedMaterial, compiling. 
[2018.09.21-18.00.31:305][  0]LogMaterial: Display: Missing cached shader map for material PhAT_ElemSelectedMaterial, compiling. 
[2018.09.21-18.00.31:339][  0]LogMaterial: Display: Missing cached shader map for material PhAT_NoCollisionMaterial, compiling. 
[2018.09.21-18.00.31:360][  0]LogMaterial: Display: Missing cached shader map for material PhAT_UnselectedMaterial, compiling. 
[2018.09.21-18.00.31:381][  0]LogShaderCompilers: Display: Shaders left to compile 3624
[2018.09.21-18.00.31:381][  0]LogMaterial: Display: Missing cached shader map for material Tick_Mat, compiling. 
[2018.09.21-18.00.31:405][  0]LogMaterial: Display: Missing cached shader map for material WidgetGridVertexColorMaterial_Ma, compiling. 
[2018.09.21-18.00.31:439][  0]LogMaterial: Display: Missing cached shader map for material WidgetMaterial, compiling. 
[2018.09.21-18.00.31:467][  0]LogMaterial: Display: Missing cached shader map for material WidgetMaterial_Current, compiling. 
[2018.09.21-18.00.31:498][  0]LogMaterial: Display: Missing cached shader map for material WidgetMaterial_X, compiling. 
[2018.09.21-18.00.31:544][  0]LogMaterial: Display: Missing cached shader map for material WidgetMaterial_Y, compiling. 
[2018.09.21-18.00.31:561][  0]LogMaterial: Display: Missing cached shader map for material WidgetMaterial_Z, compiling. 
[2018.09.21-18.00.31:606][  0]LogMaterial: Display: Missing cached shader map for material WidgetVertexColorMaterial, compiling. 
[2018.09.21-18.00.31:727][  0]LogMaterial: Display: Missing cached shader map for material LevelGridMaterial, compiling. 
[2018.09.21-18.00.31:861][  0]LogMaterial: Display: Missing cached shader map for material BlinkingCaret, compiling. 
[2018.09.21-18.00.31:992][  0]LogMaterial: Display: Missing cached shader map for material M_StreamingPause, compiling. 
[2018.09.21-18.00.32:098][  0]LogCook: Display: Max memory allowance for cook 16384mb min free memory 0mb
[2018.09.21-18.00.32:098][  0]LogCook: Display: Mobile HDR setting 1
[2018.09.21-18.00.32:098][  0]LogGameplayTags: Display: UGameplayTagsManager::DoneAddingNativeTags. DelegateIsBound: 0
[2018.09.21-18.00.32:098][  0]LogStats: UGameplayTagsManager::ConstructGameplayTagTree: ImportINI prefixes -  0.000 s
[2018.09.21-18.00.32:098][  0]LogStats: UGameplayTagsManager::ConstructGameplayTagTree: Construct from data asset -  0.000 s
[2018.09.21-18.00.32:098][  0]LogStats: UGameplayTagsManager::ConstructGameplayTagTree: ImportINI -  0.000 s
[2018.09.21-18.00.32:099][  0]LogStats: UGameplayTagsManager::ConstructGameplayTagTree: GameplayTagTreeChangedEvent.Broadcast -  0.000 s
[2018.09.21-18.00.32:374][  0]LogFileCache: Scanning file cache for directory 'C:/Users/Flamexer/Documents/VirtualUP/Content/' took 0.05s
[2018.09.21-18.00.32:374][  0]Cmd: MAP LOAD FILE="../../../../../../Users/Flamexer/Documents/VirtualUP/Content/VirtualRealityBP/Maps/StartupMap.umap" TEMPLATE=0 SHOWPROGRESS=1 FEATURELEVEL=3
[2018.09.21-18.00.32:417][  0]LightingResults: New page: Lighting Build
[2018.09.21-18.00.32:422][  0]MapCheck: New page: Map Check
[2018.09.21-18.00.32:422][  0]LightingResults: New page: Lighting Build
[2018.09.21-18.00.34:519][  0]LogShaderCompilers: Display: Shaders left to compile 3755
[2018.09.21-18.00.34:736][  0]LogAIModule: Creating AISystem for world StartupMap
[2018.09.21-18.00.34:931][  0]LogEditorServer: Finished looking for orphan Actors (0.000 secs)
[2018.09.21-18.00.35:026][  0]Cmd: MAP CHECKDEP NOCLEARLOG
[2018.09.21-18.00.35:187][  0]MapCheck: Map check complete: 0 Error(s), 0 Warning(s), took 161.042ms to complete.
[2018.09.21-18.00.35:187][  0]LogFileHelpers: Loading map 'StartupMap' took 2.813
[2018.09.21-18.00.36:128][  0]LogShaderCompilers: Display: Shaders left to compile 3745
[2018.09.21-18.00.36:128][  0]LogSlate: Updating window title bar state: overlay mode, drag disabled, window buttons hidden, title bar hidden
[2018.09.21-18.00.36:152][  0]LogSlate: Updating window title bar state: overlay mode, drag disabled, window buttons hidden, title bar hidden
[2018.09.21-18.00.36:170][  0]LogSlate: Updating window title bar state: overlay mode, drag disabled, window buttons hidden, title bar hidden
[2018.09.21-18.00.36:194][  0]LogSlate: Updating window title bar state: overlay mode, drag disabled, window buttons hidden, title bar hidden
[2018.09.21-18.00.36:236][  0]LogCollectionManager: Loaded 0 collections in 0.003956 seconds
[2018.09.21-18.00.36:502][  0]LogFileCache: Scanning file cache for directory 'C:/Users/Flamexer/Documents/VirtualUP/Saved/Collections/' took 0.01s
[2018.09.21-18.00.36:502][  0]LogFileCache: Scanning file cache for directory 'C:/Users/Flamexer/Documents/VirtualUP/Content/Developers/Flamexer/Collections/' took 0.01s
[2018.09.21-18.00.36:502][  0]LogFileCache: Scanning file cache for directory 'C:/Users/Flamexer/Documents/VirtualUP/Content/Collections/' took 0.01s
[2018.09.21-18.00.36:502][  0]LogCollectionManager: Rebuilt the GUID cache for 0 collections in 0.000001 seconds
[2018.09.21-18.00.36:531][  0]LogContentBrowser: Native class hierarchy populated in 0.0274 seconds. Added 2572 classes and 603 folders.
[2018.09.21-18.00.36:646][  0]LogContentBrowser: Native class hierarchy updated for 'WidgetCarousel' in 0.0008 seconds. Added 0 classes and 0 folders.
[2018.09.21-18.00.39:604][  0]LogShaderCompilers: Display: Shaders left to compile 3735
[2018.09.21-18.00.39:604][  0]LogShaderCompilers: Display: Shaders left to compile 3725
[2018.09.21-18.00.39:604][  0]LogShaderCompilers: Display: Shaders left to compile 3715
[2018.09.21-18.00.39:604][  0]LogContentBrowser: Native class hierarchy updated for 'AddContentDialog' in 0.0005 seconds. Added 0 classes and 0 folders.
[2018.09.21-18.00.39:716][  0]LogContentBrowser: Native class hierarchy updated for 'SceneOutliner' in 0.0005 seconds. Added 1 classes and 2 folders.
[2018.09.21-18.00.40:728][  0]LogContentBrowser: Native class hierarchy updated for 'ScreenShotComparisonTools' in 0.0005 seconds. Added 0 classes and 0 folders.
[2018.09.21-18.00.40:890][  0]LogDirectoryWatcher: Warning: Failed to begin reading directory changes for C:/Users/Flamexer/Documents/VirtualUP/Saved/Automation/Comparisons. Error: The system cannot find the path specified. (0x00000003)
[2018.09.21-18.00.41:031][  0]LogProfilerClient: Subscribe Session: AE46C09C47AE4180FFEE88A255D939EE
[2018.09.21-18.00.41:050][  0]LogProfilerService: Subscribe Session: AE46C09C47AE4180FFEE88A255D939EE, Instance: 24D310D646659CA2F400EEAC76A29B9B
[2018.09.21-18.00.41:057][  0]LogSlate: Took 0.000530 seconds to synchronously load lazily loaded font '../../../Engine/Content/Slate/Fonts/Roboto-Regular.ttf' (155K)
[2018.09.21-18.00.41:061][  0]LogSlate: Took 0.000471 seconds to synchronously load lazily loaded font '../../../Engine/Content/Slate/Fonts/Roboto-Bold.ttf' (160K)
[2018.09.21-18.00.41:168][  0]LogSlate: Took 0.022899 seconds to synchronously load lazily loaded font '../../../Engine/Content/Editor/Slate/Fonts/FontAwesome.ttf' (139K)
[2018.09.21-18.00.41:702][  0]LogMaterial: Display: Missing cached shader map for material LevelGridMaterial2, compiling. 
[2018.09.21-18.00.41:770][  0]LogRenderer: Reallocating scene render targets to support 1208x600 Format 26 NumSamples 1 (Frame:1).
[2018.09.21-18.00.42:899][  0]LogContentBrowser: Native class hierarchy updated for 'HierarchicalLODOutliner' in 0.0005 seconds. Added 0 classes and 0 folders.
[2018.09.21-18.00.42:900][  0]LogLoad: (Engine Initialization) Total time: 36.07 seconds
[2018.09.21-18.00.42:900][  0]LogLoad: (Engine Initialization) Total Blueprint compile time: 0.00 seconds
[2018.09.21-18.00.42:984][  0]LogContentStreaming: Texture pool size now 1000 MB
[2018.09.21-18.00.43:176][  0]...Forcing Asset Registry Load For Automation
[2018.09.21-18.00.43:692][  4]LogSlate: Took 0.034840 seconds to synchronously load lazily loaded font '../../../Engine/Content/Slate/Fonts/Roboto-Light.ttf' (167K)
[2018.09.21-18.00.43:729][  5]LogAssetRegistry: Asset discovery search completed in 27.5048 seconds
[2018.09.21-18.00.43:762][  5]LogCollectionManager: Rebuilt the object cache for 0 collections in 0.000000 seconds (found 0 objects)
[2018.09.21-18.00.43:762][  5]LogCollectionManager: Fixed up redirectors for 0 collections in 0.000167 seconds (updated 0 objects)
[2018.09.21-18.00.44:254][  5]LogShaderCompilers: Display: Shaders left to compile 3721
[2018.09.21-18.00.44:254][  5]LogContentBrowser: Native class hierarchy updated for 'Cascade' in 0.0007 seconds. Added 2 classes and 2 folders.
[2018.09.21-18.00.45:007][ 32]LogShaderCompilers: Display: Shaders left to compile 3711
[2018.09.21-18.00.45:152][ 39]LogShaderCompilers: Display: Shaders left to compile 3701
[2018.09.21-18.00.47:250][130]LogShaderCompilers: Display: Shaders left to compile 3691
[2018.09.21-18.00.48:475][188]LogShaderCompilers: Display: Shaders left to compile 3681
[2018.09.21-18.00.50:528][281]LogShaderCompilers: Display: Shaders left to compile 3671
[2018.09.21-18.00.51:780][342]LogShaderCompilers: Display: Shaders left to compile 3661
[2018.09.21-18.00.52:344][367]LogShaderCompilers: Display: Shaders left to compile 3651
[2018.09.21-18.00.52:463][373]LogShaderCompilers: Display: Shaders left to compile 3641
[2018.09.21-18.00.55:493][523]LogShaderCompilers: Display: Shaders left to compile 3631
[2018.09.21-18.00.57:062][602]LogShaderCompilers: Display: Shaders left to compile 3621
[2018.09.21-18.00.57:219][609]LogShaderCompilers: Display: Shaders left to compile 3611
[2018.09.21-18.00.58:278][664]LogShaderCompilers: Display: Shaders left to compile 3601
[2018.09.21-18.01.00:528][777]LogShaderCompilers: Display: Shaders left to compile 3591
[2018.09.21-18.01.00:777][790]LogShaderCompilers: Display: Shaders left to compile 3581
[2018.09.21-18.01.01:854][845]LogShaderCompilers: Display: Shaders left to compile 3571
[2018.09.21-18.01.03:487][930]LogShaderCompilers: Display: Shaders left to compile 3561
[2018.09.21-18.01.04:190][966]LogShaderCompilers: Display: Shaders left to compile 3551
[2018.09.21-18.01.06:423][ 85]LogShaderCompilers: Display: Shaders left to compile 3541
[2018.09.21-18.01.08:285][180]LogShaderCompilers: Display: Shaders left to compile 3531
[2018.09.21-18.01.08:816][209]LogShaderCompilers: Display: Shaders left to compile 3521
[2018.09.21-18.01.10:011][270]LogShaderCompilers: Display: Shaders left to compile 3511
[2018.09.21-18.01.11:585][351]LogShaderCompilers: Display: Shaders left to compile 3501
[2018.09.21-18.01.13:920][471]LogShaderCompilers: Display: Shaders left to compile 3491
[2018.09.21-18.01.14:035][477]LogShaderCompilers: Display: Shaders left to compile 3481
[2018.09.21-18.01.14:436][497]LogShaderCompilers: Display: Shaders left to compile 3471
[2018.09.21-18.01.16:171][591]LogShaderCompilers: Display: Shaders left to compile 3461
[2018.09.21-18.01.18:653][721]LogShaderCompilers: Display: Shaders left to compile 3451
[2018.09.21-18.01.18:994][736]LogShaderCompilers: Display: Shaders left to compile 3441
[2018.09.21-18.01.19:242][748]LogShaderCompilers: Display: Shaders left to compile 3431
[2018.09.21-18.01.21:771][889]LogShaderCompilers: Display: Shaders left to compile 3421
[2018.09.21-18.01.22:608][934]LogShaderCompilers: Display: Shaders left to compile 3411
[2018.09.21-18.01.22:675][938]LogShaderCompilers: Display: Shaders left to compile 3401
[2018.09.21-18.01.24:137][ 15]LogShaderCompilers: Display: Shaders left to compile 3391
[2018.09.21-18.01.24:463][ 29]LogShaderCompilers: Display: Shaders left to compile 3381
[2018.09.21-18.01.25:589][ 90]LogShaderCompilers: Display: Shaders left to compile 3371
[2018.09.21-18.01.28:154][224]LogShaderCompilers: Display: Shaders left to compile 3361
[2018.09.21-18.01.28:739][255]LogShaderCompilers: Display: Shaders left to compile 3351
[2018.09.21-18.01.29:329][285]LogShaderCompilers: Display: Shaders left to compile 3341
[2018.09.21-18.01.30:705][352]LogShaderCompilers: Display: Shaders left to compile 3331
[2018.09.21-18.01.33:520][495]LogShaderCompilers: Display: Shaders left to compile 3321
[2018.09.21-18.01.33:758][508]LogShaderCompilers: Display: Shaders left to compile 3311
[2018.09.21-18.01.35:944][614]LogShaderCompilers: Display: Shaders left to compile 3301
[2018.09.21-18.01.36:536][641]LogShaderCompilers: Display: Shaders left to compile 3291
[2018.09.21-18.01.36:974][664]LogShaderCompilers: Display: Shaders left to compile 3281
[2018.09.21-18.01.39:157][774]LogShaderCompilers: Display: Shaders left to compile 3271
[2018.09.21-18.01.41:359][889]LogShaderCompilers: Display: Shaders left to compile 3261
[2018.09.21-18.01.41:977][921]LogShaderCompilers: Display: Shaders left to compile 3251
[2018.09.21-18.01.42:000][922]LogShaderCompilers: Display: Shaders left to compile 3241
[2018.09.21-18.01.43:410][993]LogShaderCompilers: Display: Shaders left to compile 3231
[2018.09.21-18.01.44:480][ 42]LogShaderCompilers: Display: Shaders left to compile 3221
[2018.09.21-18.01.46:240][137]LogShaderCompilers: Display: Shaders left to compile 3211
[2018.09.21-18.01.47:279][191]LogShaderCompilers: Display: Shaders left to compile 3201
[2018.09.21-18.01.47:500][202]LogShaderCompilers: Display: Shaders left to compile 3191
[2018.09.21-18.01.48:472][255]LogShaderCompilers: Display: Shaders left to compile 3181
[2018.09.21-18.01.49:264][297]LogShaderCompilers: Display: Shaders left to compile 3171
[2018.09.21-18.01.52:904][469]LogShaderCompilers: Display: Shaders left to compile 3161
[2018.09.21-18.01.53:427][494]LogShaderCompilers: Display: Shaders left to compile 3151
[2018.09.21-18.01.54:292][539]LogShaderCompilers: Display: Shaders left to compile 3141
[2018.09.21-18.01.55:079][582]LogShaderCompilers: Display: Shaders left to compile 3131
[2018.09.21-18.01.56:800][676]LogShaderCompilers: Display: Shaders left to compile 3121
[2018.09.21-18.01.56:937][683]LogShaderCompilers: Display: Shaders left to compile 3111
[2018.09.21-18.02.00:083][848]LogShaderCompilers: Display: Shaders left to compile 3101
[2018.09.21-18.02.00:557][873]LogShaderCompilers: Display: Shaders left to compile 3091
[2018.09.21-18.02.02:650][986]LogShaderCompilers: Display: Shaders left to compile 3081
[2018.09.21-18.02.03:586][ 36]LogShaderCompilers: Display: Shaders left to compile 3071
[2018.09.21-18.02.04:639][ 92]LogShaderCompilers: Display: Shaders left to compile 3061
[2018.09.21-18.02.07:574][253]LogShaderCompilers: Display: Shaders left to compile 3051
[2018.09.21-18.02.07:937][273]LogShaderCompilers: Display: Shaders left to compile 3041
[2018.09.21-18.02.09:138][338]LogShaderCompilers: Display: Shaders left to compile 3031
[2018.09.21-18.02.09:289][347]LogShaderCompilers: Display: Shaders left to compile 3021
[2018.09.21-18.02.12:249][507]LogShaderCompilers: Display: Shaders left to compile 3011
[2018.09.21-18.02.13:557][577]LogShaderCompilers: Display: Shaders left to compile 3001
[2018.09.21-18.02.13:753][588]LogShaderCompilers: Display: Shaders left to compile 2991
[2018.09.21-18.02.15:394][677]LogShaderCompilers: Display: Shaders left to compile 2981
[2018.09.21-18.02.16:620][743]LogShaderCompilers: Display: Shaders left to compile 2971
[2018.09.21-18.02.17:772][805]LogShaderCompilers: Display: Shaders left to compile 2961
[2018.09.21-18.02.19:138][878]LogShaderCompilers: Display: Shaders left to compile 2951
[2018.09.21-18.02.20:467][945]LogShaderCompilers: Display: Shaders left to compile 2941
[2018.09.21-18.02.21:208][986]LogShaderCompilers: Display: Shaders left to compile 2931
[2018.09.21-18.02.22:868][ 72]LogShaderCompilers: Display: Shaders left to compile 2921
[2018.09.21-18.02.23:853][126]LogShaderCompilers: Display: Shaders left to compile 2911
[2018.09.21-18.02.25:645][225]LogShaderCompilers: Display: Shaders left to compile 2901
[2018.09.21-18.02.26:041][245]LogShaderCompilers: Display: Shaders left to compile 2891
[2018.09.21-18.02.27:025][299]LogShaderCompilers: Display: Shaders left to compile 2881
[2018.09.21-18.02.27:961][347]LogShaderCompilers: Display: Shaders left to compile 2871
[2018.09.21-18.02.29:671][443]LogShaderCompilers: Display: Shaders left to compile 2861
[2018.09.21-18.02.30:874][509]LogShaderCompilers: Display: Shaders left to compile 2851
[2018.09.21-18.02.31:347][535]LogShaderCompilers: Display: Shaders left to compile 2841
[2018.09.21-18.02.32:147][575]LogShaderCompilers: Display: Shaders left to compile 2831
[2018.09.21-18.02.34:510][704]LogShaderCompilers: Display: Shaders left to compile 2821
[2018.09.21-18.02.34:692][714]LogShaderCompilers: Display: Shaders left to compile 2811
[2018.09.21-18.02.35:559][763]LogShaderCompilers: Display: Shaders left to compile 2801
[2018.09.21-18.02.37:047][841]LogShaderCompilers: Display: Shaders left to compile 2791
[2018.09.21-18.02.38:316][908]LogShaderCompilers: Display: Shaders left to compile 2781
[2018.09.21-18.02.40:386][ 18]LogShaderCompilers: Display: Shaders left to compile 2771
[2018.09.21-18.02.41:877][ 97]LogShaderCompilers: Display: Shaders left to compile 2761
[2018.09.21-18.02.42:768][145]LogShaderCompilers: Display: Shaders left to compile 2751
[2018.09.21-18.02.43:849][202]LogShaderCompilers: Display: Shaders left to compile 2741
[2018.09.21-18.02.44:390][230]LogShaderCompilers: Display: Shaders left to compile 2731
[2018.09.21-18.02.45:183][271]LogShaderCompilers: Display: Shaders left to compile 2721
[2018.09.21-18.02.48:574][448]LogShaderCompilers: Display: Shaders left to compile 2711
[2018.09.21-18.02.49:670][506]LogShaderCompilers: Display: Shaders left to compile 2701
[2018.09.21-18.02.50:149][529]LogShaderCompilers: Display: Shaders left to compile 2691
[2018.09.21-18.02.51:862][614]LogShaderCompilers: Display: Shaders left to compile 2681
[2018.09.21-18.02.52:453][642]LogShaderCompilers: Display: Shaders left to compile 2671
[2018.09.21-18.02.55:148][777]LogShaderCompilers: Display: Shaders left to compile 2661
[2018.09.21-18.02.56:649][853]LogShaderCompilers: Display: Shaders left to compile 2651
[2018.09.21-18.02.58:418][937]LogShaderCompilers: Display: Shaders left to compile 2641
[2018.09.21-18.02.58:626][948]LogShaderCompilers: Display: Shaders left to compile 2631
[2018.09.21-18.02.59:487][988]LogShaderCompilers: Display: Shaders left to compile 2621
[2018.09.21-18.03.01:238][ 61]LogShaderCompilers: Display: Shaders left to compile 2611
[2018.09.21-18.03.03:961][198]LogShaderCompilers: Display: Shaders left to compile 2601
[2018.09.21-18.03.04:097][205]LogShaderCompilers: Display: Shaders left to compile 2591
[2018.09.21-18.03.04:207][211]LogShaderCompilers: Display: Shaders left to compile 2581
[2018.09.21-18.03.05:844][298]LogShaderCompilers: Display: Shaders left to compile 2571
[2018.09.21-18.03.07:831][400]LogShaderCompilers: Display: Shaders left to compile 2561
[2018.09.21-18.03.08:199][418]LogShaderCompilers: Display: Shaders left to compile 2551
[2018.09.21-18.03.09:429][483]LogShaderCompilers: Display: Shaders left to compile 2541
[2018.09.21-18.03.12:231][631]LogShaderCompilers: Display: Shaders left to compile 2531
[2018.09.21-18.03.13:323][687]LogShaderCompilers: Display: Shaders left to compile 2521
[2018.09.21-18.03.13:899][719]LogShaderCompilers: Display: Shaders left to compile 2511
[2018.09.21-18.03.14:011][725]LogShaderCompilers: Display: Shaders left to compile 2501
[2018.09.21-18.03.16:376][851]LogShaderCompilers: Display: Shaders left to compile 2491
[2018.09.21-18.03.17:844][932]LogShaderCompilers: Display: Shaders left to compile 2481
[2018.09.21-18.03.17:967][939]LogShaderCompilers: Display: Shaders left to compile 2471
[2018.09.21-18.03.18:583][973]LogShaderCompilers: Display: Shaders left to compile 2461
[2018.09.21-18.03.21:115][114]LogShaderCompilers: Display: Shaders left to compile 2451
[2018.09.21-18.03.21:875][152]LogShaderCompilers: Display: Shaders left to compile 2441
[2018.09.21-18.03.22:103][165]LogShaderCompilers: Display: Shaders left to compile 2431
[2018.09.21-18.03.23:695][251]LogShaderCompilers: Display: Shaders left to compile 2421
[2018.09.21-18.03.24:827][314]LogShaderCompilers: Display: Shaders left to compile 2411
[2018.09.21-18.03.24:828][314]LogShaderCompilers: Display: Shaders left to compile 2401
[2018.09.21-18.03.25:122][328]LogShaderCompilers: Display: Shaders left to compile 2391
[2018.09.21-18.03.28:322][502]LogShaderCompilers: Display: Shaders left to compile 2381
[2018.09.21-18.03.29:089][545]LogShaderCompilers: Display: Shaders left to compile 2371
[2018.09.21-18.03.29:653][576]LogShaderCompilers: Display: Shaders left to compile 2361
[2018.09.21-18.03.29:700][578]LogShaderCompilers: Display: Shaders left to compile 2351
[2018.09.21-18.03.33:542][789]LogShaderCompilers: Display: Shaders left to compile 2341
[2018.09.21-18.03.34:265][828]LogShaderCompilers: Display: Shaders left to compile 2331
[2018.09.21-18.03.34:575][844]LogShaderCompilers: Display: Shaders left to compile 2321
[2018.09.21-18.03.35:610][899]LogShaderCompilers: Display: Shaders left to compile 2311
[2018.09.21-18.03.37:135][985]LogShaderCompilers: Display: Shaders left to compile 2301
[2018.09.21-18.03.38:256][ 46]LogShaderCompilers: Display: Shaders left to compile 2291
[2018.09.21-18.03.40:455][159]LogShaderCompilers: Display: Shaders left to compile 2281
[2018.09.21-18.03.40:919][183]LogShaderCompilers: Display: Shaders left to compile 2271
[2018.09.21-18.03.41:506][214]LogShaderCompilers: Display: Shaders left to compile 2261
[2018.09.21-18.03.43:368][313]LogShaderCompilers: Display: Shaders left to compile 2251
[2018.09.21-18.03.44:022][347]LogShaderCompilers: Display: Shaders left to compile 2241
[2018.09.21-18.03.46:073][456]LogShaderCompilers: Display: Shaders left to compile 2231
[2018.09.21-18.03.46:147][460]LogShaderCompilers: Display: Shaders left to compile 2221
[2018.09.21-18.03.46:741][490]LogShaderCompilers: Display: Shaders left to compile 2211
[2018.09.21-18.03.47:624][537]LogShaderCompilers: Display: Shaders left to compile 2201
[2018.09.21-18.03.49:359][628]LogShaderCompilers: Display: Shaders left to compile 2191
[2018.09.21-18.03.51:341][729]LogShaderCompilers: Display: Shaders left to compile 2181
[2018.09.21-18.03.52:892][808]LogShaderCompilers: Display: Shaders left to compile 2171
[2018.09.21-18.03.53:545][842]LogShaderCompilers: Display: Shaders left to compile 2161
[2018.09.21-18.03.53:971][864]LogShaderCompilers: Display: Shaders left to compile 2151
[2018.09.21-18.03.54:934][912]LogShaderCompilers: Display: Shaders left to compile 2141
[2018.09.21-18.03.56:807][  8]LogShaderCompilers: Display: Shaders left to compile 2131
[2018.09.21-18.03.58:825][106]LogShaderCompilers: Display: Shaders left to compile 2121
[2018.09.21-18.04.00:667][203]LogShaderCompilers: Display: Shaders left to compile 2111
[2018.09.21-18.04.01:841][263]LogShaderCompilers: Display: Shaders left to compile 2101
[2018.09.21-18.04.02:179][282]LogShaderCompilers: Display: Shaders left to compile 2091
[2018.09.21-18.04.03:351][342]LogShaderCompilers: Display: Shaders left to compile 2081
[2018.09.21-18.04.05:783][473]LogShaderCompilers: Display: Shaders left to compile 2071
[2018.09.21-18.04.07:234][548]LogShaderCompilers: Display: Shaders left to compile 2061
[2018.09.21-18.04.08:128][595]LogShaderCompilers: Display: Shaders left to compile 2051
[2018.09.21-18.04.09:534][670]LogShaderCompilers: Display: Shaders left to compile 2041
[2018.09.21-18.04.11:181][759]LogShaderCompilers: Display: Shaders left to compile 2031
[2018.09.21-18.04.12:881][852]LogShaderCompilers: Display: Shaders left to compile 2021
[2018.09.21-18.04.13:253][873]LogShaderCompilers: Display: Shaders left to compile 2011
[2018.09.21-18.04.13:686][895]LogShaderCompilers: Display: Shaders left to compile 2001
[2018.09.21-18.04.16:074][ 24]LogShaderCompilers: Display: Shaders left to compile 1991
[2018.09.21-18.04.17:678][112]LogShaderCompilers: Display: Shaders left to compile 1981
[2018.09.21-18.04.17:783][117]LogShaderCompilers: Display: Shaders left to compile 1971
[2018.09.21-18.04.18:117][135]LogShaderCompilers: Display: Shaders left to compile 1961
[2018.09.21-18.04.20:892][290]LogShaderCompilers: Display: Shaders left to compile 1951
[2018.09.21-18.04.21:732][335]LogShaderCompilers: Display: Shaders left to compile 1941
[2018.09.21-18.04.22:682][385]LogShaderCompilers: Display: Shaders left to compile 1931
[2018.09.21-18.04.23:079][406]LogShaderCompilers: Display: Shaders left to compile 1921
[2018.09.21-18.04.24:826][504]LogShaderCompilers: Display: Shaders left to compile 1911
[2018.09.21-18.04.25:803][557]LogShaderCompilers: Display: Shaders left to compile 1901
[2018.09.21-18.04.27:972][674]LogShaderCompilers: Display: Shaders left to compile 1891
[2018.09.21-18.04.28:309][692]LogShaderCompilers: Display: Shaders left to compile 1881
[2018.09.21-18.04.28:428][699]LogShaderCompilers: Display: Shaders left to compile 1871
[2018.09.21-18.04.30:492][811]LogShaderCompilers: Display: Shaders left to compile 1861
[2018.09.21-18.04.30:953][836]LogShaderCompilers: Display: Shaders left to compile 1851
[2018.09.21-18.04.32:441][918]LogShaderCompilers: Display: Shaders left to compile 1841
[2018.09.21-18.04.33:831][996]LogShaderCompilers: Display: Shaders left to compile 1831
[2018.09.21-18.04.34:258][ 19]LogShaderCompilers: Display: Shaders left to compile 1821
[2018.09.21-18.04.35:124][ 67]LogShaderCompilers: Display: Shaders left to compile 1811
[2018.09.21-18.04.35:959][112]LogShaderCompilers: Display: Shaders left to compile 1801
[2018.09.21-18.04.38:543][248]LogShaderCompilers: Display: Shaders left to compile 1791
[2018.09.21-18.04.39:544][298]LogShaderCompilers: Display: Shaders left to compile 1781
[2018.09.21-18.04.41:724][407]LogShaderCompilers: Display: Shaders left to compile 1771
[2018.09.21-18.04.42:528][451]LogShaderCompilers: Display: Shaders left to compile 1761
[2018.09.21-18.04.42:809][464]LogShaderCompilers: Display: Shaders left to compile 1751
[2018.09.21-18.04.43:646][506]LogShaderCompilers: Display: Shaders left to compile 1741
[2018.09.21-18.04.47:288][683]LogShaderCompilers: Display: Shaders left to compile 1731
[2018.09.21-18.04.48:931][757]LogShaderCompilers: Display: Shaders left to compile 1721
[2018.09.21-18.04.49:552][787]LogShaderCompilers: Display: Shaders left to compile 1711
[2018.09.21-18.04.51:360][873]LogShaderCompilers: Display: Shaders left to compile 1701
[2018.09.21-18.04.51:407][875]LogShaderCompilers: Display: Shaders left to compile 1691
[2018.09.21-18.04.53:817][994]LogShaderCompilers: Display: Shaders left to compile 1681
[2018.09.21-18.04.55:914][ 97]LogShaderCompilers: Display: Shaders left to compile 1671
[2018.09.21-18.04.57:372][173]LogShaderCompilers: Display: Shaders left to compile 1661
[2018.09.21-18.04.57:683][190]LogShaderCompilers: Display: Shaders left to compile 1651
[2018.09.21-18.04.58:592][238]LogShaderCompilers: Display: Shaders left to compile 1641
[2018.09.21-18.04.59:806][302]LogShaderCompilers: Display: Shaders left to compile 1631
[2018.09.21-18.05.01:343][372]LogShaderCompilers: Display: Shaders left to compile 1621
[2018.09.21-18.05.02:569][436]LogShaderCompilers: Display: Shaders left to compile 1611
[2018.09.21-18.05.03:657][493]LogShaderCompilers: Display: Shaders left to compile 1601
[2018.09.21-18.05.03:840][502]LogShaderCompilers: Display: Shaders left to compile 1591
[2018.09.21-18.05.06:893][670]LogShaderCompilers: Display: Shaders left to compile 1581
[2018.09.21-18.05.07:136][683]LogShaderCompilers: Display: Shaders left to compile 1571
[2018.09.21-18.05.08:042][728]LogShaderCompilers: Display: Shaders left to compile 1561
[2018.09.21-18.05.10:591][857]LogShaderCompilers: Display: Shaders left to compile 1551
[2018.09.21-18.05.11:248][890]LogShaderCompilers: Display: Shaders left to compile 1541
[2018.09.21-18.05.13:620][ 11]LogShaderCompilers: Display: Shaders left to compile 1531
[2018.09.21-18.05.13:790][ 20]LogShaderCompilers: Display: Shaders left to compile 1521
[2018.09.21-18.05.14:672][ 66]LogShaderCompilers: Display: Shaders left to compile 1511
[2018.09.21-18.05.16:542][167]LogShaderCompilers: Display: Shaders left to compile 1501
[2018.09.21-18.05.17:732][231]LogShaderCompilers: Display: Shaders left to compile 1491
[2018.09.21-18.05.17:896][239]LogShaderCompilers: Display: Shaders left to compile 1481
[2018.09.21-18.05.18:868][293]LogShaderCompilers: Display: Shaders left to compile 1471
[2018.09.21-18.05.20:404][379]LogShaderCompilers: Display: Shaders left to compile 1461
[2018.09.21-18.05.21:942][464]LogShaderCompilers: Display: Shaders left to compile 1451
[2018.09.21-18.05.22:228][479]LogShaderCompilers: Display: Shaders left to compile 1441
[2018.09.21-18.05.23:292][534]LogShaderCompilers: Display: Shaders left to compile 1431
[2018.09.21-18.05.23:396][540]LogShaderCompilers: Display: Shaders left to compile 1421
[2018.09.21-18.05.26:555][715]LogShaderCompilers: Display: Shaders left to compile 1411
[2018.09.21-18.05.28:049][795]LogShaderCompilers: Display: Shaders left to compile 1401
[2018.09.21-18.05.28:505][819]LogShaderCompilers: Display: Shaders left to compile 1391
[2018.09.21-18.05.29:426][865]LogShaderCompilers: Display: Shaders left to compile 1381
[2018.09.21-18.05.30:603][928]LogShaderCompilers: Display: Shaders left to compile 1371
[2018.09.21-18.05.31:678][988]LogShaderCompilers: Display: Shaders left to compile 1361
[2018.09.21-18.05.35:269][185]LogShaderCompilers: Display: Shaders left to compile 1351
[2018.09.21-18.05.35:476][197]LogShaderCompilers: Display: Shaders left to compile 1341
[2018.09.21-18.05.36:309][240]LogShaderCompilers: Display: Shaders left to compile 1331
[2018.09.21-18.05.36:900][270]LogShaderCompilers: Display: Shaders left to compile 1321
[2018.09.21-18.05.39:940][433]LogShaderCompilers: Display: Shaders left to compile 1311
[2018.09.21-18.05.41:455][515]LogShaderCompilers: Display: Shaders left to compile 1301
[2018.09.21-18.05.42:376][565]LogShaderCompilers: Display: Shaders left to compile 1291
[2018.09.21-18.05.43:715][634]LogShaderCompilers: Display: Shaders left to compile 1281
[2018.09.21-18.05.45:552][730]LogShaderCompilers: Display: Shaders left to compile 1271
[2018.09.21-18.05.47:023][806]LogShaderCompilers: Display: Shaders left to compile 1261
[2018.09.21-18.05.47:153][813]LogShaderCompilers: Display: Shaders left to compile 1251
[2018.09.21-18.05.49:965][951]LogShaderCompilers: Display: Shaders left to compile 1241
[2018.09.21-18.05.50:832][994]LogShaderCompilers: Display: Shaders left to compile 1231
[2018.09.21-18.05.51:419][ 22]LogShaderCompilers: Display: Shaders left to compile 1221
[2018.09.21-18.05.53:619][129]LogShaderCompilers: Display: Shaders left to compile 1211
[2018.09.21-18.05.55:241][212]LogShaderCompilers: Display: Shaders left to compile 1201
[2018.09.21-18.05.56:759][289]LogShaderCompilers: Display: Shaders left to compile 1191
[2018.09.21-18.05.56:845][294]LogShaderCompilers: Display: Shaders left to compile 1181
[2018.09.21-18.05.58:832][390]LogShaderCompilers: Display: Shaders left to compile 1171
[2018.09.21-18.05.59:142][404]LogShaderCompilers: Display: Shaders left to compile 1161
[2018.09.21-18.06.02:234][554]LogShaderCompilers: Display: Shaders left to compile 1151
[2018.09.21-18.06.02:874][586]LogShaderCompilers: Display: Shaders left to compile 1141
[2018.09.21-18.06.03:411][612]LogShaderCompilers: Display: Shaders left to compile 1131
[2018.09.21-18.06.04:677][670]LogShaderCompilers: Display: Shaders left to compile 1121
[2018.09.21-18.06.06:329][755]LogShaderCompilers: Display: Shaders left to compile 1111
[2018.09.21-18.06.07:922][832]LogShaderCompilers: Display: Shaders left to compile 1101
[2018.09.21-18.06.08:142][843]LogShaderCompilers: Display: Shaders left to compile 1091
[2018.09.21-18.06.10:191][946]LogShaderCompilers: Display: Shaders left to compile 1081
[2018.09.21-18.06.11:576][ 17]LogShaderCompilers: Display: Shaders left to compile 1071
[2018.09.21-18.06.12:520][ 67]LogShaderCompilers: Display: Shaders left to compile 1061
[2018.09.21-18.06.13:831][140]LogShaderCompilers: Display: Shaders left to compile 1051
[2018.09.21-18.06.13:983][148]LogShaderCompilers: Display: Shaders left to compile 1041
[2018.09.21-18.06.15:123][206]LogShaderCompilers: Display: Shaders left to compile 1031
[2018.09.21-18.06.18:724][397]LogShaderCompilers: Display: Shaders left to compile 1021
[2018.09.21-18.06.18:938][407]LogShaderCompilers: Display: Shaders left to compile 1011
[2018.09.21-18.06.19:877][461]LogShaderCompilers: Display: Shaders left to compile 1001
[2018.09.21-18.06.21:440][547]LogShaderCompilers: Display: Shaders left to compile 991
[2018.09.21-18.06.22:405][600]LogShaderCompilers: Display: Shaders left to compile 981
[2018.09.21-18.06.22:760][618]LogShaderCompilers: Display: Shaders left to compile 971
[2018.09.21-18.06.26:026][796]LogShaderCompilers: Display: Shaders left to compile 961
[2018.09.21-18.06.26:684][833]LogShaderCompilers: Display: Shaders left to compile 951
[2018.09.21-18.06.27:530][880]LogShaderCompilers: Display: Shaders left to compile 941
[2018.09.21-18.06.28:883][954]LogShaderCompilers: Display: Shaders left to compile 931
[2018.09.21-18.06.29:445][984]LogShaderCompilers: Display: Shaders left to compile 921
[2018.09.21-18.06.32:379][145]LogShaderCompilers: Display: Shaders left to compile 911
[2018.09.21-18.06.33:073][185]LogShaderCompilers: Display: Shaders left to compile 901
[2018.09.21-18.06.34:850][282]LogShaderCompilers: Display: Shaders left to compile 891
[2018.09.21-18.06.35:085][295]LogShaderCompilers: Display: Shaders left to compile 881
[2018.09.21-18.06.35:973][334]LogShaderCompilers: Display: Shaders left to compile 871
[2018.09.21-18.06.37:040][395]LogShaderCompilers: Display: Shaders left to compile 861
[2018.09.21-18.06.39:421][527]LogShaderCompilers: Display: Shaders left to compile 851
[2018.09.21-18.06.39:607][538]LogShaderCompilers: Display: Shaders left to compile 841
[2018.09.21-18.06.40:101][566]LogShaderCompilers: Display: Shaders left to compile 831
[2018.09.21-18.06.41:251][629]LogShaderCompilers: Display: Shaders left to compile 821
[2018.09.21-18.06.42:905][721]LogShaderCompilers: Display: Shaders left to compile 811
[2018.09.21-18.06.43:572][758]LogShaderCompilers: Display: Shaders left to compile 801
[2018.09.21-18.06.45:446][853]LogShaderCompilers: Display: Shaders left to compile 791
[2018.09.21-18.06.47:469][963]LogShaderCompilers: Display: Shaders left to compile 781
[2018.09.21-18.06.48:707][ 30]LogShaderCompilers: Display: Shaders left to compile 771
[2018.09.21-18.06.48:942][ 44]LogShaderCompilers: Display: Shaders left to compile 761
[2018.09.21-18.06.49:827][ 93]LogShaderCompilers: Display: Shaders left to compile 751
[2018.09.21-18.06.52:220][226]LogShaderCompilers: Display: Shaders left to compile 741
[2018.09.21-18.06.52:319][231]LogShaderCompilers: Display: Shaders left to compile 731
[2018.09.21-18.06.53:123][273]LogShaderCompilers: Display: Shaders left to compile 721
[2018.09.21-18.06.54:132][327]LogShaderCompilers: Display: Shaders left to compile 711
[2018.09.21-18.06.56:824][477]LogShaderCompilers: Display: Shaders left to compile 701
[2018.09.21-18.06.57:239][501]LogShaderCompilers: Display: Shaders left to compile 691
[2018.09.21-18.06.57:275][503]LogShaderCompilers: Display: Shaders left to compile 681
[2018.09.21-18.06.58:945][591]LogShaderCompilers: Display: Shaders left to compile 671
[2018.09.21-18.07.00:857][691]LogShaderCompilers: Display: Shaders left to compile 661
[2018.09.21-18.07.00:901][693]LogShaderCompilers: Display: Shaders left to compile 651
[2018.09.21-18.07.03:721][843]LogShaderCompilers: Display: Shaders left to compile 641
[2018.09.21-18.07.04:528][884]LogShaderCompilers: Display: Shaders left to compile 631
[2018.09.21-18.07.06:618][990]LogShaderCompilers: Display: Shaders left to compile 621
[2018.09.21-18.07.07:986][ 56]LogShaderCompilers: Display: Shaders left to compile 611
[2018.09.21-18.07.08:577][ 86]LogShaderCompilers: Display: Shaders left to compile 601
[2018.09.21-18.07.11:556][237]LogShaderCompilers: Display: Shaders left to compile 591
[2018.09.21-18.07.12:446][282]LogShaderCompilers: Display: Shaders left to compile 581
[2018.09.21-18.07.14:121][367]LogShaderCompilers: Display: Shaders left to compile 571
[2018.09.21-18.07.14:756][401]LogShaderCompilers: Display: Shaders left to compile 561
[2018.09.21-18.07.15:703][449]LogShaderCompilers: Display: Shaders left to compile 551
[2018.09.21-18.07.18:660][597]LogShaderCompilers: Display: Shaders left to compile 541
[2018.09.21-18.07.19:790][652]LogShaderCompilers: Display: Shaders left to compile 531
[2018.09.21-18.07.20:695][693]LogShaderCompilers: Display: Shaders left to compile 521
[2018.09.21-18.07.21:122][715]LogShaderCompilers: Display: Shaders left to compile 511
[2018.09.21-18.07.23:453][832]LogShaderCompilers: Display: Shaders left to compile 501
[2018.09.21-18.07.25:399][932]LogShaderCompilers: Display: Shaders left to compile 491
[2018.09.21-18.07.25:466][935]LogShaderCompilers: Display: Shaders left to compile 481
[2018.09.21-18.07.25:800][950]LogShaderCompilers: Display: Shaders left to compile 471
[2018.09.21-18.07.28:748][ 99]LogShaderCompilers: Display: Shaders left to compile 461
[2018.09.21-18.07.29:045][116]LogShaderCompilers: Display: Shaders left to compile 451
[2018.09.21-18.07.30:131][172]LogShaderCompilers: Display: Shaders left to compile 441
[2018.09.21-18.07.30:533][194]LogShaderCompilers: Display: Shaders left to compile 431
[2018.09.21-18.07.33:572][353]LogShaderCompilers: Display: Shaders left to compile 421
[2018.09.21-18.07.34:911][423]LogShaderCompilers: Display: Shaders left to compile 411
[2018.09.21-18.07.35:393][450]LogShaderCompilers: Display: Shaders left to compile 401
[2018.09.21-18.07.36:698][522]LogShaderCompilers: Display: Shaders left to compile 391
[2018.09.21-18.07.37:489][565]LogShaderCompilers: Display: Shaders left to compile 381
[2018.09.21-18.07.39:061][646]LogShaderCompilers: Display: Shaders left to compile 371
[2018.09.21-18.07.40:784][742]LogShaderCompilers: Display: Shaders left to compile 361
[2018.09.21-18.07.40:918][750]LogShaderCompilers: Display: Shaders left to compile 351
[2018.09.21-18.07.42:180][816]LogShaderCompilers: Display: Shaders left to compile 341
[2018.09.21-18.07.44:812][951]LogShaderCompilers: Display: Shaders left to compile 331
[2018.09.21-18.07.45:841][  5]LogShaderCompilers: Display: Shaders left to compile 321
[2018.09.21-18.07.48:088][124]LogShaderCompilers: Display: Shaders left to compile 311
[2018.09.21-18.07.49:377][190]LogShaderCompilers: Display: Shaders left to compile 301
[2018.09.21-18.07.49:432][193]LogShaderCompilers: Display: Shaders left to compile 291
[2018.09.21-18.07.52:917][374]LogShaderCompilers: Display: Shaders left to compile 281
[2018.09.21-18.07.53:307][394]LogShaderCompilers: Display: Shaders left to compile 271
[2018.09.21-18.07.54:286][445]LogShaderCompilers: Display: Shaders left to compile 261
[2018.09.21-18.07.56:585][568]LogShaderCompilers: Display: Shaders left to compile 251
[2018.09.21-18.07.56:878][583]LogShaderCompilers: Display: Shaders left to compile 241
[2018.09.21-18.07.58:330][655]LogShaderCompilers: Display: Shaders left to compile 231
[2018.09.21-18.08.00:390][749]LogShaderCompilers: Display: Shaders left to compile 221
[2018.09.21-18.08.02:236][812]LogShaderCompilers: Display: Shaders left to compile 211
[2018.09.21-18.08.02:945][842]LogShaderCompilers: Display: Shaders left to compile 201
[2018.09.21-18.08.04:960][942]LogShaderCompilers: Display: Shaders left to compile 191
[2018.09.21-18.08.06:241][  3]LogShaderCompilers: Display: Shaders left to compile 181
[2018.09.21-18.08.06:325][  7]LogShaderCompilers: Display: Shaders left to compile 171
[2018.09.21-18.08.09:179][142]LogShaderCompilers: Display: Shaders left to compile 161
[2018.09.21-18.08.10:259][186]LogShaderCompilers: Display: Shaders left to compile 151
[2018.09.21-18.08.10:892][215]LogShaderCompilers: Display: Shaders left to compile 141
[2018.09.21-18.08.11:575][244]LogShaderCompilers: Display: Shaders left to compile 131
[2018.09.21-18.08.14:003][367]LogShaderCompilers: Display: Shaders left to compile 121
[2018.09.21-18.08.14:828][408]LogShaderCompilers: Display: Shaders left to compile 111
[2018.09.21-18.08.15:563][445]LogShaderCompilers: Display: Shaders left to compile 101
[2018.09.21-18.08.16:202][478]LogShaderCompilers: Display: Shaders left to compile 91
[2018.09.21-18.08.18:519][601]LogShaderCompilers: Display: Shaders left to compile 81
[2018.09.21-18.08.18:916][622]LogShaderCompilers: Display: Shaders left to compile 71
[2018.09.21-18.08.19:634][660]LogShaderCompilers: Display: Shaders left to compile 61
[2018.09.21-18.08.20:321][698]LogShaderCompilers: Display: Shaders left to compile 51
[2018.09.21-18.08.22:711][825]LogShaderCompilers: Display: Shaders left to compile 41
[2018.09.21-18.08.22:952][837]LogShaderCompilers: Display: Shaders left to compile 31
[2018.09.21-18.08.25:002][941]LogShaderCompilers: Display: Shaders left to compile 21
[2018.09.21-18.08.25:906][990]LogShaderCompilers: Display: Shaders left to compile 11
[2018.09.21-18.08.27:160][ 55]LogShaderCompilers: Display: Shaders left to compile 1
[2018.09.21-18.08.34:891][267]LogInit: XAudio2 using 'Speakers (3- BEHRINGER UMC204HD 192k)' : 2 channels at 48 kHz using 32 bits per sample (channel mask 0x3)
[2018.09.21-18.09.37:642][455]LogInit: XAudio2 using 'Speakers (3- BEHRINGER UMC204HD 192k)' : 2 channels at 48 kHz using 32 bits per sample (channel mask 0x3)
[2018.09.21-18.09.48:000][486]LogInit: XAudio2 using 'Speakers (3- BEHRINGER UMC204HD 192k)' : 2 channels at 48 kHz using 32 bits per sample (channel mask 0x3)
[2018.09.21-23.43.21:999][375]LogSlate: FSceneViewport::OnFocusLost() reason 0
[2018.09.21-23.43.22:515][375]LogSlate: Window 'Session Frontend' being destroyed
[2018.09.21-23.43.22:721][375]LogSlate: Window 'VirtualUP - Unreal Editor' being destroyed
[2018.09.21-23.43.22:722][375]LogWindowsTextInputMethodSystem: Display: IME system now deactivated.
[2018.09.21-23.43.23:890][376]Cmd: QUIT_EDITOR
[2018.09.21-23.43.24:588][376]LogExit: Preparing to exit.
[2018.09.21-23.43.26:695][376]LogExit: Editor shut down
[2018.09.21-23.43.26:696][376]LogExit: Transaction tracking system shut down
[2018.09.21-23.43.33:395][376]LogExit: Object subsystem successfully closed.
[2018.09.21-23.43.33:742][376]LogShaderCompilers: Display: Shaders left to compile 0
[2018.09.21-23.43.33:840][376]LogD3D11RHI: Shutdown
[2018.09.21-23.43.33:840][376]LogD3D11RHI: CleanupD3DDevice
