Log file open, 03/25/19 23:36:35
LogWindows: Failed to load 'aqProf.dll' (GetLastError=126)
LogWindows: File 'aqProf.dll' does not exist
LogWindows: Failed to load 'VSPerf140.dll' (GetLastError=126)
LogWindows: File 'VSPerf140.dll' does not exist
LogWindows: Failed to load 'VtuneApi.dll' (GetLastError=126)
LogWindows: File 'VtuneApi.dll' does not exist
LogWindows: Failed to load 'VtuneApi32e.dll' (GetLastError=126)
LogWindows: File 'VtuneApi32e.dll' does not exist
LogInit: Display: Running engine for game: VirtualUP
LogPlatformFile: Not using cached read wrapper
LogTaskGraph: Started task graph with 5 named threads and 14 total threads with 3 sets of task threads.
LogStats: Stats thread started at 0.198819
LogD3D11RHI: Loaded GFSDK_Aftermath_Lib.x64.dll
LogICUInternationalization: Display: ICU TimeZone Detection - Raw Offset: -8:00, Platform Override: ''
LogPluginManager: Mounting plugin Paper2D
LogPluginManager: Mounting plugin AISupport
LogPluginManager: Mounting plugin LightPropagationVolume
LogPluginManager: Mounting plugin CLionSourceCodeAccess
LogPluginManager: Mounting plugin CodeLiteSourceCodeAccess
LogPluginManager: Mounting plugin GitSourceControl
LogPluginManager: Mounting plugin KDevelopSourceCodeAccess
LogPluginManager: Mounting plugin NullSourceCodeAccess
LogPluginManager: Mounting plugin PerforceSourceControl
LogPluginManager: Mounting plugin SubversionSourceControl
LogPluginManager: Mounting plugin UObjectPlugin
LogPluginManager: Mounting plugin VisualStudioCodeSourceCodeAccess
LogPluginManager: Mounting plugin VisualStudioSourceCodeAccess
LogPluginManager: Mounting plugin XCodeSourceCodeAccess
LogPluginManager: Mounting plugin AssetManagerEditor
LogPluginManager: Mounting plugin CryptoKeys
LogPluginManager: Mounting plugin DataValidation
LogPluginManager: Mounting plugin FacialAnimation
LogPluginManager: Mounting plugin GameplayTagsEditor
LogPluginManager: Mounting plugin MacGraphicsSwitching
LogPluginManager: Mounting plugin MeshEditor
LogPluginManager: Mounting plugin MobileLauncherProfileWizard
LogPluginManager: Mounting plugin PluginBrowser
LogPluginManager: Mounting plugin SpeedTreeImporter
LogPluginManager: Mounting plugin DatasmithContent
LogPluginManager: Mounting plugin AlembicImporter
LogPluginManager: Mounting plugin AppleImageUtils
LogPluginManager: Mounting plugin AppleVision
LogPluginManager: Mounting plugin BackChannel
LogPluginManager: Mounting plugin CharacterAI
LogPluginManager: Mounting plugin GeometryCache
LogPluginManager: Mounting plugin HTML5Networking
LogPluginManager: Mounting plugin ProxyLODPlugin
LogPluginManager: Mounting plugin MagicLeap
LogPluginManager: Mounting plugin MagicLeapEmulator
LogPluginManager: Mounting plugin MagicLeapMedia
LogPluginManager: Mounting plugin AndroidMedia
LogPluginManager: Mounting plugin AvfMedia
LogPluginManager: Mounting plugin ImgMedia
LogPluginManager: Mounting plugin LinearTimecode
LogPluginManager: Mounting plugin MediaCompositing
LogPluginManager: Mounting plugin MediaPlayerEditor
LogPluginManager: Mounting plugin WmfMedia
LogPluginManager: Mounting plugin TcpMessaging
LogPluginManager: Mounting plugin UdpMessaging
LogPluginManager: Mounting plugin ActorSequence
LogPluginManager: Mounting plugin LevelSequenceEditor
LogPluginManager: Mounting plugin MatineeToLevelSequence
LogPluginManager: Mounting plugin NetcodeUnitTest
LogPluginManager: Mounting plugin NUTUnrealEngine4
LogPluginManager: Mounting plugin OnlineSubsystemGooglePlay
LogPluginManager: Mounting plugin OnlineSubsystemIOS
LogPluginManager: Mounting plugin OnlineSubsystem
LogPluginManager: Mounting plugin OnlineSubsystemNull
LogPluginManager: Mounting plugin OnlineSubsystemUtils
LogPluginManager: Mounting plugin LauncherChunkInstaller
LogPluginManager: Mounting plugin AndroidDeviceProfileSelector
LogPluginManager: Mounting plugin AndroidMoviePlayer
LogPluginManager: Mounting plugin AndroidPermission
LogPluginManager: Mounting plugin ApexDestruction
LogPluginManager: Mounting plugin AppleMoviePlayer
LogPluginManager: Mounting plugin ArchVisCharacter
LogPluginManager: Mounting plugin AudioCapture
LogPluginManager: Mounting plugin CableComponent
LogPluginManager: Mounting plugin CustomMeshComponent
LogPluginManager: Mounting plugin EditableMesh
LogPluginManager: Mounting plugin ExampleDeviceProfileSelector
LogPluginManager: Mounting plugin GoogleCloudMessaging
LogPluginManager: Mounting plugin ImmediatePhysics
LogPluginManager: Mounting plugin IOSDeviceProfileSelector
LogPluginManager: Mounting plugin LinuxDeviceProfileSelector
LogPluginManager: Mounting plugin LocationServicesBPLibrary
LogPluginManager: Mounting plugin MobilePatchingUtils
LogPluginManager: Mounting plugin OculusVR
LogPluginManager: Plugin shader directory ../../../Engine/Plugins/Runtime/Oculus/OculusVR/Shaders found
LogPluginManager: Mapping shader source directory ../../../Engine/Plugins/Runtime/Oculus/OculusVR/Shaders to virtual directory /Plugin/OculusVR
LogPluginManager: Mounting plugin PhysXVehicles
LogPluginManager: Mounting plugin ProceduralMeshComponent
LogPluginManager: Mounting plugin RuntimePhysXCooking
LogPluginManager: Mounting plugin SteamVR
LogPluginManager: Mounting plugin WindowsMoviePlayer
LogPluginManager: Mounting plugin FbxAutomationTestBuilder
LogPluginManager: Mounting plugin FunctionalTestingEditor
LogStreaming: Display: Took  0.049s to configure plugins.
LogInit: Using libcurl 7.55.1-DEV
LogInit:  - built for x86_64-pc-win32
LogInit:  - supports SSL with OpenSSL/1.0.2h
LogInit:  - supports HTTP deflate (compression) using libz 1.2.8
LogInit:  - other features:
LogInit:      CURL_VERSION_SSL
LogInit:      CURL_VERSION_LIBZ
LogInit:      CURL_VERSION_IPV6
LogInit:      CURL_VERSION_ASYNCHDNS
LogInit:      CURL_VERSION_LARGEFILE
LogInit:      CURL_VERSION_IDN
LogInit:  CurlRequestOptions (configurable via config and command line):
LogInit:  - bVerifyPeer = false  - Libcurl will NOT verify peer certificate
LogInit:  - bUseHttpProxy = false  - Libcurl will NOT use HTTP proxy
LogInit:  - bDontReuseConnections = false  - Libcurl will reuse connections
LogInit:  - CertBundlePath = nullptr  - Libcurl will use whatever was configured at build time.
LogInit:  - MaxHostConnections = 16  - Libcurl will limit the number of connections to a host
LogInit:  - LocalHostAddr = Default
LogInit:  - BufferSize = 65536
LogInit: WinSock: version 1.1 (2.2), MaxSocks=32767, MaxUdp=65467
LogInit: Build: ++UE4+Release-4.20-CL-4302132
LogInit: Engine Version: 4.20.2-4302132+++UE4+Release-4.20
LogInit: Compatible Engine Version: 4.20.0-4212847+++UE4+Release-4.20
LogInit: Net CL: 4212847
LogInit: OS: Windows 10 (), CPU: Intel(R) Core(TM) i5-7600K CPU @ 3.80GHz, GPU: NVIDIA GeForce GTX 1080
LogInit: Compiled (64-bit): Aug 21 2018 02:06:06
LogInit: Compiled with Visual C++: 19.13.26129.00
LogInit: Build Configuration: Development
LogInit: Branch Name: ++UE4+Release-4.20
LogInit: Command Line:  /Game/Levels/ShileyHall_Matterport_Level -game -PIEVIACONSOLE -ResX=1280 -ResY=720  -Multiprocess -messaging -SessionName="Play in Standalone Game" -windowed 
LogInit: Base Directory: C:/UE_4.20/Engine/Binaries/Win64/
LogInit: Installed Engine Build: 1
LogDevObjectVersion: Number of dev versions registered: 20
LogDevObjectVersion:   Dev-Blueprints (B0D832E4-1F89-4F0D-ACCF-7EB736FD4AA2): 10
LogDevObjectVersion:   Dev-Build (E1C64328-A22C-4D53-A36C-8E866417BD8C): 0
LogDevObjectVersion:   Dev-Core (375EC13C-06E4-48FB-B500-84F0262A717E): 2
LogDevObjectVersion:   Dev-Editor (E4B068ED-F494-42E9-A231-DA0B2E46BB41): 24
LogDevObjectVersion:   Dev-Framework (CFFC743F-43B0-4480-9391-14DF171D2073): 34
LogDevObjectVersion:   Dev-Mobile (B02B49B5-BB20-44E9-A304-32B752E40360): 2
LogDevObjectVersion:   Dev-Networking (A4E4105C-59A1-49B5-A7C5-40C4547EDFEE): 0
LogDevObjectVersion:   Dev-Online (39C831C9-5AE6-47DC-9A44-9C173E1C8E7C): 0
LogDevObjectVersion:   Dev-Physics (78F01B33-EBEA-4F98-B9B4-84EACCB95AA2): 0
LogDevObjectVersion:   Dev-Platform (6631380F-2D4D-43E0-8009-CF276956A95A): 0
LogDevObjectVersion:   Dev-Rendering (12F88B9F-8875-4AFC-A67C-D90C383ABD29): 26
LogDevObjectVersion:   Dev-Sequencer (7B5AE74C-D270-4C10-A958-57980B212A5A): 9
LogDevObjectVersion:   Dev-VR (D7296918-1DD6-4BDD-9DE2-64A83CC13884): 2
LogDevObjectVersion:   Dev-LoadTimes (C2A15278-BFE7-4AFE-6C17-90FF531DF755): 1
LogDevObjectVersion:   Private-Geometry (6EACA3D4-40EC-4CC1-B786-8BED09428FC5): 3
LogDevObjectVersion:   Dev-AnimPhys (29E575DD-E0A3-4627-9D10-D276232CDCEA): 17
LogDevObjectVersion:   Dev-ReflectionCapture (6B266CEC-1EC7-4B8F-A30B-E4D90942FC07): 1
LogDevObjectVersion:   Dev-Automation (0DF73D61-A23F-47EA-B727-89E90C41499A): 1
LogDevObjectVersion:   FortniteMain (601D1886-AC64-4F84-AA16-D3DE0DEAC7D6): 12
LogDevObjectVersion:   Dev-Enterprise (9DFFBCD6-494F-0158-E221-12823C92A888): 1
LogStreaming: Display: Took  0.001s to delete old logs.
LogInit: Presizing for max 8388607 objects, including 0 objects not considered by GC, pre-allocating 0 bytes for permanent pool.
LogInit: Object subsystem initialized
[2019.03.26-06.36.35:965][  0]LogInit: Selected Device Profile: [Windows]
[2019.03.26-06.36.35:965][  0]LogInit: Applying CVar settings loaded from the selected device profile: [Windows]
[2019.03.26-06.36.35:969][  0]LogHAL: Display: Platform has ~ 16 GB [17139462144 / 17179869184 / 16], which maps to Larger [LargestMinGB=32, LargerMinGB=12, DefaultMinGB=8, SmallerMinGB=6, SmallestMinGB=0)
[2019.03.26-06.36.35:969][  0]LogInit: Setting Device Profile CVar: [[r.Vulkan.UseRealUBs:1]]
[2019.03.26-06.36.35:969][  0]LogInit: Going up to parent DeviceProfile []
[2019.03.26-06.36.35:969][  0]LogInit: Computer: DESKTOP-KINSOES
[2019.03.26-06.36.35:969][  0]LogInit: User: ripple19
[2019.03.26-06.36.35:969][  0]LogInit: CPU Page size=4096, Cores=4
[2019.03.26-06.36.35:969][  0]LogInit: High frequency timer resolution =3.703128 MHz
[2019.03.26-06.36.35:969][  0]LogMemory: Memory total: Physical=16.0GB (16GB approx)
[2019.03.26-06.36.35:969][  0]LogMemory: Platform Memory Stats for Windows
[2019.03.26-06.36.35:969][  0]LogMemory: Process Physical Memory: 101.00 MB used, 101.00 MB peak
[2019.03.26-06.36.35:969][  0]LogMemory: Process Virtual Memory: 96.37 MB used, 96.37 MB peak
[2019.03.26-06.36.35:969][  0]LogMemory: Physical Memory: 10581.27 MB used,  5764.20 MB free, 16345.46 MB total
[2019.03.26-06.36.35:969][  0]LogMemory: Virtual Memory: 4632.57 MB used,  5764.20 MB free, 134217728.00 MB total
[2019.03.26-06.36.35:988][  0]LogInit: Using OS detected language (en-US).
[2019.03.26-06.36.35:988][  0]LogInit: Using OS detected locale (en-US).
[2019.03.26-06.36.35:989][  0]LogTextLocalizationManager: No specific localization for 'en-US' exists, so the 'en' localization will be used.
[2019.03.26-06.36.36:382][  0]LogStreaming: Display: Took  0.394s to InitEngineTextLocalization.
[2019.03.26-06.36.36:404][  0]LogSlate: New Slate User Created.  User Index 0, Is Virtual User: 0
[2019.03.26-06.36.36:405][  0]LogSlate: Slate User Registered.  User Index 0, Is Virtual User: 0
[2019.03.26-06.36.36:413][  0]LogHMD: Failed to initialize OpenVR with code 110
[2019.03.26-06.36.36:414][  0]LogD3D11RHI: D3D11 adapters:
[2019.03.26-06.36.36:461][  0]LogD3D11RHI:    0. 'NVIDIA GeForce GTX 1080' (Feature Level 11_0)
[2019.03.26-06.36.36:461][  0]LogD3D11RHI:       8079/0/8172 MB DedicatedVideo/DedicatedSystem/SharedSystem, Outputs:2, VendorId:0x10de
[2019.03.26-06.36.36:463][  0]LogD3D11RHI:    1. 'Microsoft Basic Render Driver' (Feature Level 11_0)
[2019.03.26-06.36.36:463][  0]LogD3D11RHI:       0/0/8172 MB DedicatedVideo/DedicatedSystem/SharedSystem, Outputs:0, VendorId:0x1414
[2019.03.26-06.36.36:463][  0]LogD3D11RHI: Chosen D3D11 Adapter: 0
[2019.03.26-06.36.36:469][  0]LogD3D11RHI: Creating new Direct3DDevice
[2019.03.26-06.36.36:469][  0]LogD3D11RHI:     GPU DeviceId: 0x1b80 (for the marketing name, search the web for "GPU Device Id")
[2019.03.26-06.36.36:469][  0]LogWindows: EnumDisplayDevices:
[2019.03.26-06.36.36:469][  0]LogWindows:    0. 'NVIDIA GeForce GTX 1080' (P:1 D:1)
[2019.03.26-06.36.36:469][  0]LogWindows:    1. 'NVIDIA GeForce GTX 1080' (P:0 D:1)
[2019.03.26-06.36.36:469][  0]LogWindows:    2. 'NVIDIA GeForce GTX 1080' (P:0 D:0)
[2019.03.26-06.36.36:470][  0]LogWindows:    3. 'NVIDIA GeForce GTX 1080' (P:0 D:0)
[2019.03.26-06.36.36:470][  0]LogWindows: DebugString: FoundDriverCount:4 
[2019.03.26-06.36.36:470][  0]LogD3D11RHI:     Adapter Name: NVIDIA GeForce GTX 1080
[2019.03.26-06.36.36:470][  0]LogD3D11RHI:   Driver Version: 398.36 (internal:24.21.13.9836, unified:398.36)
[2019.03.26-06.36.36:470][  0]LogD3D11RHI:      Driver Date: 6-24-2018
[2019.03.26-06.36.36:470][  0]LogRHI: Texture pool is 5655 MB (70% of 8079 MB)
[2019.03.26-06.36.36:500][  0]LogD3D11RHI: Async texture creation enabled
[2019.03.26-06.36.36:516][  0]LogD3D11RHI: GPU Timing Frequency: 1000.000000 (Debug: 2 2)
[2019.03.26-06.36.36:566][  0]LogShaderCompilers: Guid format shader working directory is 20 characters bigger than the processId version (D:/Unreal Projects/VirtualUP/Intermediate/Shaders/WorkingDirectory/12916/).
[2019.03.26-06.36.36:567][  0]LogShaderCompilers: Cleaned the shader compiler working directory 'C:/Users/ripple19/AppData/Local/Temp/UnrealShaderWorkingDir/D1F81D044E06DC77D56CA898F58383B6/'.
[2019.03.26-06.36.36:790][  0]LogTemp: Display: Loaded TP WindowsClientTargetPlatform
[2019.03.26-06.36.36:801][  0]LogTemp: Display: Loaded TP WindowsNoEditorTargetPlatform
[2019.03.26-06.36.36:812][  0]LogTemp: Display: Loaded TP WindowsServerTargetPlatform
[2019.03.26-06.36.36:818][  0]LogTemp: Display: Loaded TP WindowsTargetPlatform
[2019.03.26-06.36.36:818][  0]LogTargetPlatformManager: Display: Building Assets For Windows
[2019.03.26-06.36.36:868][  0]LogXGEController: Cannot use XGE Controller as Incredibuild is not installed on this machine.
[2019.03.26-06.36.36:868][  0]LogShaderCompilers: Cannot use XGE Shader Compiler as Incredibuild is not installed on this machine.
[2019.03.26-06.36.36:868][  0]LogShaderCompilers: Display: Using Local Shader Compiler.
[2019.03.26-06.36.37:510][  0]LogDerivedDataCache: Display: Max Cache Size: 512 MB
[2019.03.26-06.36.37:565][  0]LogDerivedDataCache: Loaded boot cache 0.05s 86MB C:/Users/ripple19/AppData/Local/UnrealEngine/4.20/DerivedDataCache/Boot.ddc.
[2019.03.26-06.36.37:565][  0]LogDerivedDataCache: Display: Loaded Boot cache: C:/Users/ripple19/AppData/Local/UnrealEngine/4.20/DerivedDataCache/Boot.ddc
[2019.03.26-06.36.37:565][  0]LogDerivedDataCache: FDerivedDataBackendGraph:  Pak pak cache file D:/Unreal Projects/VirtualUP/DerivedDataCache/DDC.ddp not found, will not use a pak cache.
[2019.03.26-06.36.37:565][  0]LogDerivedDataCache: Unable to find inner node Pak for hierarchical cache Hierarchy.
[2019.03.26-06.36.37:565][  0]LogDerivedDataCache: FDerivedDataBackendGraph:  CompressedPak pak cache file D:/Unreal Projects/VirtualUP/DerivedDataCache/Compressed.ddp not found, will not use a pak cache.
[2019.03.26-06.36.37:565][  0]LogDerivedDataCache: Unable to find inner node CompressedPak for hierarchical cache Hierarchy.
[2019.03.26-06.36.37:578][  0]LogDerivedDataCache: Display: Pak cache opened for reading ../../../Engine/DerivedDataCache/Compressed.ddp.
[2019.03.26-06.36.37:591][  0]LogDerivedDataCache: Using Local data cache path C:/Users/ripple19/AppData/Local/UnrealEngine/Common/DerivedDataCache: Writable
[2019.03.26-06.36.37:591][  0]LogDerivedDataCache: Shared data cache path not found in *engine.ini, will not use an Shared cache.
[2019.03.26-06.36.37:591][  0]LogDerivedDataCache: Unable to find inner node Shared for hierarchical cache Hierarchy.
[2019.03.26-06.36.37:607][  0]LogMaterial: Verifying Global Shaders for PCD3D_SM5
[2019.03.26-06.36.37:608][  0]LogSlate: Using FreeType 2.6.0
[2019.03.26-06.36.37:608][  0]LogSlate: SlateFontServices - WITH_FREETYPE: 1, WITH_HARFBUZZ: 1
[2019.03.26-06.36.37:644][  0]LogInit: Using OS detected language (en-US).
[2019.03.26-06.36.37:644][  0]LogInit: Using OS detected locale (en-US).
[2019.03.26-06.36.37:644][  0]LogTextLocalizationManager: No localization for 'en-US' exists, so 'en' will be used for the language.
[2019.03.26-06.36.37:644][  0]LogTextLocalizationManager: No localization for 'en-US' exists, so 'en' will be used for the locale.
[2019.03.26-06.36.37:896][  0]LogStreaming: Display: Took  0.252s to InitGameTextLocalization.
[2019.03.26-06.36.37:902][  0]LogAssetRegistry: FAssetRegistry took 0.0035 seconds to start up
[2019.03.26-06.36.38:073][  0]LogPackageLocalizationCache: Processed 11 localized package path(s) for 1 prioritized culture(s) in 0.015721 seconds
[2019.03.26-06.36.38:160][  0]LogInit: Selected Device Profile: [Windows]
[2019.03.26-06.36.38:267][  0]LogSimplygon: Simplygon DLL not present - disabling.
[2019.03.26-06.36.38:270][  0]LogMeshReduction: Using SimplygonSwarm for distributed automatic mesh merging
[2019.03.26-06.36.38:271][  0]LogMeshReduction: Using ProxyLODMeshReduction for automatic mesh merging
[2019.03.26-06.36.38:271][  0]LogMeshReduction: Using QuadricMeshReduction for automatic static mesh reduction
[2019.03.26-06.36.38:271][  0]LogMeshReduction: No automatic skeletal mesh reduction module available
[2019.03.26-06.36.38:284][  0]LogNetVersion: VirtualUP 1.0.0, NetCL: 4212847, EngineNetVer: 5, GameNetVer: 0 (Checksum: 1504370664)
[2019.03.26-06.36.38:698][  0]LogMoviePlayer: Initializing movie player
[2019.03.26-06.36.38:833][  0]LogTcpMessaging: Initializing TcpMessaging bridge
[2019.03.26-06.36.38:846][  0]LogUdpMessaging: Initializing bridge on interface 0.0.0.0:0 to multicast group 230.0.0.1:6666.
[2019.03.26-06.36.38:912][  0]LogCollectionManager: Loaded 0 collections in 0.001261 seconds
[2019.03.26-06.36.38:948][  0]LogFileCache: Scanning file cache for directory 'D:/Unreal Projects/VirtualUP/Saved/Collections/' took 0.01s
[2019.03.26-06.36.38:948][  0]LogFileCache: Scanning file cache for directory 'D:/Unreal Projects/VirtualUP/Content/Developers/ripple19/Collections/' took 0.01s
[2019.03.26-06.36.38:948][  0]LogFileCache: Scanning file cache for directory 'D:/Unreal Projects/VirtualUP/Content/Collections/' took 0.01s
[2019.03.26-06.36.38:948][  0]LogCollectionManager: Rebuilt the object cache for 0 collections in 0.000000 seconds (found 0 objects)
[2019.03.26-06.36.38:948][  0]LogCollectionManager: Fixed up redirectors for 0 collections in 0.000069 seconds (updated 0 objects)
[2019.03.26-06.36.38:974][  0]SourceControl: Source control is disabled
[2019.03.26-06.36.38:974][  0]SourceControl: Source control is disabled
[2019.03.26-06.36.38:975][  0]SourceControl: Source control is disabled
[2019.03.26-06.36.39:090][  0]LogAndroidPermission: UAndroidPermissionCallbackProxy::GetInstance
[2019.03.26-06.36.39:158][  0]LogOcInput: OculusInput pre-init called
[2019.03.26-06.36.39:165][  0]LogUObjectArray: 42301 objects as part of root set at end of initial load.
[2019.03.26-06.36.39:165][  0]LogUObjectAllocator: 7462280 out of 0 bytes used by permanent object pool.
[2019.03.26-06.36.39:165][  0]LogUObjectArray: CloseDisregardForGC: 0/0 objects in disregard for GC pool
[2019.03.26-06.36.39:212][  0]LogEngine: Initializing Engine...
[2019.03.26-06.36.39:214][  0]LogHMD: Failed to initialize OpenVR with code 110
[2019.03.26-06.36.39:226][  0]LogStats: UGameplayTagsManager::ConstructGameplayTagTree: ImportINI prefixes -  0.000 s
[2019.03.26-06.36.39:226][  0]LogStats: UGameplayTagsManager::ConstructGameplayTagTree: Construct from data asset -  0.000 s
[2019.03.26-06.36.39:226][  0]LogStats: UGameplayTagsManager::ConstructGameplayTagTree: ImportINI -  0.000 s
[2019.03.26-06.36.39:226][  0]LogStats: UGameplayTagsManager::ConstructGameplayTagTree: GameplayTagTreeChangedEvent.Broadcast -  0.000 s
[2019.03.26-06.36.39:373][  0]LogInit: Initializing FReadOnlyCVARCache
[2019.03.26-06.36.39:388][  0]LogInit: XAudio2 using 'Speakers (2- USB Audio Device)' : 2 channels at 48 kHz using 16 bits per sample (channel mask 0x3)
[2019.03.26-06.36.39:400][  0]LogInit: FAudioDevice initialized.
[2019.03.26-06.36.39:412][  0]LogNetVersion: Set ProjectVersion to 1.0.0.0. Version Checksum will be recalculated on next use.
[2019.03.26-06.36.39:420][  0]LogInit: Texture streaming: Enabled
[2019.03.26-06.36.39:581][  0]LogSlate: Updating window title bar state: overlay mode, drag disabled, window buttons hidden, title bar hidden
[2019.03.26-06.36.39:581][  0]LogInit: Display: Game Engine Initialized.
[2019.03.26-06.36.39:581][  0]LogGameplayTags: Display: UGameplayTagsManager::DoneAddingNativeTags. DelegateIsBound: 0
[2019.03.26-06.36.39:581][  0]LogStats: UGameplayTagsManager::ConstructGameplayTagTree: ImportINI prefixes -  0.000 s
[2019.03.26-06.36.39:581][  0]LogStats: UGameplayTagsManager::ConstructGameplayTagTree: Construct from data asset -  0.000 s
[2019.03.26-06.36.39:581][  0]LogStats: UGameplayTagsManager::ConstructGameplayTagTree: ImportINI -  0.000 s
[2019.03.26-06.36.39:581][  0]LogStats: UGameplayTagsManager::ConstructGameplayTagTree: GameplayTagTreeChangedEvent.Broadcast -  0.000 s
[2019.03.26-06.36.39:593][  0]LogInit: Display: Starting Game.
[2019.03.26-06.36.39:593][  0]LogNet: Browse: /Game/Levels/ShileyHall_Matterport_Level?Name=Player
[2019.03.26-06.36.39:593][  0]LogLoad: LoadMap: /Game/Levels/ShileyHall_Matterport_Level?Name=Player
[2019.03.26-06.36.43:867][  0]LogPhysics: Warning: Failed to cook TriMesh: /Game/ShileyHall_Matterport_obj_and_textures/99c48a26d12c4d62a48590d082b297e6_chunk602_group001_sub026.99c48a26d12c4d62a48590d082b297e6_chunk602_group001_sub026.
[2019.03.26-06.36.43:867][  0]LogPhysics: Warning: Attempt to build physics data for /Game/ShileyHall_Matterport_obj_and_textures/99c48a26d12c4d62a48590d082b297e6_chunk602_group001_sub026.99c48a26d12c4d62a48590d082b297e6_chunk602_group001_sub026:BodySetup_0 when we are unable to.
[2019.03.26-06.36.43:878][  0]LogPhysics: Warning: Failed to cook TriMesh: /Game/ShileyHall_Matterport_obj_and_textures/99c48a26d12c4d62a48590d082b297e6_chunk587_group001_sub009_filled001.99c48a26d12c4d62a48590d082b297e6_chunk587_group001_sub009_filled001.
[2019.03.26-06.36.43:878][  0]LogPhysics: Warning: Attempt to build physics data for /Game/ShileyHall_Matterport_obj_and_textures/99c48a26d12c4d62a48590d082b297e6_chunk587_group001_sub009_filled001.99c48a26d12c4d62a48590d082b297e6_chunk587_group001_sub009_filled001:BodySetup_0 when we are unable to.
[2019.03.26-06.36.43:894][  0]LogPhysics: Warning: PHYSX: (D:\Build\++UE4+Release-4.20+PhysX_Compile\Sync\Engine\Source\ThirdParty\PhysX3\PhysX_3.4\Source\PhysXCooking\src\convex\QuickHullConvexHullLib.cpp 937) eINTERNAL_ERROR : QuickHullConvexHullLib::findSimplex: Simplex input points appers to be coplanar.
[2019.03.26-06.36.43:894][  0]LogPhysics: Warning: PHYSX: (D:\Build\++UE4+Release-4.20+PhysX_Compile\Sync\Engine\Source\ThirdParty\PhysX3\PhysX_3.4\Source\PhysXCooking\src\convex\QuickHullConvexHullLib.cpp 937) eINTERNAL_ERROR : QuickHullConvexHullLib::findSimplex: Simplex input points appers to be coplanar.
[2019.03.26-06.36.43:894][  0]LogPhysics: Warning: Failed to cook convex: /Game/ShileyHall_Matterport_obj_and_textures/99c48a26d12c4d62a48590d082b297e6_chunk003_group001_sub024.99c48a26d12c4d62a48590d082b297e6_chunk003_group001_sub024 2 (FlipX:0). The remaining elements will not get cooked.
[2019.03.26-06.36.43:894][  0]LogPhysics: Warning: PHYSX: (D:\Build\++UE4+Release-4.20+PhysX_Compile\Sync\Engine\Source\ThirdParty\PhysX3\PhysX_3.4\Source\PhysXCooking\src\convex\QuickHullConvexHullLib.cpp 937) eINTERNAL_ERROR : QuickHullConvexHullLib::findSimplex: Simplex input points appers to be coplanar.
[2019.03.26-06.36.43:894][  0]LogPhysics: Warning: PHYSX: (D:\Build\++UE4+Release-4.20+PhysX_Compile\Sync\Engine\Source\ThirdParty\PhysX3\PhysX_3.4\Source\PhysXCooking\src\convex\QuickHullConvexHullLib.cpp 937) eINTERNAL_ERROR : QuickHullConvexHullLib::findSimplex: Simplex input points appers to be coplanar.
[2019.03.26-06.36.43:894][  0]LogPhysics: Warning: Failed to cook convex: /Game/ShileyHall_Matterport_obj_and_textures/99c48a26d12c4d62a48590d082b297e6_chunk003_group001_sub024.99c48a26d12c4d62a48590d082b297e6_chunk003_group001_sub024 2 (FlipX:1). The remaining elements will not get cooked.
[2019.03.26-06.36.43:894][  0]LogPhysics: Warning: Attempt to build physics data for /Game/ShileyHall_Matterport_obj_and_textures/99c48a26d12c4d62a48590d082b297e6_chunk003_group001_sub024.99c48a26d12c4d62a48590d082b297e6_chunk003_group001_sub024:BodySetup_0 when we are unable to.
[2019.03.26-06.36.43:920][  0]LogPhysics: Warning: Failed to cook TriMesh: /Game/ShileyHall_Matterport_obj_and_textures/99c48a26d12c4d62a48590d082b297e6_chunk740_group002_sub028.99c48a26d12c4d62a48590d082b297e6_chunk740_group002_sub028.
[2019.03.26-06.36.43:921][  0]LogPhysics: Warning: Attempt to build physics data for /Game/ShileyHall_Matterport_obj_and_textures/99c48a26d12c4d62a48590d082b297e6_chunk740_group002_sub028.99c48a26d12c4d62a48590d082b297e6_chunk740_group002_sub028:BodySetup_0 when we are unable to.
[2019.03.26-06.36.43:946][  0]LogPhysics: Warning: Failed to cook TriMesh: /Game/ShileyHall_Matterport_obj_and_textures/99c48a26d12c4d62a48590d082b297e6_chunk846_group001_sub009.99c48a26d12c4d62a48590d082b297e6_chunk846_group001_sub009.
[2019.03.26-06.36.43:946][  0]LogPhysics: Warning: Attempt to build physics data for /Game/ShileyHall_Matterport_obj_and_textures/99c48a26d12c4d62a48590d082b297e6_chunk846_group001_sub009.99c48a26d12c4d62a48590d082b297e6_chunk846_group001_sub009:BodySetup_0 when we are unable to.
[2019.03.26-06.36.43:970][  0]LogPhysics: Warning: Failed to cook TriMesh: /Game/ShileyHall_Matterport_obj_and_textures/99c48a26d12c4d62a48590d082b297e6_chunk872_group000_sub021_filled001.99c48a26d12c4d62a48590d082b297e6_chunk872_group000_sub021_filled001.
[2019.03.26-06.36.43:970][  0]LogPhysics: Warning: Attempt to build physics data for /Game/ShileyHall_Matterport_obj_and_textures/99c48a26d12c4d62a48590d082b297e6_chunk872_group000_sub021_filled001.99c48a26d12c4d62a48590d082b297e6_chunk872_group000_sub021_filled001:BodySetup_0 when we are unable to.
[2019.03.26-06.36.43:977][  0]LogPhysics: Warning: Failed to cook TriMesh: /Game/ShileyHall_Matterport_obj_and_textures/99c48a26d12c4d62a48590d082b297e6_chunk595_group000_sub002_filled001.99c48a26d12c4d62a48590d082b297e6_chunk595_group000_sub002_filled001.
[2019.03.26-06.36.43:977][  0]LogPhysics: Warning: Attempt to build physics data for /Game/ShileyHall_Matterport_obj_and_textures/99c48a26d12c4d62a48590d082b297e6_chunk595_group000_sub002_filled001.99c48a26d12c4d62a48590d082b297e6_chunk595_group000_sub002_filled001:BodySetup_0 when we are unable to.
[2019.03.26-06.36.43:978][  0]LogPhysics: Warning: Failed to cook TriMesh: /Game/ShileyHall_Matterport_obj_and_textures/99c48a26d12c4d62a48590d082b297e6_chunk592_group002_sub015_filled001.99c48a26d12c4d62a48590d082b297e6_chunk592_group002_sub015_filled001.
[2019.03.26-06.36.43:978][  0]LogPhysics: Warning: Attempt to build physics data for /Game/ShileyHall_Matterport_obj_and_textures/99c48a26d12c4d62a48590d082b297e6_chunk592_group002_sub015_filled001.99c48a26d12c4d62a48590d082b297e6_chunk592_group002_sub015_filled001:BodySetup_0 when we are unable to.
[2019.03.26-06.36.44:013][  0]LogPhysics: Warning: Failed to cook TriMesh: /Game/ShileyHall_Matterport_obj_and_textures/99c48a26d12c4d62a48590d082b297e6_window425_group001_sub009.99c48a26d12c4d62a48590d082b297e6_window425_group001_sub009.
[2019.03.26-06.36.44:013][  0]LogPhysics: Warning: Attempt to build physics data for /Game/ShileyHall_Matterport_obj_and_textures/99c48a26d12c4d62a48590d082b297e6_window425_group001_sub009.99c48a26d12c4d62a48590d082b297e6_window425_group001_sub009:BodySetup_0 when we are unable to.
[2019.03.26-06.36.44:600][  0]LogPhysics: Warning: Failed to cook TriMesh: /Game/ShileyHall_Matterport_obj_and_textures/99c48a26d12c4d62a48590d082b297e6_chunk111_group002_sub028_filled001.99c48a26d12c4d62a48590d082b297e6_chunk111_group002_sub028_filled001.
[2019.03.26-06.36.44:600][  0]LogPhysics: Warning: Attempt to build physics data for /Game/ShileyHall_Matterport_obj_and_textures/99c48a26d12c4d62a48590d082b297e6_chunk111_group002_sub028_filled001.99c48a26d12c4d62a48590d082b297e6_chunk111_group002_sub028_filled001:BodySetup_0 when we are unable to.
[2019.03.26-06.36.44:602][  0]LogPhysics: Warning: Failed to cook TriMesh: /Game/ShileyHall_Matterport_obj_and_textures/99c48a26d12c4d62a48590d082b297e6_chunk094_group000_sub005_filled001.99c48a26d12c4d62a48590d082b297e6_chunk094_group000_sub005_filled001.
[2019.03.26-06.36.44:602][  0]LogPhysics: Warning: Attempt to build physics data for /Game/ShileyHall_Matterport_obj_and_textures/99c48a26d12c4d62a48590d082b297e6_chunk094_group000_sub005_filled001.99c48a26d12c4d62a48590d082b297e6_chunk094_group000_sub005_filled001:BodySetup_0 when we are unable to.
[2019.03.26-06.36.44:614][  0]LogPhysics: Warning: PHYSX: (D:\Build\++UE4+Release-4.20+PhysX_Compile\Sync\Engine\Source\ThirdParty\PhysX3\PhysX_3.4\Source\PhysXCooking\src\convex\QuickHullConvexHullLib.cpp 937) eINTERNAL_ERROR : QuickHullConvexHullLib::findSimplex: Simplex input points appers to be coplanar.
[2019.03.26-06.36.44:614][  0]LogPhysics: Warning: PHYSX: (D:\Build\++UE4+Release-4.20+PhysX_Compile\Sync\Engine\Source\ThirdParty\PhysX3\PhysX_3.4\Source\PhysXCooking\src\convex\QuickHullConvexHullLib.cpp 937) eINTERNAL_ERROR : QuickHullConvexHullLib::findSimplex: Simplex input points appers to be coplanar.
[2019.03.26-06.36.44:614][  0]LogPhysics: Warning: Failed to cook convex: /Game/ShileyHall_Matterport_obj_and_textures/99c48a26d12c4d62a48590d082b297e6_chunk167_group000_sub002_filled001.99c48a26d12c4d62a48590d082b297e6_chunk167_group000_sub002_filled001 0 (FlipX:0). The remaining elements will not get cooked.
[2019.03.26-06.36.44:614][  0]LogPhysics: Warning: PHYSX: (D:\Build\++UE4+Release-4.20+PhysX_Compile\Sync\Engine\Source\ThirdParty\PhysX3\PhysX_3.4\Source\PhysXCooking\src\convex\QuickHullConvexHullLib.cpp 937) eINTERNAL_ERROR : QuickHullConvexHullLib::findSimplex: Simplex input points appers to be coplanar.
[2019.03.26-06.36.44:614][  0]LogPhysics: Warning: PHYSX: (D:\Build\++UE4+Release-4.20+PhysX_Compile\Sync\Engine\Source\ThirdParty\PhysX3\PhysX_3.4\Source\PhysXCooking\src\convex\QuickHullConvexHullLib.cpp 937) eINTERNAL_ERROR : QuickHullConvexHullLib::findSimplex: Simplex input points appers to be coplanar.
[2019.03.26-06.36.44:614][  0]LogPhysics: Warning: Failed to cook convex: /Game/ShileyHall_Matterport_obj_and_textures/99c48a26d12c4d62a48590d082b297e6_chunk167_group000_sub002_filled001.99c48a26d12c4d62a48590d082b297e6_chunk167_group000_sub002_filled001 0 (FlipX:1). The remaining elements will not get cooked.
[2019.03.26-06.36.44:614][  0]LogPhysics: Warning: Attempt to build physics data for /Game/ShileyHall_Matterport_obj_and_textures/99c48a26d12c4d62a48590d082b297e6_chunk167_group000_sub002_filled001.99c48a26d12c4d62a48590d082b297e6_chunk167_group000_sub002_filled001:BodySetup_0 when we are unable to.
[2019.03.26-06.36.44:614][  0]LogPhysics: Warning: Failed to cook TriMesh: /Game/ShileyHall_Matterport_obj_and_textures/99c48a26d12c4d62a48590d082b297e6_chunk164_group001_sub010_filled001.99c48a26d12c4d62a48590d082b297e6_chunk164_group001_sub010_filled001.
[2019.03.26-06.36.44:614][  0]LogPhysics: Warning: Attempt to build physics data for /Game/ShileyHall_Matterport_obj_and_textures/99c48a26d12c4d62a48590d082b297e6_chunk164_group001_sub010_filled001.99c48a26d12c4d62a48590d082b297e6_chunk164_group001_sub010_filled001:BodySetup_0 when we are unable to.
[2019.03.26-06.36.44:615][  0]LogPhysics: Warning: Failed to cook TriMesh: /Game/ShileyHall_Matterport_obj_and_textures/99c48a26d12c4d62a48590d082b297e6_chunk158_group001_sub009_filled001.99c48a26d12c4d62a48590d082b297e6_chunk158_group001_sub009_filled001.
[2019.03.26-06.36.44:615][  0]LogPhysics: Warning: Attempt to build physics data for /Game/ShileyHall_Matterport_obj_and_textures/99c48a26d12c4d62a48590d082b297e6_chunk158_group001_sub009_filled001.99c48a26d12c4d62a48590d082b297e6_chunk158_group001_sub009_filled001:BodySetup_0 when we are unable to.
[2019.03.26-06.36.44:616][  0]LogPhysics: Warning: Failed to cook TriMesh: /Game/ShileyHall_Matterport_obj_and_textures/99c48a26d12c4d62a48590d082b297e6_chunk152_group002_sub028.99c48a26d12c4d62a48590d082b297e6_chunk152_group002_sub028.
[2019.03.26-06.36.44:616][  0]LogPhysics: Warning: Attempt to build physics data for /Game/ShileyHall_Matterport_obj_and_textures/99c48a26d12c4d62a48590d082b297e6_chunk152_group002_sub028.99c48a26d12c4d62a48590d082b297e6_chunk152_group002_sub028:BodySetup_0 when we are unable to.
[2019.03.26-06.36.44:628][  0]LogPhysics: Warning: Failed to cook TriMesh: /Game/ShileyHall_Matterport_obj_and_textures/99c48a26d12c4d62a48590d082b297e6_chunk336_group001_sub009_filled001.99c48a26d12c4d62a48590d082b297e6_chunk336_group001_sub009_filled001.
[2019.03.26-06.36.44:628][  0]LogPhysics: Warning: Attempt to build physics data for /Game/ShileyHall_Matterport_obj_and_textures/99c48a26d12c4d62a48590d082b297e6_chunk336_group001_sub009_filled001.99c48a26d12c4d62a48590d082b297e6_chunk336_group001_sub009_filled001:BodySetup_0 when we are unable to.
[2019.03.26-06.36.44:630][  0]LogPhysics: Warning: Failed to cook TriMesh: /Game/ShileyHall_Matterport_obj_and_textures/99c48a26d12c4d62a48590d082b297e6_chunk327_group000_sub002_filled001.99c48a26d12c4d62a48590d082b297e6_chunk327_group000_sub002_filled001.
[2019.03.26-06.36.44:630][  0]LogPhysics: Warning: Attempt to build physics data for /Game/ShileyHall_Matterport_obj_and_textures/99c48a26d12c4d62a48590d082b297e6_chunk327_group000_sub002_filled001.99c48a26d12c4d62a48590d082b297e6_chunk327_group000_sub002_filled001:BodySetup_0 when we are unable to.
[2019.03.26-06.36.44:631][  0]LogPhysics: Warning: PHYSX: (D:\Build\++UE4+Release-4.20+PhysX_Compile\Sync\Engine\Source\ThirdParty\PhysX3\PhysX_3.4\Source\PhysXCooking\src\convex\QuickHullConvexHullLib.cpp 937) eINTERNAL_ERROR : QuickHullConvexHullLib::findSimplex: Simplex input points appers to be coplanar.
[2019.03.26-06.36.44:631][  0]LogPhysics: Warning: PHYSX: (D:\Build\++UE4+Release-4.20+PhysX_Compile\Sync\Engine\Source\ThirdParty\PhysX3\PhysX_3.4\Source\PhysXCooking\src\convex\QuickHullConvexHullLib.cpp 937) eINTERNAL_ERROR : QuickHullConvexHullLib::findSimplex: Simplex input points appers to be coplanar.
[2019.03.26-06.36.44:631][  0]LogPhysics: Warning: Failed to cook convex: /Game/ShileyHall_Matterport_obj_and_textures/99c48a26d12c4d62a48590d082b297e6_chunk317_group001_sub009_filled001.99c48a26d12c4d62a48590d082b297e6_chunk317_group001_sub009_filled001 0 (FlipX:0). The remaining elements will not get cooked.
[2019.03.26-06.36.44:631][  0]LogPhysics: Warning: Attempt to build physics data for /Game/ShileyHall_Matterport_obj_and_textures/99c48a26d12c4d62a48590d082b297e6_chunk317_group001_sub009_filled001.99c48a26d12c4d62a48590d082b297e6_chunk317_group001_sub009_filled001:BodySetup_0 when we are unable to.
[2019.03.26-06.36.44:639][  0]LogPhysics: Warning: PHYSX: (D:\Build\++UE4+Release-4.20+PhysX_Compile\Sync\Engine\Source\ThirdParty\PhysX3\PhysX_3.4\Source\PhysXCooking\src\convex\QuickHullConvexHullLib.cpp 937) eINTERNAL_ERROR : QuickHullConvexHullLib::findSimplex: Simplex input points appers to be coplanar.
[2019.03.26-06.36.44:639][  0]LogPhysics: Warning: PHYSX: (D:\Build\++UE4+Release-4.20+PhysX_Compile\Sync\Engine\Source\ThirdParty\PhysX3\PhysX_3.4\Source\PhysXCooking\src\convex\QuickHullConvexHullLib.cpp 937) eINTERNAL_ERROR : QuickHullConvexHullLib::findSimplex: Simplex input points appers to be coplanar.
[2019.03.26-06.36.44:639][  0]LogPhysics: Warning: Failed to cook convex: /Game/ShileyHall_Matterport_obj_and_textures/99c48a26d12c4d62a48590d082b297e6_chunk391_group001_sub012_filled001.99c48a26d12c4d62a48590d082b297e6_chunk391_group001_sub012_filled001 0 (FlipX:0). The remaining elements will not get cooked.
[2019.03.26-06.36.44:639][  0]LogPhysics: Warning: PHYSX: (D:\Build\++UE4+Release-4.20+PhysX_Compile\Sync\Engine\Source\ThirdParty\PhysX3\PhysX_3.4\Source\PhysXCooking\src\convex\QuickHullConvexHullLib.cpp 937) eINTERNAL_ERROR : QuickHullConvexHullLib::findSimplex: Simplex input points appers to be coplanar.
[2019.03.26-06.36.44:639][  0]LogPhysics: Warning: PHYSX: (D:\Build\++UE4+Release-4.20+PhysX_Compile\Sync\Engine\Source\ThirdParty\PhysX3\PhysX_3.4\Source\PhysXCooking\src\convex\QuickHullConvexHullLib.cpp 937) eINTERNAL_ERROR : QuickHullConvexHullLib::findSimplex: Simplex input points appers to be coplanar.
[2019.03.26-06.36.44:639][  0]LogPhysics: Warning: Failed to cook convex: /Game/ShileyHall_Matterport_obj_and_textures/99c48a26d12c4d62a48590d082b297e6_chunk391_group001_sub012_filled001.99c48a26d12c4d62a48590d082b297e6_chunk391_group001_sub012_filled001 0 (FlipX:1). The remaining elements will not get cooked.
[2019.03.26-06.36.44:639][  0]LogPhysics: Warning: Attempt to build physics data for /Game/ShileyHall_Matterport_obj_and_textures/99c48a26d12c4d62a48590d082b297e6_chunk391_group001_sub012_filled001.99c48a26d12c4d62a48590d082b297e6_chunk391_group001_sub012_filled001:BodySetup_0 when we are unable to.
[2019.03.26-06.36.44:641][  0]LogPhysics: Warning: Failed to cook TriMesh: /Game/ShileyHall_Matterport_obj_and_textures/99c48a26d12c4d62a48590d082b297e6_chunk511_group001_sub026_filled001.99c48a26d12c4d62a48590d082b297e6_chunk511_group001_sub026_filled001.
[2019.03.26-06.36.44:641][  0]LogPhysics: Warning: Attempt to build physics data for /Game/ShileyHall_Matterport_obj_and_textures/99c48a26d12c4d62a48590d082b297e6_chunk511_group001_sub026_filled001.99c48a26d12c4d62a48590d082b297e6_chunk511_group001_sub026_filled001:BodySetup_0 when we are unable to.
[2019.03.26-06.36.44:643][  0]LogPhysics: Warning: Failed to cook TriMesh: /Game/ShileyHall_Matterport_obj_and_textures/99c48a26d12c4d62a48590d082b297e6_chunk495_group002_sub027.99c48a26d12c4d62a48590d082b297e6_chunk495_group002_sub027.
[2019.03.26-06.36.44:643][  0]LogPhysics: Warning: Attempt to build physics data for /Game/ShileyHall_Matterport_obj_and_textures/99c48a26d12c4d62a48590d082b297e6_chunk495_group002_sub027.99c48a26d12c4d62a48590d082b297e6_chunk495_group002_sub027:BodySetup_0 when we are unable to.
[2019.03.26-06.36.44:647][  0]LogPhysics: Warning: Failed to cook TriMesh: /Game/ShileyHall_Matterport_obj_and_textures/99c48a26d12c4d62a48590d082b297e6_chunk452_group002_sub028.99c48a26d12c4d62a48590d082b297e6_chunk452_group002_sub028.
[2019.03.26-06.36.44:647][  0]LogPhysics: Warning: Attempt to build physics data for /Game/ShileyHall_Matterport_obj_and_textures/99c48a26d12c4d62a48590d082b297e6_chunk452_group002_sub028.99c48a26d12c4d62a48590d082b297e6_chunk452_group002_sub028:BodySetup_0 when we are unable to.
[2019.03.26-06.36.44:648][  0]LogPhysics: Warning: PHYSX: (D:\Build\++UE4+Release-4.20+PhysX_Compile\Sync\Engine\Source\ThirdParty\PhysX3\PhysX_3.4\Source\PhysXCooking\src\convex\QuickHullConvexHullLib.cpp 937) eINTERNAL_ERROR : QuickHullConvexHullLib::findSimplex: Simplex input points appers to be coplanar.
[2019.03.26-06.36.44:648][  0]LogPhysics: Warning: PHYSX: (D:\Build\++UE4+Release-4.20+PhysX_Compile\Sync\Engine\Source\ThirdParty\PhysX3\PhysX_3.4\Source\PhysXCooking\src\convex\QuickHullConvexHullLib.cpp 937) eINTERNAL_ERROR : QuickHullConvexHullLib::findSimplex: Simplex input points appers to be coplanar.
[2019.03.26-06.36.44:648][  0]LogPhysics: Warning: Failed to cook convex: /Game/ShileyHall_Matterport_obj_and_textures/99c48a26d12c4d62a48590d082b297e6_chunk447_group000_sub002.99c48a26d12c4d62a48590d082b297e6_chunk447_group000_sub002 0 (FlipX:1). The remaining elements will not get cooked.
[2019.03.26-06.36.44:648][  0]LogPhysics: Warning: Attempt to build physics data for /Game/ShileyHall_Matterport_obj_and_textures/99c48a26d12c4d62a48590d082b297e6_chunk447_group000_sub002.99c48a26d12c4d62a48590d082b297e6_chunk447_group000_sub002:BodySetup_0 when we are unable to.
[2019.03.26-06.36.44:650][  0]LogPhysics: Warning: Failed to cook TriMesh: /Game/ShileyHall_Matterport_obj_and_textures/99c48a26d12c4d62a48590d082b297e6_chunk433_group001_sub009_filled001.99c48a26d12c4d62a48590d082b297e6_chunk433_group001_sub009_filled001.
[2019.03.26-06.36.44:650][  0]LogPhysics: Warning: Attempt to build physics data for /Game/ShileyHall_Matterport_obj_and_textures/99c48a26d12c4d62a48590d082b297e6_chunk433_group001_sub009_filled001.99c48a26d12c4d62a48590d082b297e6_chunk433_group001_sub009_filled001:BodySetup_0 when we are unable to.
[2019.03.26-06.36.44:664][  0]LogPhysics: Warning: Failed to cook TriMesh: /Game/ShileyHall_Matterport_obj_and_textures/99c48a26d12c4d62a48590d082b297e6_chunk519_group000_sub005.99c48a26d12c4d62a48590d082b297e6_chunk519_group000_sub005.
[2019.03.26-06.36.44:664][  0]LogPhysics: Warning: Attempt to build physics data for /Game/ShileyHall_Matterport_obj_and_textures/99c48a26d12c4d62a48590d082b297e6_chunk519_group000_sub005.99c48a26d12c4d62a48590d082b297e6_chunk519_group000_sub005:BodySetup_0 when we are unable to.
[2019.03.26-06.36.44:664][  0]LogPhysics: Warning: Failed to cook TriMesh: /Game/ShileyHall_Matterport_obj_and_textures/99c48a26d12c4d62a48590d082b297e6_chunk518_group000_sub004.99c48a26d12c4d62a48590d082b297e6_chunk518_group000_sub004.
[2019.03.26-06.36.44:664][  0]LogPhysics: Warning: Attempt to build physics data for /Game/ShileyHall_Matterport_obj_and_textures/99c48a26d12c4d62a48590d082b297e6_chunk518_group000_sub004.99c48a26d12c4d62a48590d082b297e6_chunk518_group000_sub004:BodySetup_0 when we are unable to.
[2019.03.26-06.36.44:667][  0]LogPhysics: Warning: Failed to cook TriMesh: /Game/ShileyHall_Matterport_obj_and_textures/99c48a26d12c4d62a48590d082b297e6_chunk621_group001_sub025_filled001.99c48a26d12c4d62a48590d082b297e6_chunk621_group001_sub025_filled001.
[2019.03.26-06.36.44:667][  0]LogPhysics: Warning: Attempt to build physics data for /Game/ShileyHall_Matterport_obj_and_textures/99c48a26d12c4d62a48590d082b297e6_chunk621_group001_sub025_filled001.99c48a26d12c4d62a48590d082b297e6_chunk621_group001_sub025_filled001:BodySetup_0 when we are unable to.
[2019.03.26-06.36.44:668][  0]LogPhysics: Warning: Failed to cook TriMesh: /Game/ShileyHall_Matterport_obj_and_textures/99c48a26d12c4d62a48590d082b297e6_chunk618_group000_sub005_filled001.99c48a26d12c4d62a48590d082b297e6_chunk618_group000_sub005_filled001.
[2019.03.26-06.36.44:668][  0]LogPhysics: Warning: Attempt to build physics data for /Game/ShileyHall_Matterport_obj_and_textures/99c48a26d12c4d62a48590d082b297e6_chunk618_group000_sub005_filled001.99c48a26d12c4d62a48590d082b297e6_chunk618_group000_sub005_filled001:BodySetup_0 when we are unable to.
[2019.03.26-06.36.44:670][  0]LogPhysics: Warning: Failed to cook TriMesh: /Game/ShileyHall_Matterport_obj_and_textures/99c48a26d12c4d62a48590d082b297e6_chunk824_group000_sub002.99c48a26d12c4d62a48590d082b297e6_chunk824_group000_sub002.
[2019.03.26-06.36.44:670][  0]LogPhysics: Warning: Attempt to build physics data for /Game/ShileyHall_Matterport_obj_and_textures/99c48a26d12c4d62a48590d082b297e6_chunk824_group000_sub002.99c48a26d12c4d62a48590d082b297e6_chunk824_group000_sub002:BodySetup_0 when we are unable to.
[2019.03.26-06.36.44:670][  0]LogPhysics: Warning: PHYSX: (D:\Build\++UE4+Release-4.20+PhysX_Compile\Sync\Engine\Source\ThirdParty\PhysX3\PhysX_3.4\Source\PhysXCooking\src\convex\QuickHullConvexHullLib.cpp 937) eINTERNAL_ERROR : QuickHullConvexHullLib::findSimplex: Simplex input points appers to be coplanar.
[2019.03.26-06.36.44:670][  0]LogPhysics: Warning: PHYSX: (D:\Build\++UE4+Release-4.20+PhysX_Compile\Sync\Engine\Source\ThirdParty\PhysX3\PhysX_3.4\Source\PhysXCooking\src\convex\QuickHullConvexHullLib.cpp 937) eINTERNAL_ERROR : QuickHullConvexHullLib::findSimplex: Simplex input points appers to be coplanar.
[2019.03.26-06.36.44:671][  0]LogPhysics: Warning: Failed to cook convex: /Game/ShileyHall_Matterport_obj_and_textures/99c48a26d12c4d62a48590d082b297e6_chunk819_group001_sub009_filled001.99c48a26d12c4d62a48590d082b297e6_chunk819_group001_sub009_filled001 0 (FlipX:0). The remaining elements will not get cooked.
[2019.03.26-06.36.44:671][  0]LogPhysics: Warning: PHYSX: (D:\Build\++UE4+Release-4.20+PhysX_Compile\Sync\Engine\Source\ThirdParty\PhysX3\PhysX_3.4\Source\PhysXCooking\src\convex\QuickHullConvexHullLib.cpp 937) eINTERNAL_ERROR : QuickHullConvexHullLib::findSimplex: Simplex input points appers to be coplanar.
[2019.03.26-06.36.44:671][  0]LogPhysics: Warning: PHYSX: (D:\Build\++UE4+Release-4.20+PhysX_Compile\Sync\Engine\Source\ThirdParty\PhysX3\PhysX_3.4\Source\PhysXCooking\src\convex\QuickHullConvexHullLib.cpp 937) eINTERNAL_ERROR : QuickHullConvexHullLib::findSimplex: Simplex input points appers to be coplanar.
[2019.03.26-06.36.44:671][  0]LogPhysics: Warning: Failed to cook convex: /Game/ShileyHall_Matterport_obj_and_textures/99c48a26d12c4d62a48590d082b297e6_chunk819_group001_sub009_filled001.99c48a26d12c4d62a48590d082b297e6_chunk819_group001_sub009_filled001 0 (FlipX:1). The remaining elements will not get cooked.
[2019.03.26-06.36.44:671][  0]LogPhysics: Warning: Failed to cook TriMesh: /Game/ShileyHall_Matterport_obj_and_textures/99c48a26d12c4d62a48590d082b297e6_chunk819_group001_sub009_filled001.99c48a26d12c4d62a48590d082b297e6_chunk819_group001_sub009_filled001.
[2019.03.26-06.36.44:671][  0]LogPhysics: Warning: Attempt to build physics data for /Game/ShileyHall_Matterport_obj_and_textures/99c48a26d12c4d62a48590d082b297e6_chunk819_group001_sub009_filled001.99c48a26d12c4d62a48590d082b297e6_chunk819_group001_sub009_filled001:BodySetup_0 when we are unable to.
[2019.03.26-06.36.44:674][  0]LogPhysics: Warning: Failed to cook TriMesh: /Game/ShileyHall_Matterport_obj_and_textures/99c48a26d12c4d62a48590d082b297e6_chunk679_group001_sub009_filled001.99c48a26d12c4d62a48590d082b297e6_chunk679_group001_sub009_filled001.
[2019.03.26-06.36.44:674][  0]LogPhysics: Warning: Attempt to build physics data for /Game/ShileyHall_Matterport_obj_and_textures/99c48a26d12c4d62a48590d082b297e6_chunk679_group001_sub009_filled001.99c48a26d12c4d62a48590d082b297e6_chunk679_group001_sub009_filled001:BodySetup_0 when we are unable to.
[2019.03.26-06.36.44:674][  0]LogPhysics: Warning: PHYSX: (D:\Build\++UE4+Release-4.20+PhysX_Compile\Sync\Engine\Source\ThirdParty\PhysX3\PhysX_3.4\Source\PhysXCooking\src\convex\QuickHullConvexHullLib.cpp 937) eINTERNAL_ERROR : QuickHullConvexHullLib::findSimplex: Simplex input points appers to be coplanar.
[2019.03.26-06.36.44:674][  0]LogPhysics: Warning: PHYSX: (D:\Build\++UE4+Release-4.20+PhysX_Compile\Sync\Engine\Source\ThirdParty\PhysX3\PhysX_3.4\Source\PhysXCooking\src\convex\QuickHullConvexHullLib.cpp 937) eINTERNAL_ERROR : QuickHullConvexHullLib::findSimplex: Simplex input points appers to be coplanar.
[2019.03.26-06.36.44:674][  0]LogPhysics: Warning: Failed to cook convex: /Game/ShileyHall_Matterport_obj_and_textures/99c48a26d12c4d62a48590d082b297e6_chunk677_group002_sub028_filled001.99c48a26d12c4d62a48590d082b297e6_chunk677_group002_sub028_filled001 0 (FlipX:1). The remaining elements will not get cooked.
[2019.03.26-06.36.44:674][  0]LogPhysics: Warning: Attempt to build physics data for /Game/ShileyHall_Matterport_obj_and_textures/99c48a26d12c4d62a48590d082b297e6_chunk677_group002_sub028_filled001.99c48a26d12c4d62a48590d082b297e6_chunk677_group002_sub028_filled001:BodySetup_0 when we are unable to.
[2019.03.26-06.36.44:674][  0]LogPhysics: Warning: Failed to cook TriMesh: /Game/ShileyHall_Matterport_obj_and_textures/99c48a26d12c4d62a48590d082b297e6_chunk675_group001_sub010.99c48a26d12c4d62a48590d082b297e6_chunk675_group001_sub010.
[2019.03.26-06.36.44:675][  0]LogPhysics: Warning: Attempt to build physics data for /Game/ShileyHall_Matterport_obj_and_textures/99c48a26d12c4d62a48590d082b297e6_chunk675_group001_sub010.99c48a26d12c4d62a48590d082b297e6_chunk675_group001_sub010:BodySetup_0 when we are unable to.
[2019.03.26-06.36.44:675][  0]LogPhysics: Warning: Failed to cook TriMesh: /Game/ShileyHall_Matterport_obj_and_textures/99c48a26d12c4d62a48590d082b297e6_chunk671_group002_sub028_filled001.99c48a26d12c4d62a48590d082b297e6_chunk671_group002_sub028_filled001.
[2019.03.26-06.36.44:675][  0]LogPhysics: Warning: Attempt to build physics data for /Game/ShileyHall_Matterport_obj_and_textures/99c48a26d12c4d62a48590d082b297e6_chunk671_group002_sub028_filled001.99c48a26d12c4d62a48590d082b297e6_chunk671_group002_sub028_filled001:BodySetup_0 when we are unable to.
[2019.03.26-06.36.44:677][  0]LogPhysics: Warning: Failed to cook TriMesh: /Game/ShileyHall_Matterport_obj_and_textures/99c48a26d12c4d62a48590d082b297e6_window710_group001_sub009.99c48a26d12c4d62a48590d082b297e6_window710_group001_sub009.
[2019.03.26-06.36.44:677][  0]LogPhysics: Warning: Attempt to build physics data for /Game/ShileyHall_Matterport_obj_and_textures/99c48a26d12c4d62a48590d082b297e6_window710_group001_sub009.99c48a26d12c4d62a48590d082b297e6_window710_group001_sub009:BodySetup_0 when we are unable to.
[2019.03.26-06.36.44:681][  0]LogPhysics: Warning: Failed to cook TriMesh: /Game/ShileyHall_Matterport_obj_and_textures/99c48a26d12c4d62a48590d082b297e6_chunk662_group001_sub009_filled001.99c48a26d12c4d62a48590d082b297e6_chunk662_group001_sub009_filled001.
[2019.03.26-06.36.44:681][  0]LogPhysics: Warning: Attempt to build physics data for /Game/ShileyHall_Matterport_obj_and_textures/99c48a26d12c4d62a48590d082b297e6_chunk662_group001_sub009_filled001.99c48a26d12c4d62a48590d082b297e6_chunk662_group001_sub009_filled001:BodySetup_0 when we are unable to.
[2019.03.26-06.36.44:687][  0]LogPhysics: Warning: PHYSX: (D:\Build\++UE4+Release-4.20+PhysX_Compile\Sync\Engine\Source\ThirdParty\PhysX3\PhysX_3.4\Source\PhysXCooking\src\convex\QuickHullConvexHullLib.cpp 937) eINTERNAL_ERROR : QuickHullConvexHullLib::findSimplex: Simplex input points appers to be coplanar.
[2019.03.26-06.36.44:687][  0]LogPhysics: Warning: PHYSX: (D:\Build\++UE4+Release-4.20+PhysX_Compile\Sync\Engine\Source\ThirdParty\PhysX3\PhysX_3.4\Source\PhysXCooking\src\convex\QuickHullConvexHullLib.cpp 937) eINTERNAL_ERROR : QuickHullConvexHullLib::findSimplex: Simplex input points appers to be coplanar.
[2019.03.26-06.36.44:687][  0]LogPhysics: Warning: Failed to cook convex: /Game/ShileyHall_Matterport_obj_and_textures/99c48a26d12c4d62a48590d082b297e6_chunk636_group001_sub024_filled001.99c48a26d12c4d62a48590d082b297e6_chunk636_group001_sub024_filled001 0 (FlipX:1). The remaining elements will not get cooked.
[2019.03.26-06.36.44:687][  0]LogPhysics: Warning: Attempt to build physics data for /Game/ShileyHall_Matterport_obj_and_textures/99c48a26d12c4d62a48590d082b297e6_chunk636_group001_sub024_filled001.99c48a26d12c4d62a48590d082b297e6_chunk636_group001_sub024_filled001:BodySetup_0 when we are unable to.
[2019.03.26-06.36.44:693][  0]LogPhysics: Warning: Failed to cook TriMesh: /Game/ShileyHall_Matterport_obj_and_textures/99c48a26d12c4d62a48590d082b297e6_window856_group001_sub026_filled001.99c48a26d12c4d62a48590d082b297e6_window856_group001_sub026_filled001.
[2019.03.26-06.36.44:693][  0]LogPhysics: Warning: Attempt to build physics data for /Game/ShileyHall_Matterport_obj_and_textures/99c48a26d12c4d62a48590d082b297e6_window856_group001_sub026_filled001.99c48a26d12c4d62a48590d082b297e6_window856_group001_sub026_filled001:BodySetup_0 when we are unable to.
[2019.03.26-06.36.44:693][  0]LogPhysics: Warning: Failed to cook TriMesh: /Game/ShileyHall_Matterport_obj_and_textures/99c48a26d12c4d62a48590d082b297e6_window845_group001_sub025_filled001.99c48a26d12c4d62a48590d082b297e6_window845_group001_sub025_filled001.
[2019.03.26-06.36.44:693][  0]LogPhysics: Warning: Attempt to build physics data for /Game/ShileyHall_Matterport_obj_and_textures/99c48a26d12c4d62a48590d082b297e6_window845_group001_sub025_filled001.99c48a26d12c4d62a48590d082b297e6_window845_group001_sub025_filled001:BodySetup_0 when we are unable to.
[2019.03.26-06.36.44:693][  0]LogPhysics: Warning: Failed to cook TriMesh: /Game/ShileyHall_Matterport_obj_and_textures/99c48a26d12c4d62a48590d082b297e6_window844_group001_sub025_filled001.99c48a26d12c4d62a48590d082b297e6_window844_group001_sub025_filled001.
[2019.03.26-06.36.44:693][  0]LogPhysics: Warning: Attempt to build physics data for /Game/ShileyHall_Matterport_obj_and_textures/99c48a26d12c4d62a48590d082b297e6_window844_group001_sub025_filled001.99c48a26d12c4d62a48590d082b297e6_window844_group001_sub025_filled001:BodySetup_0 when we are unable to.
[2019.03.26-06.36.44:693][  0]LogPhysics: Warning: Failed to cook TriMesh: /Game/ShileyHall_Matterport_obj_and_textures/99c48a26d12c4d62a48590d082b297e6_window843_group001_sub025_filled001.99c48a26d12c4d62a48590d082b297e6_window843_group001_sub025_filled001.
[2019.03.26-06.36.44:693][  0]LogPhysics: Warning: Attempt to build physics data for /Game/ShileyHall_Matterport_obj_and_textures/99c48a26d12c4d62a48590d082b297e6_window843_group001_sub025_filled001.99c48a26d12c4d62a48590d082b297e6_window843_group001_sub025_filled001:BodySetup_0 when we are unable to.
[2019.03.26-06.36.44:696][  0]LogPhysics: Warning: Failed to cook TriMesh: /Game/ShileyHall_Matterport_obj_and_textures/99c48a26d12c4d62a48590d082b297e6_window787_group001_sub009_filled001.99c48a26d12c4d62a48590d082b297e6_window787_group001_sub009_filled001.
[2019.03.26-06.36.44:696][  0]LogPhysics: Warning: Attempt to build physics data for /Game/ShileyHall_Matterport_obj_and_textures/99c48a26d12c4d62a48590d082b297e6_window787_group001_sub009_filled001.99c48a26d12c4d62a48590d082b297e6_window787_group001_sub009_filled001:BodySetup_0 when we are unable to.
[2019.03.26-06.36.44:697][  0]LogPhysics: Warning: Failed to cook TriMesh: /Game/ShileyHall_Matterport_obj_and_textures/99c48a26d12c4d62a48590d082b297e6_window784_group001_sub009_filled001.99c48a26d12c4d62a48590d082b297e6_window784_group001_sub009_filled001.
[2019.03.26-06.36.44:697][  0]LogPhysics: Warning: Attempt to build physics data for /Game/ShileyHall_Matterport_obj_and_textures/99c48a26d12c4d62a48590d082b297e6_window784_group001_sub009_filled001.99c48a26d12c4d62a48590d082b297e6_window784_group001_sub009_filled001:BodySetup_0 when we are unable to.
[2019.03.26-06.36.44:697][  0]LogPhysics: Warning: Failed to cook TriMesh: /Game/ShileyHall_Matterport_obj_and_textures/99c48a26d12c4d62a48590d082b297e6_window781_group001_sub009_filled001.99c48a26d12c4d62a48590d082b297e6_window781_group001_sub009_filled001.
[2019.03.26-06.36.44:697][  0]LogPhysics: Warning: Attempt to build physics data for /Game/ShileyHall_Matterport_obj_and_textures/99c48a26d12c4d62a48590d082b297e6_window781_group001_sub009_filled001.99c48a26d12c4d62a48590d082b297e6_window781_group001_sub009_filled001:BodySetup_0 when we are unable to.
[2019.03.26-06.36.45:450][  0]LogAIModule: Creating AISystem for world ShileyHall_Matterport_Level
[2019.03.26-06.36.45:450][  0]LogLoad: Game class is 'VirtualUPGameMode_C'
[2019.03.26-06.36.45:452][  0]LogMaterial: Warning: Material /Game/ShileyHall_Matterport_obj_and_textures/99c48a26d12c4d62a48590d082b297e6_000_jpg.99c48a26d12c4d62a48590d082b297e6_000_jpg missing bUsedWithStaticLighting=True! Default Material will be used in game.
[2019.03.26-06.36.45:452][  0]LogMaterial: Warning:      The material will recompile every editor launch until resaved.
[2019.03.26-06.36.45:452][  0]LogMaterial: Warning: Material /Game/ShileyHall_Matterport_obj_and_textures/99c48a26d12c4d62a48590d082b297e6_001_jpg.99c48a26d12c4d62a48590d082b297e6_001_jpg missing bUsedWithStaticLighting=True! Default Material will be used in game.
[2019.03.26-06.36.45:452][  0]LogMaterial: Warning:      The material will recompile every editor launch until resaved.
[2019.03.26-06.36.45:452][  0]LogMaterial: Warning: Material /Game/ShileyHall_Matterport_obj_and_textures/99c48a26d12c4d62a48590d082b297e6_008_jpg.99c48a26d12c4d62a48590d082b297e6_008_jpg missing bUsedWithStaticLighting=True! Default Material will be used in game.
[2019.03.26-06.36.45:452][  0]LogMaterial: Warning:      The material will recompile every editor launch until resaved.
[2019.03.26-06.36.45:452][  0]LogMaterial: Warning: Material /Game/ShileyHall_Matterport_obj_and_textures/99c48a26d12c4d62a48590d082b297e6_011_jpg.99c48a26d12c4d62a48590d082b297e6_011_jpg missing bUsedWithStaticLighting=True! Default Material will be used in game.
[2019.03.26-06.36.45:452][  0]LogMaterial: Warning:      The material will recompile every editor launch until resaved.
[2019.03.26-06.36.45:453][  0]LogMaterial: Warning: Material /Game/ShileyHall_Matterport_obj_and_textures/99c48a26d12c4d62a48590d082b297e6_045_jpg.99c48a26d12c4d62a48590d082b297e6_045_jpg missing bUsedWithStaticLighting=True! Default Material will be used in game.
[2019.03.26-06.36.45:453][  0]LogMaterial: Warning:      The material will recompile every editor launch until resaved.
[2019.03.26-06.36.45:454][  0]LogMaterial: Warning: Material /Game/ShileyHall_Matterport_obj_and_textures/99c48a26d12c4d62a48590d082b297e6_092_jpg.99c48a26d12c4d62a48590d082b297e6_092_jpg missing bUsedWithStaticLighting=True! Default Material will be used in game.
[2019.03.26-06.36.45:454][  0]LogMaterial: Warning:      The material will recompile every editor launch until resaved.
[2019.03.26-06.36.45:455][  0]LogMaterial: Warning: Material /Game/ShileyHall_Matterport_obj_and_textures/99c48a26d12c4d62a48590d082b297e6_114_jpg.99c48a26d12c4d62a48590d082b297e6_114_jpg missing bUsedWithStaticLighting=True! Default Material will be used in game.
[2019.03.26-06.36.45:455][  0]LogMaterial: Warning:      The material will recompile every editor launch until resaved.
[2019.03.26-06.36.45:455][  0]LogMaterial: Warning: Material /Game/ShileyHall_Matterport_obj_and_textures/99c48a26d12c4d62a48590d082b297e6_128_jpg.99c48a26d12c4d62a48590d082b297e6_128_jpg missing bUsedWithStaticLighting=True! Default Material will be used in game.
[2019.03.26-06.36.45:455][  0]LogMaterial: Warning:      The material will recompile every editor launch until resaved.
[2019.03.26-06.36.45:455][  0]LogMaterial: Warning: Material /Game/ShileyHall_Matterport_obj_and_textures/99c48a26d12c4d62a48590d082b297e6_129_jpg.99c48a26d12c4d62a48590d082b297e6_129_jpg missing bUsedWithStaticLighting=True! Default Material will be used in game.
[2019.03.26-06.36.45:455][  0]LogMaterial: Warning:      The material will recompile every editor launch until resaved.
[2019.03.26-06.36.45:455][  0]LogMaterial: Warning: Material /Game/ShileyHall_Matterport_obj_and_textures/99c48a26d12c4d62a48590d082b297e6_133_jpg_ncl1_1.99c48a26d12c4d62a48590d082b297e6_133_jpg_ncl1_1 missing bUsedWithStaticLighting=True! Default Material will be used in game.
[2019.03.26-06.36.45:455][  0]LogMaterial: Warning:      The material will recompile every editor launch until resaved.
[2019.03.26-06.36.45:456][  0]LogMaterial: Warning: Material /Game/ShileyHall_Matterport_obj_and_textures/99c48a26d12c4d62a48590d082b297e6_136_jpg.99c48a26d12c4d62a48590d082b297e6_136_jpg missing bUsedWithStaticLighting=True! Default Material will be used in game.
[2019.03.26-06.36.45:456][  0]LogMaterial: Warning:      The material will recompile every editor launch until resaved.
[2019.03.26-06.36.45:456][  0]LogMaterial: Warning: Material /Game/ShileyHall_Matterport_obj_and_textures/99c48a26d12c4d62a48590d082b297e6_139_jpg.99c48a26d12c4d62a48590d082b297e6_139_jpg missing bUsedWithStaticLighting=True! Default Material will be used in game.
[2019.03.26-06.36.45:456][  0]LogMaterial: Warning:      The material will recompile every editor launch until resaved.
[2019.03.26-06.36.45:456][  0]LogMaterial: Warning: Material /Game/ShileyHall_Matterport_obj_and_textures/99c48a26d12c4d62a48590d082b297e6_147_jpg.99c48a26d12c4d62a48590d082b297e6_147_jpg missing bUsedWithStaticLighting=True! Default Material will be used in game.
[2019.03.26-06.36.45:456][  0]LogMaterial: Warning:      The material will recompile every editor launch until resaved.
[2019.03.26-06.36.45:457][  0]LogMaterial: Warning: Material /Game/ShileyHall_Matterport_obj_and_textures/99c48a26d12c4d62a48590d082b297e6_165_jpg.99c48a26d12c4d62a48590d082b297e6_165_jpg missing bUsedWithStaticLighting=True! Default Material will be used in game.
[2019.03.26-06.36.45:457][  0]LogMaterial: Warning:      The material will recompile every editor launch until resaved.
[2019.03.26-06.36.45:457][  0]LogMaterial: Warning: Material /Game/ShileyHall_Matterport_obj_and_textures/99c48a26d12c4d62a48590d082b297e6_177_jpg.99c48a26d12c4d62a48590d082b297e6_177_jpg missing bUsedWithStaticLighting=True! Default Material will be used in game.
[2019.03.26-06.36.45:457][  0]LogMaterial: Warning:      The material will recompile every editor launch until resaved.
[2019.03.26-06.36.45:457][  0]LogMaterial: Warning: Material /Game/ShileyHall_Matterport_obj_and_textures/99c48a26d12c4d62a48590d082b297e6_179_jpg.99c48a26d12c4d62a48590d082b297e6_179_jpg missing bUsedWithStaticLighting=True! Default Material will be used in game.
[2019.03.26-06.36.45:457][  0]LogMaterial: Warning:      The material will recompile every editor launch until resaved.
[2019.03.26-06.36.45:460][  0]LogMaterial: Warning: Material /Game/ShileyHall_Matterport_obj_and_textures/99c48a26d12c4d62a48590d082b297e6_275_jpg.99c48a26d12c4d62a48590d082b297e6_275_jpg missing bUsedWithStaticLighting=True! Default Material will be used in game.
[2019.03.26-06.36.45:460][  0]LogMaterial: Warning:      The material will recompile every editor launch until resaved.
[2019.03.26-06.36.45:463][  0]LogMaterial: Warning: Material /Game/ShileyHall_Matterport_obj_and_textures/99c48a26d12c4d62a48590d082b297e6_324_jpg.99c48a26d12c4d62a48590d082b297e6_324_jpg missing bUsedWithStaticLighting=True! Default Material will be used in game.
[2019.03.26-06.36.45:463][  0]LogMaterial: Warning:      The material will recompile every editor launch until resaved.
[2019.03.26-06.36.45:463][  0]LogMaterial: Warning: Material /Game/ShileyHall_Matterport_obj_and_textures/99c48a26d12c4d62a48590d082b297e6_329_jpg.99c48a26d12c4d62a48590d082b297e6_329_jpg missing bUsedWithStaticLighting=True! Default Material will be used in game.
[2019.03.26-06.36.45:463][  0]LogMaterial: Warning:      The material will recompile every editor launch until resaved.
[2019.03.26-06.36.45:463][  0]LogMaterial: Warning: Material /Game/ShileyHall_Matterport_obj_and_textures/99c48a26d12c4d62a48590d082b297e6_332_jpg.99c48a26d12c4d62a48590d082b297e6_332_jpg missing bUsedWithStaticLighting=True! Default Material will be used in game.
[2019.03.26-06.36.45:464][  0]LogMaterial: Warning:      The material will recompile every editor launch until resaved.
[2019.03.26-06.36.45:464][  0]LogMaterial: Warning: Material /Game/ShileyHall_Matterport_obj_and_textures/99c48a26d12c4d62a48590d082b297e6_336_jpg.99c48a26d12c4d62a48590d082b297e6_336_jpg missing bUsedWithStaticLighting=True! Default Material will be used in game.
[2019.03.26-06.36.45:464][  0]LogMaterial: Warning:      The material will recompile every editor launch until resaved.
[2019.03.26-06.36.45:469][  0]LogMaterial: Warning: Material /Game/ShileyHall_Matterport_obj_and_textures/99c48a26d12c4d62a48590d082b297e6_423_jpg.99c48a26d12c4d62a48590d082b297e6_423_jpg missing bUsedWithStaticLighting=True! Default Material will be used in game.
[2019.03.26-06.36.45:469][  0]LogMaterial: Warning:      The material will recompile every editor launch until resaved.
[2019.03.26-06.36.45:472][  0]LogMaterial: Warning: Material /Game/ShileyHall_Matterport_obj_and_textures/99c48a26d12c4d62a48590d082b297e6_035_jpg_ncl1_1.99c48a26d12c4d62a48590d082b297e6_035_jpg_ncl1_1 missing bUsedWithStaticLighting=True! Default Material will be used in game.
[2019.03.26-06.36.45:472][  0]LogMaterial: Warning:      The material will recompile every editor launch until resaved.
[2019.03.26-06.36.45:472][  0]LogMaterial: Warning: Material /Game/ShileyHall_Matterport_obj_and_textures/99c48a26d12c4d62a48590d082b297e6_119_jpg_ncl1_1.99c48a26d12c4d62a48590d082b297e6_119_jpg_ncl1_1 missing bUsedWithStaticLighting=True! Default Material will be used in game.
[2019.03.26-06.36.45:472][  0]LogMaterial: Warning:      The material will recompile every editor launch until resaved.
[2019.03.26-06.36.45:474][  0]LogMaterial: Warning: Material /Game/ShileyHall_Matterport_obj_and_textures/99c48a26d12c4d62a48590d082b297e6_435_jpg.99c48a26d12c4d62a48590d082b297e6_435_jpg missing bUsedWithStaticLighting=True! Default Material will be used in game.
[2019.03.26-06.36.45:474][  0]LogMaterial: Warning:      The material will recompile every editor launch until resaved.
[2019.03.26-06.36.45:474][  0]LogMaterial: Warning: Material /Game/ShileyHall_Matterport_obj_and_textures/99c48a26d12c4d62a48590d082b297e6_444_jpg.99c48a26d12c4d62a48590d082b297e6_444_jpg missing bUsedWithStaticLighting=True! Default Material will be used in game.
[2019.03.26-06.36.45:474][  0]LogMaterial: Warning:      The material will recompile every editor launch until resaved.
[2019.03.26-06.36.45:597][  0]LogWorld: Bringing World /Game/Levels/ShileyHall_Matterport_Level.ShileyHall_Matterport_Level up for play (max tick rate 0) at 2019.03.25-23.36.45
[2019.03.26-06.36.45:602][  0]LogWorld: Bringing up level for play took: 0.151664
[2019.03.26-06.36.45:603][  0]LogSpawn: Warning: SpawnActor failed because no class was specified
[2019.03.26-06.36.45:605][  0]LogGameMode: Display: Match State Changed from EnteringMap to WaitingToStart
[2019.03.26-06.36.45:605][  0]LogGameState: Match State Changed from EnteringMap to WaitingToStart
[2019.03.26-06.36.45:605][  0]LogGameMode: Display: Match State Changed from WaitingToStart to InProgress
[2019.03.26-06.36.45:610][  0]LogGameState: Match State Changed from WaitingToStart to InProgress
[2019.03.26-06.36.45:610][  0]LogLoad: Took 6.016924 seconds to LoadMap(/Game/Levels/ShileyHall_Matterport_Level)
[2019.03.26-06.36.45:679][  0]LogLoad: (Engine Initialization) Total time: 11.05 seconds
[2019.03.26-06.36.45:679][  0]LogLoad: (Engine Initialization) Total Blueprint compile time: 0.00 seconds
[2019.03.26-06.36.45:688][  0]LogRenderer: Reallocating scene render targets to support 1280x720 Format 26 NumSamples 1 (Frame:1).
[2019.03.26-06.36.45:859][  0]LogWindowsTextInputMethodSystem: Display: IME system now deactivated.
[2019.03.26-06.36.45:862][  0]LogContentStreaming: Texture pool size now 1000 MB
[2019.03.26-06.36.46:028][  6]LogContentStreaming: Texture: "LightMapTexture2D /Game/Levels/ShileyHall_Matterport_Level_BuiltData.ShileyHall_Matterport_Level_BuiltData:HQ_Lightmap0_9", ResidentMips: 7/11, RequestedMips: 11, WantedMips: 11, Boost: 0.2 (updated)
[2019.03.26-06.36.46:028][  6]LogContentStreaming: Texture: "LightMapTexture2D /Game/Levels/ShileyHall_Matterport_Level_BuiltData.ShileyHall_Matterport_Level_BuiltData:HQ_Lightmap0_18", ResidentMips: 7/11, RequestedMips: 11, WantedMips: 11, Boost: 0.2 (updated)
[2019.03.26-06.36.47:936][110]LogRenderer: Reallocating scene render targets to support 1920x1020 Format 26 NumSamples 1 (Frame:113).
[2019.03.26-06.37.15:152][723]LogSlate: Window 'VirtualUP (64-bit Development PCD3D_SM5) ' being destroyed
[2019.03.26-06.37.15:152][723]LogWindowsTextInputMethodSystem: Display: IME system now deactivated.
[2019.03.26-06.37.15:155][724]LogSlate: Updating window title bar state: overlay mode, drag disabled, window buttons hidden, title bar hidden
[2019.03.26-06.37.15:155][724]LogEngine: All Windows Closed
[2019.03.26-06.37.15:155][724]LogWindows: FPlatformMisc::RequestExit(0)
[2019.03.26-06.37.15:237][725]LogExit: Preparing to exit.
[2019.03.26-06.37.15:237][725]LogMoviePlayer: Shutting down movie player
[2019.03.26-06.37.15:883][725]LogSlate: Updating window title bar state: overlay mode, drag disabled, window buttons hidden, title bar hidden
[2019.03.26-06.37.15:943][725]LogExit: Game engine shut down
[2019.03.26-06.37.16:494][725]LogExit: Object subsystem successfully closed.
[2019.03.26-06.37.16:514][725]LogShaderCompilers: Display: Shaders left to compile 0
[2019.03.26-06.37.16:525][725]LogD3D11RHI: Shutdown
[2019.03.26-06.37.16:525][725]LogD3D11RHI: CleanupD3DDevice
[2019.03.26-06.37.16:529][725]LogD3D11RHI: ~FD3D11DynamicRHI
[2019.03.26-06.37.16:541][725]LogModuleManager: Shutting down and abandoning module SequenceRecorderSections (384)
[2019.03.26-06.37.16:541][725]LogModuleManager: Shutting down and abandoning module SequenceRecorder (382)
[2019.03.26-06.37.16:541][725]LogModuleManager: Shutting down and abandoning module AutomationController (380)
[2019.03.26-06.37.16:541][725]LogModuleManager: Shutting down and abandoning module AutomationWorker (378)
[2019.03.26-06.37.16:541][725]LogModuleManager: Shutting down and abandoning module Voice (376)
[2019.03.26-06.37.16:541][725]LogModuleManager: Shutting down and abandoning module AIModule (374)
[2019.03.26-06.37.16:541][725]LogModuleManager: Shutting down and abandoning module GameplayDebugger (373)
[2019.03.26-06.37.16:541][725]LogModuleManager: Shutting down and abandoning module AITestSuite (371)
[2019.03.26-06.37.16:541][725]LogModuleManager: Shutting down and abandoning module NavigationSystem (369)
[2019.03.26-06.37.16:541][725]LogModuleManager: Shutting down and abandoning module WmfMediaFactory (366)
[2019.03.26-06.37.16:541][725]LogModuleManager: Shutting down and abandoning module OpenExrWrapper (364)
[2019.03.26-06.37.16:541][725]LogModuleManager: Shutting down and abandoning module ImgMediaFactory (362)
[2019.03.26-06.37.16:541][725]LogModuleManager: Shutting down and abandoning module AvfMediaFactory (360)
[2019.03.26-06.37.16:541][725]LogModuleManager: Shutting down and abandoning module MagicLeapCameraPreviewFactory (358)
[2019.03.26-06.37.16:541][725]LogModuleManager: Shutting down and abandoning module MagicLeapMediaFactory (356)
[2019.03.26-06.37.16:541][725]LogModuleManager: Shutting down and abandoning module CharacterAI (354)
[2019.03.26-06.37.16:541][725]LogModuleManager: Shutting down and abandoning module SessionServices (352)
[2019.03.26-06.37.16:541][725]LogModuleManager: Shutting down and abandoning module MovieSceneCapture (350)
[2019.03.26-06.37.16:541][725]LogModuleManager: Shutting down and abandoning module MovieSceneTracks (348)
[2019.03.26-06.37.16:541][725]LogModuleManager: Shutting down and abandoning module MovieScene (346)
[2019.03.26-06.37.16:541][725]LogModuleManager: Shutting down and abandoning module StreamingPauseRendering (344)
[2019.03.26-06.37.16:541][725]LogModuleManager: Shutting down and abandoning module PortalServices (342)
[2019.03.26-06.37.16:541][725]LogModuleManager: Shutting down and abandoning module PortalRpc (340)
[2019.03.26-06.37.16:541][725]LogModuleManager: Shutting down and abandoning module MessagingRpc (338)
[2019.03.26-06.37.16:541][725]LogModuleManager: Shutting down and abandoning module ProfilerService (336)
[2019.03.26-06.37.16:712][725]LogModuleManager: Shutting down and abandoning module TaskGraph (334)
[2019.03.26-06.37.16:712][725]LogModuleManager: Shutting down and abandoning module SteamVRController (332)
[2019.03.26-06.37.16:712][725]LogModuleManager: Shutting down and abandoning module ProceduralMeshComponent (330)
[2019.03.26-06.37.16:712][725]LogModuleManager: Shutting down and abandoning module OculusInput (328)
[2019.03.26-06.37.16:712][725]LogModuleManager: Shutting down and abandoning module MobilePatchingUtils (326)
[2019.03.26-06.37.16:712][725]LogModuleManager: Shutting down and abandoning module EditableMesh (324)
[2019.03.26-06.37.16:712][725]LogModuleManager: Shutting down and abandoning module CustomMeshComponent (322)
[2019.03.26-06.37.16:712][725]LogModuleManager: Shutting down and abandoning module CableComponent (320)
[2019.03.26-06.37.16:712][725]LogModuleManager: Shutting down and abandoning module AudioCapture (318)
[2019.03.26-06.37.16:712][725]LogModuleManager: Shutting down and abandoning module ArchVisCharacter (316)
[2019.03.26-06.37.16:712][725]LogModuleManager: Shutting down and abandoning module AndroidPermission (314)
[2019.03.26-06.37.16:712][725]LogModuleManager: Shutting down and abandoning module NUTUnrealEngine4 (312)
[2019.03.26-06.37.16:712][725]LogModuleManager: Shutting down and abandoning module NetcodeUnitTest (310)
[2019.03.26-06.37.16:712][725]LogModuleManager: Shutting down and abandoning module MediaCompositing (308)
[2019.03.26-06.37.16:712][725]LogModuleManager: Shutting down and abandoning module LinearTimecode (306)
[2019.03.26-06.37.16:712][725]LogModuleManager: Shutting down and abandoning module ImgMedia (304)
[2019.03.26-06.37.16:715][725]LogModuleManager: Shutting down and abandoning module HTML5Networking (302)
[2019.03.26-06.37.16:715][725]LogModuleManager: Shutting down and abandoning module GeometryCacheTracks (300)
[2019.03.26-06.37.16:715][725]LogModuleManager: Shutting down and abandoning module GeometryCacheSequencer (299)
[2019.03.26-06.37.16:715][725]LogModuleManager: Shutting down and abandoning module GeometryCache (296)
[2019.03.26-06.37.16:715][725]LogModuleManager: Shutting down and abandoning module GeometryCacheEd (295)
[2019.03.26-06.37.16:715][725]LogModuleManager: Shutting down and abandoning module BackChannel (292)
[2019.03.26-06.37.16:715][725]LogModuleManager: Shutting down and abandoning module AppleVision (290)
[2019.03.26-06.37.16:715][725]LogModuleManager: Shutting down and abandoning module AppleImageUtils (288)
[2019.03.26-06.37.16:715][725]LogModuleManager: Shutting down and abandoning module DatasmithContent (286)
[2019.03.26-06.37.16:715][725]LogModuleManager: Shutting down and abandoning module CryptoKeysOpenSSL (284)
[2019.03.26-06.37.16:715][725]LogModuleManager: Shutting down and abandoning module CryptoKeys (282)
[2019.03.26-06.37.16:715][725]LogModuleManager: Shutting down and abandoning module VisualStudioSourceCodeAccess (280)
[2019.03.26-06.37.16:715][725]LogModuleManager: Shutting down and abandoning module HotReload (279)
[2019.03.26-06.37.16:715][725]LogModuleManager: Shutting down and abandoning module VisualStudioCodeSourceCodeAccess (276)
[2019.03.26-06.37.16:715][725]LogModuleManager: Shutting down and abandoning module UObjectPlugin (274)
[2019.03.26-06.37.16:715][725]LogModuleManager: Shutting down and abandoning module SubversionSourceControl (272)
[2019.03.26-06.37.16:715][725]LogModuleManager: Shutting down and abandoning module PerforceSourceControl (270)
[2019.03.26-06.37.16:715][725]LogModuleManager: Shutting down and abandoning module SourceControl (269)
[2019.03.26-06.37.16:715][725]LogModuleManager: Shutting down and abandoning module CLionSourceCodeAccess (266)
[2019.03.26-06.37.16:716][725]LogModuleManager: Shutting down and abandoning module RuntimePhysXCooking (264)
[2019.03.26-06.37.16:716][725]LogModuleManager: Shutting down and abandoning module PhysXVehiclesEditor (262)
[2019.03.26-06.37.16:716][725]LogModuleManager: Shutting down and abandoning module PhysXVehicles (260)
[2019.03.26-06.37.16:716][725]LogModuleManager: Shutting down and abandoning module LocationServicesBPLibrary (258)
[2019.03.26-06.37.16:716][725]LogModuleManager: Shutting down and abandoning module ImmediatePhysicsEditor (256)
[2019.03.26-06.37.16:716][725]LogModuleManager: Shutting down and abandoning module ImmediatePhysics (254)
[2019.03.26-06.37.16:716][725]LogModuleManager: Shutting down and abandoning module ApexDestructionEditor (252)
[2019.03.26-06.37.16:716][725]LogModuleManager: Shutting down and abandoning module ContentBrowser (251)
[2019.03.26-06.37.16:716][725]LogModuleManager: Shutting down and abandoning module CollectionManager (250)
[2019.03.26-06.37.16:716][725]LogModuleManager: Shutting down and abandoning module DirectoryWatcher (249)
[2019.03.26-06.37.16:716][725]LogModuleManager: Shutting down and abandoning module ApexDestruction (244)
[2019.03.26-06.37.16:716][725]LogModuleManager: Shutting down and abandoning module ActorSequence (242)
[2019.03.26-06.37.16:716][725]LogModuleManager: Shutting down and abandoning module UdpMessaging (240)
[2019.03.26-06.37.16:816][725]LogModuleManager: Shutting down and abandoning module TcpMessaging (238)
[2019.03.26-06.37.16:917][725]LogModuleManager: Shutting down and abandoning module MagicLeapAudio (236)
[2019.03.26-06.37.16:917][725]LogModuleManager: Shutting down and abandoning module GameplayTagsEditor (234)
[2019.03.26-06.37.16:917][725]LogModuleManager: Shutting down and abandoning module FacialAnimation (232)
[2019.03.26-06.37.16:917][725]LogModuleManager: Shutting down and abandoning module DataValidation (230)
[2019.03.26-06.37.16:917][725]LogModuleManager: Shutting down and abandoning module AssetManagerEditor (228)
[2019.03.26-06.37.16:917][725]LogModuleManager: Shutting down and abandoning module TreeMap (227)
[2019.03.26-06.37.16:918][725]LogModuleManager: Shutting down and abandoning module LightPropagationVolumeRuntime (224)
[2019.03.26-06.37.16:918][725]LogModuleManager: Shutting down and abandoning module AISupportModule (222)
[2019.03.26-06.37.16:919][725]LogModuleManager: Shutting down and abandoning module Paper2D (220)
[2019.03.26-06.37.16:919][725]LogModuleManager: Shutting down and abandoning module PIEPreviewDeviceProfileSelector (218)
[2019.03.26-06.37.16:919][725]LogModuleManager: Shutting down and abandoning module WindowsMoviePlayer (216)
[2019.03.26-06.37.16:919][725]LogModuleManager: Shutting down and abandoning module WmfMedia (214)
[2019.03.26-06.37.16:929][725]LogModuleManager: Shutting down and abandoning module Media (213)
[2019.03.26-06.37.16:937][725]LogModuleManager: Shutting down and abandoning module PacketHandler (210)
[2019.03.26-06.37.16:937][725]LogModuleManager: Shutting down and abandoning module ClothingSystemEditor (208)
[2019.03.26-06.37.16:937][725]LogModuleManager: Shutting down and abandoning module ClothingSystemRuntime (206)
[2019.03.26-06.37.16:937][725]LogModuleManager: Shutting down and abandoning module MediaAssets (204)
[2019.03.26-06.37.16:937][725]LogModuleManager: Shutting down and abandoning module Overlay (202)
[2019.03.26-06.37.16:937][725]LogModuleManager: Shutting down and abandoning module OverlayEditor (201)
[2019.03.26-06.37.16:937][725]LogModuleManager: Shutting down and abandoning module VREditor (198)
[2019.03.26-06.37.16:937][725]LogModuleManager: Shutting down and abandoning module StringTableEditor (196)
[2019.03.26-06.37.16:937][725]LogModuleManager: Shutting down and abandoning module GameplayTasksEditor (194)
[2019.03.26-06.37.16:937][725]LogModuleManager: Shutting down and abandoning module BehaviorTreeEditor (192)
[2019.03.26-06.37.16:938][725]LogModuleManager: Shutting down and abandoning module FunctionalTesting (190)
[2019.03.26-06.37.16:938][725]LogModuleManager: Shutting down and abandoning module CollisionAnalyzer (188)
[2019.03.26-06.37.16:938][725]LogModuleManager: Shutting down and abandoning module WorkspaceMenuStructure (187)
[2019.03.26-06.37.16:938][725]LogModuleManager: Shutting down and abandoning module UMG (184)
[2019.03.26-06.37.16:938][725]LogModuleManager: Shutting down and abandoning module UMGEditor (183)
[2019.03.26-06.37.16:938][725]LogModuleManager: Shutting down and abandoning module Sequencer (182)
[2019.03.26-06.37.16:939][725]LogModuleManager: Shutting down and abandoning module MessageLog (179)
[2019.03.26-06.37.16:939][725]LogModuleManager: Shutting down and abandoning module SlateReflector (174)
[2019.03.26-06.37.16:939][725]LogModuleManager: Shutting down and abandoning module Slate (172)
[2019.03.26-06.37.16:939][725]LogModuleManager: Shutting down and abandoning module EditorStyle (170)
[2019.03.26-06.37.16:943][725]LogModuleManager: Shutting down and abandoning module MRMesh (168)
[2019.03.26-06.37.16:944][725]LogModuleManager: Shutting down and abandoning module Messaging (166)
[2019.03.26-06.37.16:944][725]LogModuleManager: Shutting down and abandoning module SourceCodeAccess (164)
[2019.03.26-06.37.16:944][725]LogModuleManager: Shutting down and abandoning module HeadMountedDisplay (162)
[2019.03.26-06.37.16:944][725]LogModuleManager: Shutting down and abandoning module XAudio2 (160)
[2019.03.26-06.37.16:944][725]LogModuleManager: Shutting down and abandoning module Networking (158)
[2019.03.26-06.37.16:944][725]LogModuleManager: Shutting down and abandoning module Core (156)
[2019.03.26-06.37.16:944][725]LogModuleManager: Shutting down and abandoning module LevelSequence (154)
[2019.03.26-06.37.16:944][725]LogModuleManager: Shutting down and abandoning module KismetCompiler (152)
[2019.03.26-06.37.16:944][725]LogModuleManager: Shutting down and abandoning module MeshUtilities (150)
[2019.03.26-06.37.16:944][725]LogModuleManager: Shutting down and abandoning module MeshMergeUtilities (149)
[2019.03.26-06.37.16:944][725]LogModuleManager: Shutting down and abandoning module MeshReductionInterface (148)
[2019.03.26-06.37.16:944][725]LogModuleManager: Shutting down and abandoning module SimplygonSwarm (147)
[2019.03.26-06.37.16:944][725]LogModuleManager: Shutting down and abandoning module ProxyLODMeshReduction (145)
[2019.03.26-06.37.16:944][725]LogModuleManager: Shutting down and abandoning module SimplygonMeshReduction (143)
[2019.03.26-06.37.16:945][725]LogModuleManager: Shutting down and abandoning module QuadricMeshReduction (141)
[2019.03.26-06.37.16:945][725]LogModuleManager: Shutting down and abandoning module MaterialBaking (137)
[2019.03.26-06.37.16:945][725]LogModuleManager: Shutting down and abandoning module DerivedDataCache (132)
[2019.03.26-06.37.17:374][725]LogDerivedDataCache: Shutdown
[2019.03.26-06.37.17:374][725]LogModuleManager: Shutting down and abandoning module XGEController (130)
[2019.03.26-06.37.17:374][725]LogModuleManager: Shutting down and abandoning module TargetPlatform (128)
[2019.03.26-06.37.17:374][725]LogModuleManager: Shutting down and abandoning module VulkanShaderFormat (127)
[2019.03.26-06.37.17:374][725]LogModuleManager: Shutting down and abandoning module ShaderFormatVectorVM (125)
[2019.03.26-06.37.17:374][725]LogModuleManager: Shutting down and abandoning module ShaderFormatOpenGL (123)
[2019.03.26-06.37.17:374][725]LogModuleManager: Shutting down and abandoning module ShaderFormatD3D (121)
[2019.03.26-06.37.17:374][725]LogModuleManager: Shutting down and abandoning module MetalShaderFormat (119)
[2019.03.26-06.37.17:374][725]LogModuleManager: Shutting down and abandoning module TextureFormatUncompressed (117)
[2019.03.26-06.37.17:374][725]LogModuleManager: Shutting down and abandoning module TextureFormatPVR (115)
[2019.03.26-06.37.17:374][725]LogModuleManager: Shutting down and abandoning module TextureFormatDXT (113)
[2019.03.26-06.37.17:374][725]LogModuleManager: Shutting down and abandoning module TextureFormatIntelISPCTexComp (111)
[2019.03.26-06.37.17:374][725]LogModuleManager: Shutting down and abandoning module TextureFormatASTC (109)
[2019.03.26-06.37.17:374][725]LogModuleManager: Shutting down and abandoning module ImageWrapper (108)
[2019.03.26-06.37.17:374][725]LogModuleManager: Shutting down and abandoning module TextureFormatAndroid (105)
[2019.03.26-06.37.17:374][725]LogModuleManager: Shutting down and abandoning module AudioFormatOpus (103)
[2019.03.26-06.37.17:374][725]LogModuleManager: Shutting down and abandoning module AudioFormatOgg (101)
[2019.03.26-06.37.17:374][725]LogModuleManager: Shutting down and abandoning module AudioFormatADPCM (99)
[2019.03.26-06.37.17:374][725]LogModuleManager: Shutting down and abandoning module WindowsTargetPlatform (97)
[2019.03.26-06.37.17:374][725]LogModuleManager: Shutting down and abandoning module WindowsServerTargetPlatform (95)
[2019.03.26-06.37.17:374][725]LogModuleManager: Shutting down and abandoning module WindowsNoEditorTargetPlatform (93)
[2019.03.26-06.37.17:374][725]LogModuleManager: Shutting down and abandoning module WindowsClientTargetPlatform (91)
[2019.03.26-06.37.17:374][725]LogModuleManager: Shutting down and abandoning module InputCore (88)
[2019.03.26-06.37.17:374][725]LogModuleManager: Shutting down and abandoning module Settings (86)
[2019.03.26-06.37.17:374][725]LogModuleManager: Shutting down and abandoning module PhysXCooking (84)
[2019.03.26-06.37.17:374][725]LogModuleManager: Shutting down and abandoning module SteamVR (82)
[2019.03.26-06.37.17:374][725]LogModuleManager: Shutting down and abandoning module OculusHMD (80)
[2019.03.26-06.37.17:375][725]LogModuleManager: Shutting down and abandoning module ExampleDeviceProfileSelector (78)
[2019.03.26-06.37.17:375][725]LogModuleManager: Shutting down and abandoning module LauncherChunkInstaller (76)
[2019.03.26-06.37.17:375][725]LogModuleManager: Shutting down and abandoning module OnlineBlueprintSupport (74)
[2019.03.26-06.37.17:375][725]LogModuleManager: Shutting down and abandoning module OnlineSubsystem (70)
[2019.03.26-06.37.17:375][725]LogModuleManager: Shutting down and abandoning module XMPP (65)
[2019.03.26-06.37.17:375][725]LogModuleManager: Shutting down and abandoning module WebSockets (64)
[2019.03.26-06.37.17:395][725]LogModuleManager: Shutting down and abandoning module HTTP (61)
[2019.03.26-06.37.17:419][725]LogModuleManager: Shutting down and abandoning module SSL (60)
[2019.03.26-06.37.17:420][725]LogModuleManager: Shutting down and abandoning module MagicLeapEmulator (56)
[2019.03.26-06.37.17:420][725]LogModuleManager: Shutting down and abandoning module MagicLeapPrivileges (54)
[2019.03.26-06.37.17:420][725]LogModuleManager: Shutting down and abandoning module MagicLeapIdentity (52)
[2019.03.26-06.37.17:420][725]LogModuleManager: Shutting down and abandoning module MagicLeapHelperVulkan (50)
[2019.03.26-06.37.17:420][725]LogModuleManager: Shutting down and abandoning module MagicLeapHelperOpenGL (48)
[2019.03.26-06.37.17:420][725]LogModuleManager: Shutting down and abandoning module MagicLeapSecureStorage (46)
[2019.03.26-06.37.17:420][725]LogModuleManager: Shutting down and abandoning module MagicLeapGestures (44)
[2019.03.26-06.37.17:420][725]LogModuleManager: Shutting down and abandoning module MagicLeapEyeTracker (42)
[2019.03.26-06.37.17:420][725]LogModuleManager: Shutting down and abandoning module MagicLeapController (40)
[2019.03.26-06.37.17:420][725]LogSlate: Slate User Destroyed.  User Index 0, Is Virtual User: 0
[2019.03.26-06.37.17:420][725]LogModuleManager: Shutting down and abandoning module MagicLeap (38)
[2019.03.26-06.37.17:420][725]LogModuleManager: Shutting down and abandoning module AnimationModifiers (36)
[2019.03.26-06.37.17:420][725]LogModuleManager: Shutting down and abandoning module PropertyEditor (35)
[2019.03.26-06.37.17:420][725]LogModuleManager: Shutting down and abandoning module AudioEditor (32)
[2019.03.26-06.37.17:420][725]LogModuleManager: Shutting down and abandoning module TextureCompressor (30)
[2019.03.26-06.37.17:420][725]LogModuleManager: Shutting down and abandoning module ShaderCore (28)
[2019.03.26-06.37.17:420][725]LogModuleManager: Shutting down and abandoning module Landscape (26)
[2019.03.26-06.37.17:420][725]LogModuleManager: Shutting down and abandoning module SlateRHIRenderer (24)
[2019.03.26-06.37.17:421][725]LogModuleManager: Shutting down and abandoning module OpenGLDrv (22)
[2019.03.26-06.37.17:421][725]LogModuleManager: Shutting down and abandoning module D3D11RHI (20)
[2019.03.26-06.37.17:421][725]LogModuleManager: Shutting down and abandoning module AnimGraphRuntime (18)
[2019.03.26-06.37.17:421][725]LogModuleManager: Shutting down and abandoning module Renderer (16)
[2019.03.26-06.37.17:421][725]LogModuleManager: Shutting down and abandoning module Engine (14)
[2019.03.26-06.37.17:421][725]LogModuleManager: Shutting down and abandoning module CoreUObject (12)
[2019.03.26-06.37.17:421][725]LogModuleManager: Shutting down and abandoning module NetworkFile (10)
[2019.03.26-06.37.17:421][725]LogModuleManager: Shutting down and abandoning module CookedIterativeFile (8)
[2019.03.26-06.37.17:421][725]LogModuleManager: Shutting down and abandoning module StreamingFile (6)
[2019.03.26-06.37.17:421][725]LogModuleManager: Shutting down and abandoning module SandboxFile (4)
[2019.03.26-06.37.17:421][725]LogModuleManager: Shutting down and abandoning module PakFile (2)
[2019.03.26-06.37.17:427][725]LogExit: Exiting.
[2019.03.26-06.37.17:436][725]Log file closed, 03/25/19 23:37:17
