Log file open, 09/16/18 20:20:15
LogWindows: Failed to load 'aqProf.dll' (GetLastError=126)
LogWindows: File 'aqProf.dll' does not exist
LogWindows: Failed to load 'VSPerf140.dll' (GetLastError=126)
LogWindows: File 'VSPerf140.dll' does not exist
LogWindows: Failed to load 'VtuneApi.dll' (GetLastError=126)
LogWindows: File 'VtuneApi.dll' does not exist
LogWindows: Failed to load 'VtuneApi32e.dll' (GetLastError=126)
LogWindows: File 'VtuneApi32e.dll' does not exist
LogInit: Display: Running engine for game: VirtualUP
LogPlatformFile: Not using cached read wrapper
LogTaskGraph: Started task graph with 5 named threads and 14 total threads with 3 sets of task threads.
LogStats: Stats thread started at 0.186635
LogD3D11RHI: Loaded GFSDK_Aftermath_Lib.x64.dll
LogICUInternationalization: Display: ICU TimeZone Detection - Raw Offset: -8:00, Platform Override: ''
LogPluginManager: Mounting plugin Paper2D
LogPluginManager: Mounting plugin AISupport
LogPluginManager: Mounting plugin LightPropagationVolume
LogPluginManager: Mounting plugin CLionSourceCodeAccess
LogPluginManager: Mounting plugin CodeLiteSourceCodeAccess
LogPluginManager: Mounting plugin GitSourceControl
LogPluginManager: Mounting plugin KDevelopSourceCodeAccess
LogPluginManager: Mounting plugin NullSourceCodeAccess
LogPluginManager: Mounting plugin PerforceSourceControl
LogPluginManager: Mounting plugin SubversionSourceControl
LogPluginManager: Mounting plugin UObjectPlugin
LogPluginManager: Mounting plugin VisualStudioCodeSourceCodeAccess
LogPluginManager: Mounting plugin VisualStudioSourceCodeAccess
LogPluginManager: Mounting plugin XCodeSourceCodeAccess
LogPluginManager: Mounting plugin AssetManagerEditor
LogPluginManager: Mounting plugin CryptoKeys
LogPluginManager: Mounting plugin DataValidation
LogPluginManager: Mounting plugin FacialAnimation
LogPluginManager: Mounting plugin GameplayTagsEditor
LogPluginManager: Mounting plugin MacGraphicsSwitching
LogPluginManager: Mounting plugin MeshEditor
LogPluginManager: Mounting plugin MobileLauncherProfileWizard
LogPluginManager: Mounting plugin PluginBrowser
LogPluginManager: Mounting plugin SpeedTreeImporter
LogPluginManager: Mounting plugin DatasmithContent
LogPluginManager: Mounting plugin AlembicImporter
LogPluginManager: Mounting plugin AppleImageUtils
LogPluginManager: Mounting plugin AppleVision
LogPluginManager: Mounting plugin BackChannel
LogPluginManager: Mounting plugin CharacterAI
LogPluginManager: Mounting plugin GeometryCache
LogPluginManager: Mounting plugin HTML5Networking
LogPluginManager: Mounting plugin ProxyLODPlugin
LogPluginManager: Mounting plugin MagicLeap
LogPluginManager: Mounting plugin MagicLeapEmulator
LogPluginManager: Mounting plugin MagicLeapMedia
LogPluginManager: Mounting plugin AndroidMedia
LogPluginManager: Mounting plugin AvfMedia
LogPluginManager: Mounting plugin ImgMedia
LogPluginManager: Mounting plugin LinearTimecode
LogPluginManager: Mounting plugin MediaCompositing
LogPluginManager: Mounting plugin MediaPlayerEditor
LogPluginManager: Mounting plugin WmfMedia
LogPluginManager: Mounting plugin TcpMessaging
LogPluginManager: Mounting plugin UdpMessaging
LogPluginManager: Mounting plugin ActorSequence
LogPluginManager: Mounting plugin LevelSequenceEditor
LogPluginManager: Mounting plugin MatineeToLevelSequence
LogPluginManager: Mounting plugin NetcodeUnitTest
LogPluginManager: Mounting plugin NUTUnrealEngine4
LogPluginManager: Mounting plugin OnlineSubsystemGooglePlay
LogPluginManager: Mounting plugin OnlineSubsystemIOS
LogPluginManager: Mounting plugin OnlineSubsystem
LogPluginManager: Mounting plugin OnlineSubsystemNull
LogPluginManager: Mounting plugin OnlineSubsystemUtils
LogPluginManager: Mounting plugin LauncherChunkInstaller
LogPluginManager: Mounting plugin AndroidDeviceProfileSelector
LogPluginManager: Mounting plugin AndroidMoviePlayer
LogPluginManager: Mounting plugin AndroidPermission
LogPluginManager: Mounting plugin AppleMoviePlayer
LogPluginManager: Mounting plugin ArchVisCharacter
LogPluginManager: Mounting plugin AudioCapture
LogPluginManager: Mounting plugin CableComponent
LogPluginManager: Mounting plugin CustomMeshComponent
LogPluginManager: Mounting plugin EditableMesh
LogPluginManager: Mounting plugin ExampleDeviceProfileSelector
LogPluginManager: Mounting plugin GoogleCloudMessaging
LogPluginManager: Mounting plugin ImmediatePhysics
LogPluginManager: Mounting plugin IOSDeviceProfileSelector
LogPluginManager: Mounting plugin LinuxDeviceProfileSelector
LogPluginManager: Mounting plugin LocationServicesBPLibrary
LogPluginManager: Mounting plugin MobilePatchingUtils
LogPluginManager: Mounting plugin OculusVR
LogPluginManager: Plugin shader directory ../../../Engine/Plugins/Runtime/Oculus/OculusVR/Shaders found
LogPluginManager: Mapping shader source directory ../../../Engine/Plugins/Runtime/Oculus/OculusVR/Shaders to virtual directory /Plugin/OculusVR
LogPluginManager: Mounting plugin PhysXVehicles
LogPluginManager: Mounting plugin ProceduralMeshComponent
LogPluginManager: Mounting plugin RuntimePhysXCooking
LogPluginManager: Mounting plugin SteamVR
LogPluginManager: Mounting plugin WindowsMoviePlayer
LogStreaming: Display: Took  0.061s to configure plugins.
LogInit: Using libcurl 7.55.1-DEV
LogInit:  - built for x86_64-pc-win32
LogInit:  - supports SSL with OpenSSL/1.0.2h
LogInit:  - supports HTTP deflate (compression) using libz 1.2.8
LogInit:  - other features:
LogInit:      CURL_VERSION_SSL
LogInit:      CURL_VERSION_LIBZ
LogInit:      CURL_VERSION_IPV6
LogInit:      CURL_VERSION_ASYNCHDNS
LogInit:      CURL_VERSION_LARGEFILE
LogInit:      CURL_VERSION_IDN
LogInit:  CurlRequestOptions (configurable via config and command line):
LogInit:  - bVerifyPeer = false  - Libcurl will NOT verify peer certificate
LogInit:  - bUseHttpProxy = false  - Libcurl will NOT use HTTP proxy
LogInit:  - bDontReuseConnections = false  - Libcurl will reuse connections
LogInit:  - CertBundlePath = nullptr  - Libcurl will use whatever was configured at build time.
LogInit:  - MaxHostConnections = 16  - Libcurl will limit the number of connections to a host
LogInit:  - LocalHostAddr = Default
LogInit:  - BufferSize = 65536
LogInit: WinSock: version 1.1 (2.2), MaxSocks=32767, MaxUdp=65467
LogInit: Build: ++UE4+Release-4.20-CL-4302132
LogInit: Engine Version: 4.20.2-4302132+++UE4+Release-4.20
LogInit: Compatible Engine Version: 4.20.0-4212847+++UE4+Release-4.20
LogInit: Net CL: 4212847
LogInit: OS: Windows 10 (), CPU: Intel(R) Core(TM) i5-7600K CPU @ 3.80GHz, GPU: NVIDIA GeForce GTX 1080
LogInit: Compiled (64-bit): Aug 21 2018 02:06:06
LogInit: Compiled with Visual C++: 19.13.26129.00
LogInit: Build Configuration: Development
LogInit: Branch Name: ++UE4+Release-4.20
LogInit: Command Line: 
LogInit: Base Directory: C:/UE_4.20/Engine/Binaries/Win64/
LogInit: Installed Engine Build: 1
LogDevObjectVersion: Number of dev versions registered: 20
LogDevObjectVersion:   Dev-Blueprints (B0D832E4-1F89-4F0D-ACCF-7EB736FD4AA2): 10
LogDevObjectVersion:   Dev-Build (E1C64328-A22C-4D53-A36C-8E866417BD8C): 0
LogDevObjectVersion:   Dev-Core (375EC13C-06E4-48FB-B500-84F0262A717E): 2
LogDevObjectVersion:   Dev-Editor (E4B068ED-F494-42E9-A231-DA0B2E46BB41): 24
LogDevObjectVersion:   Dev-Framework (CFFC743F-43B0-4480-9391-14DF171D2073): 34
LogDevObjectVersion:   Dev-Mobile (B02B49B5-BB20-44E9-A304-32B752E40360): 2
LogDevObjectVersion:   Dev-Networking (A4E4105C-59A1-49B5-A7C5-40C4547EDFEE): 0
LogDevObjectVersion:   Dev-Online (39C831C9-5AE6-47DC-9A44-9C173E1C8E7C): 0
LogDevObjectVersion:   Dev-Physics (78F01B33-EBEA-4F98-B9B4-84EACCB95AA2): 0
LogDevObjectVersion:   Dev-Platform (6631380F-2D4D-43E0-8009-CF276956A95A): 0
LogDevObjectVersion:   Dev-Rendering (12F88B9F-8875-4AFC-A67C-D90C383ABD29): 26
LogDevObjectVersion:   Dev-Sequencer (7B5AE74C-D270-4C10-A958-57980B212A5A): 9
LogDevObjectVersion:   Dev-VR (D7296918-1DD6-4BDD-9DE2-64A83CC13884): 2
LogDevObjectVersion:   Dev-LoadTimes (C2A15278-BFE7-4AFE-6C17-90FF531DF755): 1
LogDevObjectVersion:   Private-Geometry (6EACA3D4-40EC-4CC1-B786-8BED09428FC5): 3
LogDevObjectVersion:   Dev-AnimPhys (29E575DD-E0A3-4627-9D10-D276232CDCEA): 17
LogDevObjectVersion:   Dev-ReflectionCapture (6B266CEC-1EC7-4B8F-A30B-E4D90942FC07): 1
LogDevObjectVersion:   Dev-Automation (0DF73D61-A23F-47EA-B727-89E90C41499A): 1
LogDevObjectVersion:   FortniteMain (601D1886-AC64-4F84-AA16-D3DE0DEAC7D6): 12
LogDevObjectVersion:   Dev-Enterprise (9DFFBCD6-494F-0158-E221-12823C92A888): 1
LogStreaming: Display: Took  0.000s to delete old logs.
LogInit: Presizing for max 8388607 objects, including 0 objects not considered by GC, pre-allocating 0 bytes for permanent pool.
LogInit: Object subsystem initialized
[2018.09.17-03.20.15:263][  0]LogInit: Selected Device Profile: [Windows]
[2018.09.17-03.20.15:263][  0]LogInit: Applying CVar settings loaded from the selected device profile: [Windows]
[2018.09.17-03.20.15:272][  0]LogHAL: Display: Platform has ~ 16 GB [17139462144 / 17179869184 / 16], which maps to Larger [LargestMinGB=32, LargerMinGB=12, DefaultMinGB=8, SmallerMinGB=6, SmallestMinGB=0)
[2018.09.17-03.20.15:272][  0]LogInit: Setting Device Profile CVar: [[r.Vulkan.UseRealUBs:1]]
[2018.09.17-03.20.15:272][  0]LogInit: Going up to parent DeviceProfile []
[2018.09.17-03.20.15:272][  0]LogInit: Computer: DESKTOP-KINSOES
[2018.09.17-03.20.15:272][  0]LogInit: User: ripple19
[2018.09.17-03.20.15:272][  0]LogInit: CPU Page size=4096, Cores=4
[2018.09.17-03.20.15:272][  0]LogInit: High frequency timer resolution =3.703123 MHz
[2018.09.17-03.20.15:273][  0]LogMemory: Memory total: Physical=16.0GB (16GB approx)
[2018.09.17-03.20.15:273][  0]LogMemory: Platform Memory Stats for Windows
[2018.09.17-03.20.15:273][  0]LogMemory: Process Physical Memory: 99.79 MB used, 99.79 MB peak
[2018.09.17-03.20.15:273][  0]LogMemory: Process Virtual Memory: 84.22 MB used, 84.22 MB peak
[2018.09.17-03.20.15:273][  0]LogMemory: Physical Memory: 5225.15 MB used,  11120.32 MB free, 16345.46 MB total
[2018.09.17-03.20.15:273][  0]LogMemory: Virtual Memory: 4620.27 MB used,  11120.32 MB free, 134217728.00 MB total
[2018.09.17-03.20.15:288][  0]LogInit: Using OS detected language (en-US).
[2018.09.17-03.20.15:288][  0]LogInit: Using OS detected locale (en-US).
[2018.09.17-03.20.15:289][  0]LogTextLocalizationManager: No specific localization for 'en-US' exists, so the 'en' localization will be used.
[2018.09.17-03.20.15:601][  0]LogStreaming: Display: Took  0.313s to InitEngineTextLocalization.
[2018.09.17-03.20.15:601][  0]LogInit: Setting process to per monitor DPI aware
[2018.09.17-03.20.15:627][  0]LogSlate: New Slate User Created.  User Index 0, Is Virtual User: 0
[2018.09.17-03.20.15:627][  0]LogSlate: Slate User Registered.  User Index 0, Is Virtual User: 0
[2018.09.17-03.20.15:769][  0]LogHMD: Failed to initialize OpenVR with code 110
[2018.09.17-03.20.15:769][  0]LogD3D11RHI: D3D11 adapters:
[2018.09.17-03.20.15:819][  0]LogD3D11RHI:    0. 'NVIDIA GeForce GTX 1080' (Feature Level 11_0)
[2018.09.17-03.20.15:819][  0]LogD3D11RHI:       8079/0/8172 MB DedicatedVideo/DedicatedSystem/SharedSystem, Outputs:1, VendorId:0x10de
[2018.09.17-03.20.15:821][  0]LogD3D11RHI:    1. 'Microsoft Basic Render Driver' (Feature Level 11_0)
[2018.09.17-03.20.15:821][  0]LogD3D11RHI:       0/0/8172 MB DedicatedVideo/DedicatedSystem/SharedSystem, Outputs:0, VendorId:0x1414
[2018.09.17-03.20.15:821][  0]LogD3D11RHI: Chosen D3D11 Adapter: 0
[2018.09.17-03.20.15:825][  0]LogD3D11RHI: Creating new Direct3DDevice
[2018.09.17-03.20.15:825][  0]LogD3D11RHI:     GPU DeviceId: 0x1b80 (for the marketing name, search the web for "GPU Device Id")
[2018.09.17-03.20.15:825][  0]LogWindows: EnumDisplayDevices:
[2018.09.17-03.20.15:825][  0]LogWindows:    0. 'NVIDIA GeForce GTX 1080' (P:1 D:1)
[2018.09.17-03.20.15:825][  0]LogWindows:    1. 'NVIDIA GeForce GTX 1080' (P:0 D:0)
[2018.09.17-03.20.15:826][  0]LogWindows:    2. 'NVIDIA GeForce GTX 1080' (P:0 D:0)
[2018.09.17-03.20.15:826][  0]LogWindows:    3. 'NVIDIA GeForce GTX 1080' (P:0 D:0)
[2018.09.17-03.20.15:826][  0]LogWindows: DebugString: FoundDriverCount:4 
[2018.09.17-03.20.15:826][  0]LogD3D11RHI:     Adapter Name: NVIDIA GeForce GTX 1080
[2018.09.17-03.20.15:826][  0]LogD3D11RHI:   Driver Version: 398.36 (internal:24.21.13.9836, unified:398.36)
[2018.09.17-03.20.15:826][  0]LogD3D11RHI:      Driver Date: 6-24-2018
[2018.09.17-03.20.15:826][  0]LogRHI: Texture pool is 5655 MB (70% of 8079 MB)
[2018.09.17-03.20.15:855][  0]LogD3D11RHI: Async texture creation enabled
[2018.09.17-03.20.15:871][  0]LogD3D11RHI: GPU Timing Frequency: 1000.000000 (Debug: 2 2)
[2018.09.17-03.20.15:920][  0]LogShaderCompilers: Guid format shader working directory is 21 characters bigger than the processId version (D:/Unreal Projects/VirtualUP/Intermediate/Shaders/WorkingDirectory/8764/).
[2018.09.17-03.20.15:920][  0]LogShaderCompilers: Cleaned the shader compiler working directory 'C:/Users/ripple19/AppData/Local/Temp/UnrealShaderWorkingDir/790C9D3841EF1DC8BA492B99BE1B83F2/'.
[2018.09.17-03.20.16:129][  0]LogTemp: Display: Loaded TP AllDesktopTargetPlatform
[2018.09.17-03.20.16:139][  0]LogTemp: Display: Loaded TP MacClientTargetPlatform
[2018.09.17-03.20.16:150][  0]LogTemp: Display: Loaded TP MacNoEditorTargetPlatform
[2018.09.17-03.20.16:160][  0]LogTemp: Display: Loaded TP MacServerTargetPlatform
[2018.09.17-03.20.16:171][  0]LogTemp: Display: Loaded TP MacTargetPlatform
[2018.09.17-03.20.16:182][  0]LogTemp: Display: Loaded TP WindowsClientTargetPlatform
[2018.09.17-03.20.16:193][  0]LogTemp: Display: Loaded TP WindowsNoEditorTargetPlatform
[2018.09.17-03.20.16:205][  0]LogTemp: Display: Loaded TP WindowsServerTargetPlatform
[2018.09.17-03.20.16:210][  0]LogTemp: Display: Loaded TP WindowsTargetPlatform
[2018.09.17-03.20.16:275][  0]LogTemp: Display: Loaded TP AndroidTargetPlatform
[2018.09.17-03.20.16:275][  0]LogTemp: Display: Loaded TP AndroidTargetPlatform
[2018.09.17-03.20.16:275][  0]LogTemp: Display: Loaded TP AndroidTargetPlatform
[2018.09.17-03.20.16:275][  0]LogTemp: Display: Loaded TP AndroidTargetPlatform
[2018.09.17-03.20.16:275][  0]LogTemp: Display: Loaded TP AndroidTargetPlatform
[2018.09.17-03.20.16:275][  0]LogTemp: Display: Loaded TP AndroidTargetPlatform
[2018.09.17-03.20.16:275][  0]LogTemp: Display: Loaded TP AndroidTargetPlatform
[2018.09.17-03.20.16:275][  0]LogTemp: Display: Loaded TP AndroidTargetPlatform
[2018.09.17-03.20.16:275][  0]LogTemp: Display: Loaded TP AndroidTargetPlatform
[2018.09.17-03.20.16:275][  0]LogTemp: Display: Loaded TP AndroidTargetPlatform
[2018.09.17-03.20.16:275][  0]LogTemp: Display: Loaded TP AndroidTargetPlatform
[2018.09.17-03.20.16:275][  0]LogTemp: Display: Loaded TP AndroidTargetPlatform
[2018.09.17-03.20.16:275][  0]LogTemp: Display: Loaded TP AndroidTargetPlatform
[2018.09.17-03.20.16:275][  0]LogTemp: Display: Loaded TP AndroidTargetPlatform
[2018.09.17-03.20.16:275][  0]LogTemp: Display: Loaded TP AndroidTargetPlatform
[2018.09.17-03.20.16:275][  0]LogTemp: Display: Loaded TP AndroidTargetPlatform
[2018.09.17-03.20.16:275][  0]LogTemp: Display: Loaded TP AndroidTargetPlatform
[2018.09.17-03.20.16:275][  0]LogTemp: Display: Loaded TP AndroidTargetPlatform
[2018.09.17-03.20.16:276][  0]LogTemp: Display: Loaded TP HTML5TargetPlatform
[2018.09.17-03.20.16:330][  0]LogTemp: Display: Loaded TP IOSTargetPlatform
[2018.09.17-03.20.16:330][  0]LogTemp: Display: Loaded TP IOSTargetPlatform
[2018.09.17-03.20.16:348][  0]LogTemp: Display: Loaded TP TVOSTargetPlatform
[2018.09.17-03.20.16:348][  0]LogTemp: Display: Loaded TP TVOSTargetPlatform
[2018.09.17-03.20.16:357][  0]LogTemp: Display: Loaded TP LinuxClientTargetPlatform
[2018.09.17-03.20.16:367][  0]LogTemp: Display: Loaded TP LinuxNoEditorTargetPlatform
[2018.09.17-03.20.16:376][  0]LogTemp: Display: Loaded TP LinuxServerTargetPlatform
[2018.09.17-03.20.16:387][  0]LogTemp: Display: Loaded TP LinuxTargetPlatform
[2018.09.17-03.20.16:394][  0]LogTemp: Display: Loaded TP LuminTargetPlatform
[2018.09.17-03.20.16:394][  0]LogTargetPlatformManager: Display: Building Assets For Windows
[2018.09.17-03.20.16:440][  0]LogXGEController: Cannot use XGE Controller as Incredibuild is not installed on this machine.
[2018.09.17-03.20.16:440][  0]LogShaderCompilers: Cannot use XGE Shader Compiler as Incredibuild is not installed on this machine.
[2018.09.17-03.20.16:440][  0]LogShaderCompilers: Display: Using Local Shader Compiler.
[2018.09.17-03.20.17:022][  0]LogDerivedDataCache: Display: Max Cache Size: 512 MB
[2018.09.17-03.20.17:074][  0]LogDerivedDataCache: Loaded boot cache 0.05s 93MB C:/Users/ripple19/AppData/Local/UnrealEngine/4.20/DerivedDataCache/Boot.ddc.
[2018.09.17-03.20.17:074][  0]LogDerivedDataCache: Display: Loaded Boot cache: C:/Users/ripple19/AppData/Local/UnrealEngine/4.20/DerivedDataCache/Boot.ddc
[2018.09.17-03.20.17:074][  0]LogDerivedDataCache: FDerivedDataBackendGraph:  Pak pak cache file D:/Unreal Projects/VirtualUP/DerivedDataCache/DDC.ddp not found, will not use a pak cache.
[2018.09.17-03.20.17:074][  0]LogDerivedDataCache: Unable to find inner node Pak for hierarchical cache Hierarchy.
[2018.09.17-03.20.17:074][  0]LogDerivedDataCache: FDerivedDataBackendGraph:  CompressedPak pak cache file D:/Unreal Projects/VirtualUP/DerivedDataCache/Compressed.ddp not found, will not use a pak cache.
[2018.09.17-03.20.17:074][  0]LogDerivedDataCache: Unable to find inner node CompressedPak for hierarchical cache Hierarchy.
[2018.09.17-03.20.17:085][  0]LogDerivedDataCache: Display: Pak cache opened for reading ../../../Engine/DerivedDataCache/Compressed.ddp.
[2018.09.17-03.20.17:097][  0]LogDerivedDataCache: Using Local data cache path C:/Users/ripple19/AppData/Local/UnrealEngine/Common/DerivedDataCache: Writable
[2018.09.17-03.20.17:097][  0]LogDerivedDataCache: Shared data cache path not found in *engine.ini, will not use an Shared cache.
[2018.09.17-03.20.17:097][  0]LogDerivedDataCache: Unable to find inner node Shared for hierarchical cache Hierarchy.
[2018.09.17-03.20.17:112][  0]LogMaterial: Verifying Global Shaders for PCD3D_SM5
[2018.09.17-03.20.17:113][  0]LogSlate: Using FreeType 2.6.0
[2018.09.17-03.20.17:114][  0]LogSlate: SlateFontServices - WITH_FREETYPE: 1, WITH_HARFBUZZ: 1
[2018.09.17-03.20.17:178][  0]LogAssetRegistry: FAssetRegistry took 0.0255 seconds to start up
[2018.09.17-03.20.17:427][  0]LogInit: Selected Device Profile: [Windows]
[2018.09.17-03.20.17:544][  0]LogSimplygon: Simplygon DLL not present - disabling.
[2018.09.17-03.20.17:547][  0]LogMeshReduction: Using SimplygonSwarm for distributed automatic mesh merging
[2018.09.17-03.20.17:547][  0]LogMeshReduction: Using ProxyLODMeshReduction for automatic mesh merging
[2018.09.17-03.20.17:547][  0]LogMeshReduction: Using QuadricMeshReduction for automatic static mesh reduction
[2018.09.17-03.20.17:547][  0]LogMeshReduction: No automatic skeletal mesh reduction module available
[2018.09.17-03.20.17:560][  0]LogNetVersion: VirtualUP 1.0.0, NetCL: 4212847, EngineNetVer: 5, GameNetVer: 0 (Checksum: 1504370664)
[2018.09.17-03.20.18:053][  0]LogPackageLocalizationCache: Processed 11 localized package path(s) for 2 prioritized culture(s) in 0.070456 seconds
[2018.09.17-03.20.18:059][  0]LogUObjectArray: 38425 objects as part of root set at end of initial load.
[2018.09.17-03.20.18:059][  0]LogUObjectAllocator: 6690872 out of 0 bytes used by permanent object pool.
[2018.09.17-03.20.18:059][  0]LogUObjectArray: CloseDisregardForGC: 0/0 objects in disregard for GC pool
[2018.09.17-03.20.18:920][  0]LogTcpMessaging: Initializing TcpMessaging bridge
[2018.09.17-03.20.18:944][  0]LogUdpMessaging: Initializing bridge on interface 0.0.0.0:0 to multicast group 230.0.0.1:6666.
[2018.09.17-03.20.19:079][  0]SourceControl: Source control is disabled
[2018.09.17-03.20.19:079][  0]SourceControl: Source control is disabled
[2018.09.17-03.20.19:080][  0]SourceControl: Source control is disabled
[2018.09.17-03.20.19:081][  0]SourceControl: Source control is disabled
[2018.09.17-03.20.19:227][  0]LogAndroidPermission: UAndroidPermissionCallbackProxy::GetInstance
[2018.09.17-03.20.19:282][  0]LogOcInput: OculusInput pre-init called
[2018.09.17-03.20.19:346][  0]LogEngine: Initializing Engine...
[2018.09.17-03.20.19:347][  0]LogHMD: Failed to initialize OpenVR with code 110
[2018.09.17-03.20.19:348][  0]LogStats: UGameplayTagsManager::ConstructGameplayTagTree: ImportINI prefixes -  0.000 s
[2018.09.17-03.20.19:348][  0]LogStats: UGameplayTagsManager::ConstructGameplayTagTree: Construct from data asset -  0.000 s
[2018.09.17-03.20.19:348][  0]LogStats: UGameplayTagsManager::ConstructGameplayTagTree: ImportINI -  0.000 s
[2018.09.17-03.20.19:348][  0]LogStats: UGameplayTagsManager::ConstructGameplayTagTree: GameplayTagTreeChangedEvent.Broadcast -  0.000 s
[2018.09.17-03.20.19:549][  0]LogInit: Initializing FReadOnlyCVARCache
[2018.09.17-03.20.19:561][  0]LogAIModule: Creating AISystem for world Untitled
[2018.09.17-03.20.19:572][  0]LogInit: XAudio2 using 'Speakers (3- USB Audio Device)' : 2 channels at 48 kHz using 16 bits per sample (channel mask 0x3)
[2018.09.17-03.20.19:596][  0]LogInit: FAudioDevice initialized.
[2018.09.17-03.20.19:596][  0]LogNetVersion: Set ProjectVersion to 1.0.0.0. Version Checksum will be recalculated on next use.
[2018.09.17-03.20.19:679][  0]LogDerivedDataCache: Saved boot cache 0.08s 86MB C:/Users/ripple19/AppData/Local/UnrealEngine/4.20/DerivedDataCache/Boot.ddc.
[2018.09.17-03.20.19:690][  0]LogInit: Texture streaming: Enabled
[2018.09.17-03.20.19:704][  0]LogEngineSessionManager: EngineSessionManager initialized
[2018.09.17-03.20.19:713][  0]LogInit: Transaction tracking system initialized
[2018.09.17-03.20.19:732][  0]BlueprintLog: New page: Editor Load
[2018.09.17-03.20.19:795][  0]LocalizationService: Localization service is disabled
[2018.09.17-03.20.20:022][  0]LogCook: Display: Max memory allowance for cook 16384mb min free memory 0mb
[2018.09.17-03.20.20:022][  0]LogCook: Display: Mobile HDR setting 1
[2018.09.17-03.20.20:022][  0]LogGameplayTags: Display: UGameplayTagsManager::DoneAddingNativeTags. DelegateIsBound: 0
[2018.09.17-03.20.20:022][  0]LogStats: UGameplayTagsManager::ConstructGameplayTagTree: ImportINI prefixes -  0.000 s
[2018.09.17-03.20.20:022][  0]LogStats: UGameplayTagsManager::ConstructGameplayTagTree: Construct from data asset -  0.000 s
[2018.09.17-03.20.20:022][  0]LogStats: UGameplayTagsManager::ConstructGameplayTagTree: ImportINI -  0.000 s
[2018.09.17-03.20.20:022][  0]LogStats: UGameplayTagsManager::ConstructGameplayTagTree: GameplayTagTreeChangedEvent.Broadcast -  0.000 s
[2018.09.17-03.20.20:118][  0]LogFileCache: Scanning file cache for directory 'D:/Unreal Projects/VirtualUP/Content/' took 0.01s
[2018.09.17-03.20.20:118][  0]SourceControl: Source control is disabled
[2018.09.17-03.20.20:119][  0]LogFactory: FactoryCreateFile: PackFactory with PackFactory (0 0 C:/UE_4.20/FeaturePacks/StarterContent.upack)
[2018.09.17-03.20.20:125][  0]LogPackFactory: Finished extracting 8 files (including 0 errors).
[2018.09.17-03.20.20:132][  0]LogPackFactory: Copied "../../../Samples/StarterContent/Content/StarterContent/Architecture/Floor_400x400.uasset" to "D:/Unreal Projects/VirtualUP/Content/StarterContent/Architecture/Floor_400x400.uasset"
[2018.09.17-03.20.20:139][  0]LogPackFactory: Copied "../../../Samples/StarterContent/Content/StarterContent/Architecture/Pillar_50x500.uasset" to "D:/Unreal Projects/VirtualUP/Content/StarterContent/Architecture/Pillar_50x500.uasset"
[2018.09.17-03.20.20:147][  0]LogPackFactory: Copied "../../../Samples/StarterContent/Content/StarterContent/Architecture/SM_AssetPlatform.uasset" to "D:/Unreal Projects/VirtualUP/Content/StarterContent/Architecture/SM_AssetPlatform.uasset"
[2018.09.17-03.20.20:154][  0]LogPackFactory: Copied "../../../Samples/StarterContent/Content/StarterContent/Architecture/Wall_400x200.uasset" to "D:/Unreal Projects/VirtualUP/Content/StarterContent/Architecture/Wall_400x200.uasset"
[2018.09.17-03.20.20:161][  0]LogPackFactory: Copied "../../../Samples/StarterContent/Content/StarterContent/Architecture/Wall_400x300.uasset" to "D:/Unreal Projects/VirtualUP/Content/StarterContent/Architecture/Wall_400x300.uasset"
[2018.09.17-03.20.20:168][  0]LogPackFactory: Copied "../../../Samples/StarterContent/Content/StarterContent/Architecture/Wall_400x400.uasset" to "D:/Unreal Projects/VirtualUP/Content/StarterContent/Architecture/Wall_400x400.uasset"
[2018.09.17-03.20.20:175][  0]LogPackFactory: Copied "../../../Samples/StarterContent/Content/StarterContent/Architecture/Wall_500x500.uasset" to "D:/Unreal Projects/VirtualUP/Content/StarterContent/Architecture/Wall_500x500.uasset"
[2018.09.17-03.20.20:183][  0]LogPackFactory: Copied "../../../Samples/StarterContent/Content/StarterContent/Architecture/Wall_Door_400x300.uasset" to "D:/Unreal Projects/VirtualUP/Content/StarterContent/Architecture/Wall_Door_400x300.uasset"
[2018.09.17-03.20.20:190][  0]LogPackFactory: Copied "../../../Samples/StarterContent/Content/StarterContent/Architecture/Wall_Door_400x400.uasset" to "D:/Unreal Projects/VirtualUP/Content/StarterContent/Architecture/Wall_Door_400x400.uasset"
[2018.09.17-03.20.20:196][  0]LogPackFactory: Copied "../../../Samples/StarterContent/Content/StarterContent/Architecture/Wall_Window_400x300.uasset" to "D:/Unreal Projects/VirtualUP/Content/StarterContent/Architecture/Wall_Window_400x300.uasset"
[2018.09.17-03.20.20:203][  0]LogPackFactory: Copied "../../../Samples/StarterContent/Content/StarterContent/Architecture/Wall_Window_400x400.uasset" to "D:/Unreal Projects/VirtualUP/Content/StarterContent/Architecture/Wall_Window_400x400.uasset"
[2018.09.17-03.20.20:212][  0]LogPackFactory: Copied "../../../Samples/StarterContent/Content/StarterContent/Audio/Collapse01.uasset" to "D:/Unreal Projects/VirtualUP/Content/StarterContent/Audio/Collapse01.uasset"
[2018.09.17-03.20.20:219][  0]LogPackFactory: Copied "../../../Samples/StarterContent/Content/StarterContent/Audio/Collapse02.uasset" to "D:/Unreal Projects/VirtualUP/Content/StarterContent/Audio/Collapse02.uasset"
[2018.09.17-03.20.20:223][  0]LogPackFactory: Copied "../../../Samples/StarterContent/Content/StarterContent/Audio/Collapse_Cue.uasset" to "D:/Unreal Projects/VirtualUP/Content/StarterContent/Audio/Collapse_Cue.uasset"
[2018.09.17-03.20.20:231][  0]LogPackFactory: Copied "../../../Samples/StarterContent/Content/StarterContent/Audio/Explosion01.uasset" to "D:/Unreal Projects/VirtualUP/Content/StarterContent/Audio/Explosion01.uasset"
[2018.09.17-03.20.20:238][  0]LogPackFactory: Copied "../../../Samples/StarterContent/Content/StarterContent/Audio/Explosion02.uasset" to "D:/Unreal Projects/VirtualUP/Content/StarterContent/Audio/Explosion02.uasset"
[2018.09.17-03.20.20:243][  0]LogPackFactory: Copied "../../../Samples/StarterContent/Content/StarterContent/Audio/Explosion_Cue.uasset" to "D:/Unreal Projects/VirtualUP/Content/StarterContent/Audio/Explosion_Cue.uasset"
[2018.09.17-03.20.20:251][  0]LogPackFactory: Copied "../../../Samples/StarterContent/Content/StarterContent/Audio/Fire01.uasset" to "D:/Unreal Projects/VirtualUP/Content/StarterContent/Audio/Fire01.uasset"
[2018.09.17-03.20.20:255][  0]LogPackFactory: Copied "../../../Samples/StarterContent/Content/StarterContent/Audio/Fire01_Cue.uasset" to "D:/Unreal Projects/VirtualUP/Content/StarterContent/Audio/Fire01_Cue.uasset"
[2018.09.17-03.20.20:263][  0]LogPackFactory: Copied "../../../Samples/StarterContent/Content/StarterContent/Audio/Fire_Sparks01.uasset" to "D:/Unreal Projects/VirtualUP/Content/StarterContent/Audio/Fire_Sparks01.uasset"
[2018.09.17-03.20.20:267][  0]LogPackFactory: Copied "../../../Samples/StarterContent/Content/StarterContent/Audio/Fire_Sparks01_Cue.uasset" to "D:/Unreal Projects/VirtualUP/Content/StarterContent/Audio/Fire_Sparks01_Cue.uasset"
[2018.09.17-03.20.20:275][  0]LogPackFactory: Copied "../../../Samples/StarterContent/Content/StarterContent/Audio/Light01.uasset" to "D:/Unreal Projects/VirtualUP/Content/StarterContent/Audio/Light01.uasset"
[2018.09.17-03.20.20:279][  0]LogPackFactory: Copied "../../../Samples/StarterContent/Content/StarterContent/Audio/Light01_Cue.uasset" to "D:/Unreal Projects/VirtualUP/Content/StarterContent/Audio/Light01_Cue.uasset"
[2018.09.17-03.20.20:287][  0]LogPackFactory: Copied "../../../Samples/StarterContent/Content/StarterContent/Audio/Light02.uasset" to "D:/Unreal Projects/VirtualUP/Content/StarterContent/Audio/Light02.uasset"
[2018.09.17-03.20.20:291][  0]LogPackFactory: Copied "../../../Samples/StarterContent/Content/StarterContent/Audio/Light02_Cue.uasset" to "D:/Unreal Projects/VirtualUP/Content/StarterContent/Audio/Light02_Cue.uasset"
[2018.09.17-03.20.20:300][  0]LogPackFactory: Copied "../../../Samples/StarterContent/Content/StarterContent/Audio/Smoke01.uasset" to "D:/Unreal Projects/VirtualUP/Content/StarterContent/Audio/Smoke01.uasset"
[2018.09.17-03.20.20:304][  0]LogPackFactory: Copied "../../../Samples/StarterContent/Content/StarterContent/Audio/Smoke01_Cue.uasset" to "D:/Unreal Projects/VirtualUP/Content/StarterContent/Audio/Smoke01_Cue.uasset"
[2018.09.17-03.20.20:311][  0]LogPackFactory: Copied "../../../Samples/StarterContent/Content/StarterContent/Audio/Starter_Background_Cue.uasset" to "D:/Unreal Projects/VirtualUP/Content/StarterContent/Audio/Starter_Background_Cue.uasset"
[2018.09.17-03.20.20:324][  0]LogPackFactory: Copied "../../../Samples/StarterContent/Content/StarterContent/Audio/Starter_Birds01.uasset" to "D:/Unreal Projects/VirtualUP/Content/StarterContent/Audio/Starter_Birds01.uasset"
[2018.09.17-03.20.20:353][  0]LogPackFactory: Copied "../../../Samples/StarterContent/Content/StarterContent/Audio/Starter_Music01.uasset" to "D:/Unreal Projects/VirtualUP/Content/StarterContent/Audio/Starter_Music01.uasset"
[2018.09.17-03.20.20:357][  0]LogPackFactory: Copied "../../../Samples/StarterContent/Content/StarterContent/Audio/Starter_Music_Cue.uasset" to "D:/Unreal Projects/VirtualUP/Content/StarterContent/Audio/Starter_Music_Cue.uasset"
[2018.09.17-03.20.20:369][  0]LogPackFactory: Copied "../../../Samples/StarterContent/Content/StarterContent/Audio/Starter_Wind05.uasset" to "D:/Unreal Projects/VirtualUP/Content/StarterContent/Audio/Starter_Wind05.uasset"
[2018.09.17-03.20.20:382][  0]LogPackFactory: Copied "../../../Samples/StarterContent/Content/StarterContent/Audio/Starter_Wind06.uasset" to "D:/Unreal Projects/VirtualUP/Content/StarterContent/Audio/Starter_Wind06.uasset"
[2018.09.17-03.20.20:391][  0]LogPackFactory: Copied "../../../Samples/StarterContent/Content/StarterContent/Audio/Steam01.uasset" to "D:/Unreal Projects/VirtualUP/Content/StarterContent/Audio/Steam01.uasset"
[2018.09.17-03.20.20:395][  0]LogPackFactory: Copied "../../../Samples/StarterContent/Content/StarterContent/Audio/Steam01_Cue.uasset" to "D:/Unreal Projects/VirtualUP/Content/StarterContent/Audio/Steam01_Cue.uasset"
[2018.09.17-03.20.20:404][  0]LogPackFactory: Copied "../../../Samples/StarterContent/Content/StarterContent/Blueprints/Blueprint_CeilingLight.uasset" to "D:/Unreal Projects/VirtualUP/Content/StarterContent/Blueprints/Blueprint_CeilingLight.uasset"
[2018.09.17-03.20.20:411][  0]LogPackFactory: Copied "../../../Samples/StarterContent/Content/StarterContent/Blueprints/Blueprint_Effect_Explosion.uasset" to "D:/Unreal Projects/VirtualUP/Content/StarterContent/Blueprints/Blueprint_Effect_Explosion.uasset"
[2018.09.17-03.20.20:418][  0]LogPackFactory: Copied "../../../Samples/StarterContent/Content/StarterContent/Blueprints/Blueprint_Effect_Fire.uasset" to "D:/Unreal Projects/VirtualUP/Content/StarterContent/Blueprints/Blueprint_Effect_Fire.uasset"
[2018.09.17-03.20.20:426][  0]LogPackFactory: Copied "../../../Samples/StarterContent/Content/StarterContent/Blueprints/Blueprint_Effect_Smoke.uasset" to "D:/Unreal Projects/VirtualUP/Content/StarterContent/Blueprints/Blueprint_Effect_Smoke.uasset"
[2018.09.17-03.20.20:434][  0]LogPackFactory: Copied "../../../Samples/StarterContent/Content/StarterContent/Blueprints/Blueprint_Effect_Sparks.uasset" to "D:/Unreal Projects/VirtualUP/Content/StarterContent/Blueprints/Blueprint_Effect_Sparks.uasset"
[2018.09.17-03.20.20:441][  0]LogPackFactory: Copied "../../../Samples/StarterContent/Content/StarterContent/Blueprints/Blueprint_Effect_Steam.uasset" to "D:/Unreal Projects/VirtualUP/Content/StarterContent/Blueprints/Blueprint_Effect_Steam.uasset"
[2018.09.17-03.20.20:449][  0]LogPackFactory: Copied "../../../Samples/StarterContent/Content/StarterContent/Blueprints/Blueprint_WallSconce.uasset" to "D:/Unreal Projects/VirtualUP/Content/StarterContent/Blueprints/Blueprint_WallSconce.uasset"
[2018.09.17-03.20.20:458][  0]LogPackFactory: Copied "../../../Samples/StarterContent/Content/StarterContent/Blueprints/BP_LightStudio.uasset" to "D:/Unreal Projects/VirtualUP/Content/StarterContent/Blueprints/BP_LightStudio.uasset"
[2018.09.17-03.20.20:462][  0]LogPackFactory: Copied "../../../Samples/StarterContent/Content/StarterContent/Blueprints/Assets/FogBrightnessLUT.uasset" to "D:/Unreal Projects/VirtualUP/Content/StarterContent/Blueprints/Assets/FogBrightnessLUT.uasset"
[2018.09.17-03.20.20:468][  0]LogPackFactory: Copied "../../../Samples/StarterContent/Content/StarterContent/Blueprints/Assets/M_LightStage_Arrows.uasset" to "D:/Unreal Projects/VirtualUP/Content/StarterContent/Blueprints/Assets/M_LightStage_Arrows.uasset"
[2018.09.17-03.20.20:476][  0]LogPackFactory: Copied "../../../Samples/StarterContent/Content/StarterContent/Blueprints/Assets/M_LightStage_Skybox_Black.uasset" to "D:/Unreal Projects/VirtualUP/Content/StarterContent/Blueprints/Assets/M_LightStage_Skybox_Black.uasset"
[2018.09.17-03.20.20:483][  0]LogPackFactory: Copied "../../../Samples/StarterContent/Content/StarterContent/Blueprints/Assets/M_LightStage_Skybox_HDRI.uasset" to "D:/Unreal Projects/VirtualUP/Content/StarterContent/Blueprints/Assets/M_LightStage_Skybox_HDRI.uasset"
[2018.09.17-03.20.20:490][  0]LogPackFactory: Copied "../../../Samples/StarterContent/Content/StarterContent/Blueprints/Assets/M_LightStage_Skybox_Master.uasset" to "D:/Unreal Projects/VirtualUP/Content/StarterContent/Blueprints/Assets/M_LightStage_Skybox_Master.uasset"
[2018.09.17-03.20.20:500][  0]LogPackFactory: Copied "../../../Samples/StarterContent/Content/StarterContent/Blueprints/Assets/Skybox.uasset" to "D:/Unreal Projects/VirtualUP/Content/StarterContent/Blueprints/Assets/Skybox.uasset"
[2018.09.17-03.20.20:517][  0]LogPackFactory: Copied "../../../Samples/StarterContent/Content/StarterContent/Blueprints/Assets/SM_Arrows.uasset" to "D:/Unreal Projects/VirtualUP/Content/StarterContent/Blueprints/Assets/SM_Arrows.uasset"
[2018.09.17-03.20.20:522][  0]LogPackFactory: Copied "../../../Samples/StarterContent/Content/StarterContent/Blueprints/Assets/SunlightColorLUT.uasset" to "D:/Unreal Projects/VirtualUP/Content/StarterContent/Blueprints/Assets/SunlightColorLUT.uasset"
[2018.09.17-03.20.20:788][  0]LogPackFactory: Copied "../../../Samples/StarterContent/Content/StarterContent/HDRI/HDRI_Epic_Courtyard_Daylight.uasset" to "D:/Unreal Projects/VirtualUP/Content/StarterContent/HDRI/HDRI_Epic_Courtyard_Daylight.uasset"
[2018.09.17-03.20.20:795][  0]LogPackFactory: Copied "../../../Samples/StarterContent/Content/StarterContent/Maps/Advanced_Lighting.umap" to "D:/Unreal Projects/VirtualUP/Content/StarterContent/Maps/Advanced_Lighting.umap"
[2018.09.17-03.20.20:805][  0]LogPackFactory: Copied "../../../Samples/StarterContent/Content/StarterContent/Maps/Advanced_Lighting_BuiltData.uasset" to "D:/Unreal Projects/VirtualUP/Content/StarterContent/Maps/Advanced_Lighting_BuiltData.uasset"
[2018.09.17-03.20.20:814][  0]LogPackFactory: Copied "../../../Samples/StarterContent/Content/StarterContent/Maps/Minimal_Default.umap" to "D:/Unreal Projects/VirtualUP/Content/StarterContent/Maps/Minimal_Default.umap"
[2018.09.17-03.20.20:830][  0]LogPackFactory: Copied "../../../Samples/StarterContent/Content/StarterContent/Maps/Minimal_Default_BuiltData.uasset" to "D:/Unreal Projects/VirtualUP/Content/StarterContent/Maps/Minimal_Default_BuiltData.uasset"
[2018.09.17-03.20.20:844][  0]LogPackFactory: Copied "../../../Samples/StarterContent/Content/StarterContent/Maps/StarterMap.umap" to "D:/Unreal Projects/VirtualUP/Content/StarterContent/Maps/StarterMap.umap"
[2018.09.17-03.20.20:937][  0]LogPackFactory: Copied "../../../Samples/StarterContent/Content/StarterContent/Maps/StarterMap_BuiltData.uasset" to "D:/Unreal Projects/VirtualUP/Content/StarterContent/Maps/StarterMap_BuiltData.uasset"
[2018.09.17-03.20.20:945][  0]LogPackFactory: Copied "../../../Samples/StarterContent/Content/StarterContent/Materials/M_AssetPlatform.uasset" to "D:/Unreal Projects/VirtualUP/Content/StarterContent/Materials/M_AssetPlatform.uasset"
[2018.09.17-03.20.20:953][  0]LogPackFactory: Copied "../../../Samples/StarterContent/Content/StarterContent/Materials/M_Basic_Floor.uasset" to "D:/Unreal Projects/VirtualUP/Content/StarterContent/Materials/M_Basic_Floor.uasset"
[2018.09.17-03.20.20:961][  0]LogPackFactory: Copied "../../../Samples/StarterContent/Content/StarterContent/Materials/M_Basic_Wall.uasset" to "D:/Unreal Projects/VirtualUP/Content/StarterContent/Materials/M_Basic_Wall.uasset"
[2018.09.17-03.20.20:968][  0]LogPackFactory: Copied "../../../Samples/StarterContent/Content/StarterContent/Materials/M_Brick_Clay_Beveled.uasset" to "D:/Unreal Projects/VirtualUP/Content/StarterContent/Materials/M_Brick_Clay_Beveled.uasset"
[2018.09.17-03.20.20:975][  0]LogPackFactory: Copied "../../../Samples/StarterContent/Content/StarterContent/Materials/M_Brick_Clay_New.uasset" to "D:/Unreal Projects/VirtualUP/Content/StarterContent/Materials/M_Brick_Clay_New.uasset"
[2018.09.17-03.20.20:983][  0]LogPackFactory: Copied "../../../Samples/StarterContent/Content/StarterContent/Materials/M_Brick_Clay_Old.uasset" to "D:/Unreal Projects/VirtualUP/Content/StarterContent/Materials/M_Brick_Clay_Old.uasset"
[2018.09.17-03.20.20:991][  0]LogPackFactory: Copied "../../../Samples/StarterContent/Content/StarterContent/Materials/M_Brick_Cut_Stone.uasset" to "D:/Unreal Projects/VirtualUP/Content/StarterContent/Materials/M_Brick_Cut_Stone.uasset"
[2018.09.17-03.20.20:999][  0]LogPackFactory: Copied "../../../Samples/StarterContent/Content/StarterContent/Materials/M_Brick_Hewn_Stone.uasset" to "D:/Unreal Projects/VirtualUP/Content/StarterContent/Materials/M_Brick_Hewn_Stone.uasset"
[2018.09.17-03.20.21:006][  0]LogPackFactory: Copied "../../../Samples/StarterContent/Content/StarterContent/Materials/M_Ceramic_Tile_Checker.uasset" to "D:/Unreal Projects/VirtualUP/Content/StarterContent/Materials/M_Ceramic_Tile_Checker.uasset"
[2018.09.17-03.20.21:013][  0]LogPackFactory: Copied "../../../Samples/StarterContent/Content/StarterContent/Materials/M_CobbleStone_Pebble.uasset" to "D:/Unreal Projects/VirtualUP/Content/StarterContent/Materials/M_CobbleStone_Pebble.uasset"
[2018.09.17-03.20.21:021][  0]LogPackFactory: Copied "../../../Samples/StarterContent/Content/StarterContent/Materials/M_CobbleStone_Rough.uasset" to "D:/Unreal Projects/VirtualUP/Content/StarterContent/Materials/M_CobbleStone_Rough.uasset"
[2018.09.17-03.20.21:028][  0]LogPackFactory: Copied "../../../Samples/StarterContent/Content/StarterContent/Materials/M_CobbleStone_Smooth.uasset" to "D:/Unreal Projects/VirtualUP/Content/StarterContent/Materials/M_CobbleStone_Smooth.uasset"
[2018.09.17-03.20.21:036][  0]LogPackFactory: Copied "../../../Samples/StarterContent/Content/StarterContent/Materials/M_ColorGrid_LowSpec.uasset" to "D:/Unreal Projects/VirtualUP/Content/StarterContent/Materials/M_ColorGrid_LowSpec.uasset"
[2018.09.17-03.20.21:044][  0]LogPackFactory: Copied "../../../Samples/StarterContent/Content/StarterContent/Materials/M_Concrete_Grime.uasset" to "D:/Unreal Projects/VirtualUP/Content/StarterContent/Materials/M_Concrete_Grime.uasset"
[2018.09.17-03.20.21:052][  0]LogPackFactory: Copied "../../../Samples/StarterContent/Content/StarterContent/Materials/M_Concrete_Panels.uasset" to "D:/Unreal Projects/VirtualUP/Content/StarterContent/Materials/M_Concrete_Panels.uasset"
[2018.09.17-03.20.21:059][  0]LogPackFactory: Copied "../../../Samples/StarterContent/Content/StarterContent/Materials/M_Concrete_Poured.uasset" to "D:/Unreal Projects/VirtualUP/Content/StarterContent/Materials/M_Concrete_Poured.uasset"
[2018.09.17-03.20.21:067][  0]LogPackFactory: Copied "../../../Samples/StarterContent/Content/StarterContent/Materials/M_Concrete_Tiles.uasset" to "D:/Unreal Projects/VirtualUP/Content/StarterContent/Materials/M_Concrete_Tiles.uasset"
[2018.09.17-03.20.21:073][  0]LogPackFactory: Copied "../../../Samples/StarterContent/Content/StarterContent/Materials/M_Glass.uasset" to "D:/Unreal Projects/VirtualUP/Content/StarterContent/Materials/M_Glass.uasset"
[2018.09.17-03.20.21:081][  0]LogPackFactory: Copied "../../../Samples/StarterContent/Content/StarterContent/Materials/M_Ground_Grass.uasset" to "D:/Unreal Projects/VirtualUP/Content/StarterContent/Materials/M_Ground_Grass.uasset"
[2018.09.17-03.20.21:088][  0]LogPackFactory: Copied "../../../Samples/StarterContent/Content/StarterContent/Materials/M_Ground_Gravel.uasset" to "D:/Unreal Projects/VirtualUP/Content/StarterContent/Materials/M_Ground_Gravel.uasset"
[2018.09.17-03.20.21:096][  0]LogPackFactory: Copied "../../../Samples/StarterContent/Content/StarterContent/Materials/M_Ground_Moss.uasset" to "D:/Unreal Projects/VirtualUP/Content/StarterContent/Materials/M_Ground_Moss.uasset"
[2018.09.17-03.20.21:103][  0]LogPackFactory: Copied "../../../Samples/StarterContent/Content/StarterContent/Materials/M_Metal_Brushed_Nickel.uasset" to "D:/Unreal Projects/VirtualUP/Content/StarterContent/Materials/M_Metal_Brushed_Nickel.uasset"
[2018.09.17-03.20.21:111][  0]LogPackFactory: Copied "../../../Samples/StarterContent/Content/StarterContent/Materials/M_Metal_Burnished_Steel.uasset" to "D:/Unreal Projects/VirtualUP/Content/StarterContent/Materials/M_Metal_Burnished_Steel.uasset"
[2018.09.17-03.20.21:118][  0]LogPackFactory: Copied "../../../Samples/StarterContent/Content/StarterContent/Materials/M_Metal_Chrome.uasset" to "D:/Unreal Projects/VirtualUP/Content/StarterContent/Materials/M_Metal_Chrome.uasset"
[2018.09.17-03.20.21:125][  0]LogPackFactory: Copied "../../../Samples/StarterContent/Content/StarterContent/Materials/M_Metal_Copper.uasset" to "D:/Unreal Projects/VirtualUP/Content/StarterContent/Materials/M_Metal_Copper.uasset"
[2018.09.17-03.20.21:132][  0]LogPackFactory: Copied "../../../Samples/StarterContent/Content/StarterContent/Materials/M_Metal_Gold.uasset" to "D:/Unreal Projects/VirtualUP/Content/StarterContent/Materials/M_Metal_Gold.uasset"
[2018.09.17-03.20.21:139][  0]LogPackFactory: Copied "../../../Samples/StarterContent/Content/StarterContent/Materials/M_Metal_Rust.uasset" to "D:/Unreal Projects/VirtualUP/Content/StarterContent/Materials/M_Metal_Rust.uasset"
[2018.09.17-03.20.21:146][  0]LogPackFactory: Copied "../../../Samples/StarterContent/Content/StarterContent/Materials/M_Metal_Steel.uasset" to "D:/Unreal Projects/VirtualUP/Content/StarterContent/Materials/M_Metal_Steel.uasset"
[2018.09.17-03.20.21:153][  0]LogPackFactory: Copied "../../../Samples/StarterContent/Content/StarterContent/Materials/M_Rock_Basalt.uasset" to "D:/Unreal Projects/VirtualUP/Content/StarterContent/Materials/M_Rock_Basalt.uasset"
[2018.09.17-03.20.21:161][  0]LogPackFactory: Copied "../../../Samples/StarterContent/Content/StarterContent/Materials/M_Rock_Marble_Polished.uasset" to "D:/Unreal Projects/VirtualUP/Content/StarterContent/Materials/M_Rock_Marble_Polished.uasset"
[2018.09.17-03.20.21:168][  0]LogPackFactory: Copied "../../../Samples/StarterContent/Content/StarterContent/Materials/M_Rock_Sandstone.uasset" to "D:/Unreal Projects/VirtualUP/Content/StarterContent/Materials/M_Rock_Sandstone.uasset"
[2018.09.17-03.20.21:175][  0]LogPackFactory: Copied "../../../Samples/StarterContent/Content/StarterContent/Materials/M_Rock_Slate.uasset" to "D:/Unreal Projects/VirtualUP/Content/StarterContent/Materials/M_Rock_Slate.uasset"
[2018.09.17-03.20.21:183][  0]LogPackFactory: Copied "../../../Samples/StarterContent/Content/StarterContent/Materials/M_Tech_Checker_Dot.uasset" to "D:/Unreal Projects/VirtualUP/Content/StarterContent/Materials/M_Tech_Checker_Dot.uasset"
[2018.09.17-03.20.21:191][  0]LogPackFactory: Copied "../../../Samples/StarterContent/Content/StarterContent/Materials/M_Tech_Hex_Tile.uasset" to "D:/Unreal Projects/VirtualUP/Content/StarterContent/Materials/M_Tech_Hex_Tile.uasset"
[2018.09.17-03.20.21:198][  0]LogPackFactory: Copied "../../../Samples/StarterContent/Content/StarterContent/Materials/M_Tech_Hex_Tile_Pulse.uasset" to "D:/Unreal Projects/VirtualUP/Content/StarterContent/Materials/M_Tech_Hex_Tile_Pulse.uasset"
[2018.09.17-03.20.21:204][  0]LogPackFactory: Copied "../../../Samples/StarterContent/Content/StarterContent/Materials/M_Tech_Panel.uasset" to "D:/Unreal Projects/VirtualUP/Content/StarterContent/Materials/M_Tech_Panel.uasset"
[2018.09.17-03.20.21:212][  0]LogPackFactory: Copied "../../../Samples/StarterContent/Content/StarterContent/Materials/M_Water_Lake.uasset" to "D:/Unreal Projects/VirtualUP/Content/StarterContent/Materials/M_Water_Lake.uasset"
[2018.09.17-03.20.21:221][  0]LogPackFactory: Copied "../../../Samples/StarterContent/Content/StarterContent/Materials/M_Water_Ocean.uasset" to "D:/Unreal Projects/VirtualUP/Content/StarterContent/Materials/M_Water_Ocean.uasset"
[2018.09.17-03.20.21:228][  0]LogPackFactory: Copied "../../../Samples/StarterContent/Content/StarterContent/Materials/M_Wood_Floor_Walnut_Polished.uasset" to "D:/Unreal Projects/VirtualUP/Content/StarterContent/Materials/M_Wood_Floor_Walnut_Polished.uasset"
[2018.09.17-03.20.21:236][  0]LogPackFactory: Copied "../../../Samples/StarterContent/Content/StarterContent/Materials/M_Wood_Floor_Walnut_Worn.uasset" to "D:/Unreal Projects/VirtualUP/Content/StarterContent/Materials/M_Wood_Floor_Walnut_Worn.uasset"
[2018.09.17-03.20.21:243][  0]LogPackFactory: Copied "../../../Samples/StarterContent/Content/StarterContent/Materials/M_Wood_Oak.uasset" to "D:/Unreal Projects/VirtualUP/Content/StarterContent/Materials/M_Wood_Oak.uasset"
[2018.09.17-03.20.21:250][  0]LogPackFactory: Copied "../../../Samples/StarterContent/Content/StarterContent/Materials/M_Wood_Pine.uasset" to "D:/Unreal Projects/VirtualUP/Content/StarterContent/Materials/M_Wood_Pine.uasset"
[2018.09.17-03.20.21:258][  0]LogPackFactory: Copied "../../../Samples/StarterContent/Content/StarterContent/Materials/M_Wood_Walnut.uasset" to "D:/Unreal Projects/VirtualUP/Content/StarterContent/Materials/M_Wood_Walnut.uasset"
[2018.09.17-03.20.21:265][  0]LogPackFactory: Copied "../../../Samples/StarterContent/Content/StarterContent/Particles/P_Ambient_Dust.uasset" to "D:/Unreal Projects/VirtualUP/Content/StarterContent/Particles/P_Ambient_Dust.uasset"
[2018.09.17-03.20.21:273][  0]LogPackFactory: Copied "../../../Samples/StarterContent/Content/StarterContent/Particles/P_Explosion.uasset" to "D:/Unreal Projects/VirtualUP/Content/StarterContent/Particles/P_Explosion.uasset"
[2018.09.17-03.20.21:282][  0]LogPackFactory: Copied "../../../Samples/StarterContent/Content/StarterContent/Particles/P_Fire.uasset" to "D:/Unreal Projects/VirtualUP/Content/StarterContent/Particles/P_Fire.uasset"
[2018.09.17-03.20.21:288][  0]LogPackFactory: Copied "../../../Samples/StarterContent/Content/StarterContent/Particles/P_Smoke.uasset" to "D:/Unreal Projects/VirtualUP/Content/StarterContent/Particles/P_Smoke.uasset"
[2018.09.17-03.20.21:296][  0]LogPackFactory: Copied "../../../Samples/StarterContent/Content/StarterContent/Particles/P_Sparks.uasset" to "D:/Unreal Projects/VirtualUP/Content/StarterContent/Particles/P_Sparks.uasset"
[2018.09.17-03.20.21:304][  0]LogPackFactory: Copied "../../../Samples/StarterContent/Content/StarterContent/Particles/P_Steam_Lit.uasset" to "D:/Unreal Projects/VirtualUP/Content/StarterContent/Particles/P_Steam_Lit.uasset"
[2018.09.17-03.20.21:311][  0]LogPackFactory: Copied "../../../Samples/StarterContent/Content/StarterContent/Particles/Materials/M_Burst.uasset" to "D:/Unreal Projects/VirtualUP/Content/StarterContent/Particles/Materials/M_Burst.uasset"
[2018.09.17-03.20.21:318][  0]LogPackFactory: Copied "../../../Samples/StarterContent/Content/StarterContent/Particles/Materials/M_Dust_Particle.uasset" to "D:/Unreal Projects/VirtualUP/Content/StarterContent/Particles/Materials/M_Dust_Particle.uasset"
[2018.09.17-03.20.21:325][  0]LogPackFactory: Copied "../../../Samples/StarterContent/Content/StarterContent/Particles/Materials/M_explosion_subUV.uasset" to "D:/Unreal Projects/VirtualUP/Content/StarterContent/Particles/Materials/M_explosion_subUV.uasset"
[2018.09.17-03.20.21:332][  0]LogPackFactory: Copied "../../../Samples/StarterContent/Content/StarterContent/Particles/Materials/M_Fire_SubUV.uasset" to "D:/Unreal Projects/VirtualUP/Content/StarterContent/Particles/Materials/M_Fire_SubUV.uasset"
[2018.09.17-03.20.21:339][  0]LogPackFactory: Copied "../../../Samples/StarterContent/Content/StarterContent/Particles/Materials/m_flare_01.uasset" to "D:/Unreal Projects/VirtualUP/Content/StarterContent/Particles/Materials/m_flare_01.uasset"
[2018.09.17-03.20.21:346][  0]LogPackFactory: Copied "../../../Samples/StarterContent/Content/StarterContent/Particles/Materials/M_Heat_Distortion.uasset" to "D:/Unreal Projects/VirtualUP/Content/StarterContent/Particles/Materials/M_Heat_Distortion.uasset"
[2018.09.17-03.20.21:353][  0]LogPackFactory: Copied "../../../Samples/StarterContent/Content/StarterContent/Particles/Materials/M_Radial_Gradient.uasset" to "D:/Unreal Projects/VirtualUP/Content/StarterContent/Particles/Materials/M_Radial_Gradient.uasset"
[2018.09.17-03.20.21:360][  0]LogPackFactory: Copied "../../../Samples/StarterContent/Content/StarterContent/Particles/Materials/M_radial_ramp.uasset" to "D:/Unreal Projects/VirtualUP/Content/StarterContent/Particles/Materials/M_radial_ramp.uasset"
[2018.09.17-03.20.21:368][  0]LogPackFactory: Copied "../../../Samples/StarterContent/Content/StarterContent/Particles/Materials/M_smoke_subUV.uasset" to "D:/Unreal Projects/VirtualUP/Content/StarterContent/Particles/Materials/M_smoke_subUV.uasset"
[2018.09.17-03.20.21:375][  0]LogPackFactory: Copied "../../../Samples/StarterContent/Content/StarterContent/Particles/Materials/M_Spark.uasset" to "D:/Unreal Projects/VirtualUP/Content/StarterContent/Particles/Materials/M_Spark.uasset"
[2018.09.17-03.20.21:383][  0]LogPackFactory: Copied "../../../Samples/StarterContent/Content/StarterContent/Props/MaterialSphere.uasset" to "D:/Unreal Projects/VirtualUP/Content/StarterContent/Props/MaterialSphere.uasset"
[2018.09.17-03.20.21:395][  0]LogPackFactory: Copied "../../../Samples/StarterContent/Content/StarterContent/Props/SM_Bush.uasset" to "D:/Unreal Projects/VirtualUP/Content/StarterContent/Props/SM_Bush.uasset"
[2018.09.17-03.20.21:403][  0]LogPackFactory: Copied "../../../Samples/StarterContent/Content/StarterContent/Props/SM_Chair.uasset" to "D:/Unreal Projects/VirtualUP/Content/StarterContent/Props/SM_Chair.uasset"
[2018.09.17-03.20.21:410][  0]LogPackFactory: Copied "../../../Samples/StarterContent/Content/StarterContent/Props/SM_CornerFrame.uasset" to "D:/Unreal Projects/VirtualUP/Content/StarterContent/Props/SM_CornerFrame.uasset"
[2018.09.17-03.20.21:417][  0]LogPackFactory: Copied "../../../Samples/StarterContent/Content/StarterContent/Props/SM_Couch.uasset" to "D:/Unreal Projects/VirtualUP/Content/StarterContent/Props/SM_Couch.uasset"
[2018.09.17-03.20.21:425][  0]LogPackFactory: Copied "../../../Samples/StarterContent/Content/StarterContent/Props/SM_Door.uasset" to "D:/Unreal Projects/VirtualUP/Content/StarterContent/Props/SM_Door.uasset"
[2018.09.17-03.20.21:432][  0]LogPackFactory: Copied "../../../Samples/StarterContent/Content/StarterContent/Props/SM_DoorFrame.uasset" to "D:/Unreal Projects/VirtualUP/Content/StarterContent/Props/SM_DoorFrame.uasset"
[2018.09.17-03.20.21:444][  0]LogPackFactory: Copied "../../../Samples/StarterContent/Content/StarterContent/Props/SM_GlassWindow.uasset" to "D:/Unreal Projects/VirtualUP/Content/StarterContent/Props/SM_GlassWindow.uasset"
[2018.09.17-03.20.21:452][  0]LogPackFactory: Copied "../../../Samples/StarterContent/Content/StarterContent/Props/SM_Lamp_Ceiling.uasset" to "D:/Unreal Projects/VirtualUP/Content/StarterContent/Props/SM_Lamp_Ceiling.uasset"
[2018.09.17-03.20.21:459][  0]LogPackFactory: Copied "../../../Samples/StarterContent/Content/StarterContent/Props/SM_Lamp_Wall.uasset" to "D:/Unreal Projects/VirtualUP/Content/StarterContent/Props/SM_Lamp_Wall.uasset"
[2018.09.17-03.20.21:473][  0]LogPackFactory: Copied "../../../Samples/StarterContent/Content/StarterContent/Props/SM_MatPreviewMesh_02.uasset" to "D:/Unreal Projects/VirtualUP/Content/StarterContent/Props/SM_MatPreviewMesh_02.uasset"
[2018.09.17-03.20.21:480][  0]LogPackFactory: Copied "../../../Samples/StarterContent/Content/StarterContent/Props/SM_PillarFrame.uasset" to "D:/Unreal Projects/VirtualUP/Content/StarterContent/Props/SM_PillarFrame.uasset"
[2018.09.17-03.20.21:487][  0]LogPackFactory: Copied "../../../Samples/StarterContent/Content/StarterContent/Props/SM_PillarFrame300.uasset" to "D:/Unreal Projects/VirtualUP/Content/StarterContent/Props/SM_PillarFrame300.uasset"
[2018.09.17-03.20.21:495][  0]LogPackFactory: Copied "../../../Samples/StarterContent/Content/StarterContent/Props/SM_Rock.uasset" to "D:/Unreal Projects/VirtualUP/Content/StarterContent/Props/SM_Rock.uasset"
[2018.09.17-03.20.21:502][  0]LogPackFactory: Copied "../../../Samples/StarterContent/Content/StarterContent/Props/SM_Shelf.uasset" to "D:/Unreal Projects/VirtualUP/Content/StarterContent/Props/SM_Shelf.uasset"
[2018.09.17-03.20.21:509][  0]LogPackFactory: Copied "../../../Samples/StarterContent/Content/StarterContent/Props/SM_Stairs.uasset" to "D:/Unreal Projects/VirtualUP/Content/StarterContent/Props/SM_Stairs.uasset"
[2018.09.17-03.20.21:517][  0]LogPackFactory: Copied "../../../Samples/StarterContent/Content/StarterContent/Props/SM_Statue.uasset" to "D:/Unreal Projects/VirtualUP/Content/StarterContent/Props/SM_Statue.uasset"
[2018.09.17-03.20.21:550][  0]LogPackFactory: Copied "../../../Samples/StarterContent/Content/StarterContent/Props/SM_TableRound.uasset" to "D:/Unreal Projects/VirtualUP/Content/StarterContent/Props/SM_TableRound.uasset"
[2018.09.17-03.20.21:557][  0]LogPackFactory: Copied "../../../Samples/StarterContent/Content/StarterContent/Props/SM_WindowFrame.uasset" to "D:/Unreal Projects/VirtualUP/Content/StarterContent/Props/SM_WindowFrame.uasset"
[2018.09.17-03.20.21:565][  0]LogPackFactory: Copied "../../../Samples/StarterContent/Content/StarterContent/Props/Materials/M_Bush.uasset" to "D:/Unreal Projects/VirtualUP/Content/StarterContent/Props/Materials/M_Bush.uasset"
[2018.09.17-03.20.21:572][  0]LogPackFactory: Copied "../../../Samples/StarterContent/Content/StarterContent/Props/Materials/M_Chair.uasset" to "D:/Unreal Projects/VirtualUP/Content/StarterContent/Props/Materials/M_Chair.uasset"
[2018.09.17-03.20.21:579][  0]LogPackFactory: Copied "../../../Samples/StarterContent/Content/StarterContent/Props/Materials/M_Door.uasset" to "D:/Unreal Projects/VirtualUP/Content/StarterContent/Props/Materials/M_Door.uasset"
[2018.09.17-03.20.21:586][  0]LogPackFactory: Copied "../../../Samples/StarterContent/Content/StarterContent/Props/Materials/M_Frame.uasset" to "D:/Unreal Projects/VirtualUP/Content/StarterContent/Props/Materials/M_Frame.uasset"
[2018.09.17-03.20.21:593][  0]LogPackFactory: Copied "../../../Samples/StarterContent/Content/StarterContent/Props/Materials/M_Lamp.uasset" to "D:/Unreal Projects/VirtualUP/Content/StarterContent/Props/Materials/M_Lamp.uasset"
[2018.09.17-03.20.21:601][  0]LogPackFactory: Copied "../../../Samples/StarterContent/Content/StarterContent/Props/Materials/M_MaterialSphere.uasset" to "D:/Unreal Projects/VirtualUP/Content/StarterContent/Props/Materials/M_MaterialSphere.uasset"
[2018.09.17-03.20.21:608][  0]LogPackFactory: Copied "../../../Samples/StarterContent/Content/StarterContent/Props/Materials/M_MaterialSphere_Plain.uasset" to "D:/Unreal Projects/VirtualUP/Content/StarterContent/Props/Materials/M_MaterialSphere_Plain.uasset"
[2018.09.17-03.20.21:616][  0]LogPackFactory: Copied "../../../Samples/StarterContent/Content/StarterContent/Props/Materials/M_Rock.uasset" to "D:/Unreal Projects/VirtualUP/Content/StarterContent/Props/Materials/M_Rock.uasset"
[2018.09.17-03.20.21:623][  0]LogPackFactory: Copied "../../../Samples/StarterContent/Content/StarterContent/Props/Materials/M_Shelf.uasset" to "D:/Unreal Projects/VirtualUP/Content/StarterContent/Props/Materials/M_Shelf.uasset"
[2018.09.17-03.20.21:630][  0]LogPackFactory: Copied "../../../Samples/StarterContent/Content/StarterContent/Props/Materials/M_Statue.uasset" to "D:/Unreal Projects/VirtualUP/Content/StarterContent/Props/Materials/M_Statue.uasset"
[2018.09.17-03.20.21:636][  0]LogPackFactory: Copied "../../../Samples/StarterContent/Content/StarterContent/Props/Materials/M_StatueGlass.uasset" to "D:/Unreal Projects/VirtualUP/Content/StarterContent/Props/Materials/M_StatueGlass.uasset"
[2018.09.17-03.20.21:644][  0]LogPackFactory: Copied "../../../Samples/StarterContent/Content/StarterContent/Props/Materials/M_TableRound.uasset" to "D:/Unreal Projects/VirtualUP/Content/StarterContent/Props/Materials/M_TableRound.uasset"
[2018.09.17-03.20.21:651][  0]LogPackFactory: Copied "../../../Samples/StarterContent/Content/StarterContent/Shapes/Shape_Cone.uasset" to "D:/Unreal Projects/VirtualUP/Content/StarterContent/Shapes/Shape_Cone.uasset"
[2018.09.17-03.20.21:658][  0]LogPackFactory: Copied "../../../Samples/StarterContent/Content/StarterContent/Shapes/Shape_Cube.uasset" to "D:/Unreal Projects/VirtualUP/Content/StarterContent/Shapes/Shape_Cube.uasset"
[2018.09.17-03.20.21:670][  0]LogPackFactory: Copied "../../../Samples/StarterContent/Content/StarterContent/Shapes/Shape_Cylinder.uasset" to "D:/Unreal Projects/VirtualUP/Content/StarterContent/Shapes/Shape_Cylinder.uasset"
[2018.09.17-03.20.21:678][  0]LogPackFactory: Copied "../../../Samples/StarterContent/Content/StarterContent/Shapes/Shape_NarrowCapsule.uasset" to "D:/Unreal Projects/VirtualUP/Content/StarterContent/Shapes/Shape_NarrowCapsule.uasset"
[2018.09.17-03.20.21:686][  0]LogPackFactory: Copied "../../../Samples/StarterContent/Content/StarterContent/Shapes/Shape_Pipe.uasset" to "D:/Unreal Projects/VirtualUP/Content/StarterContent/Shapes/Shape_Pipe.uasset"
[2018.09.17-03.20.21:693][  0]LogPackFactory: Copied "../../../Samples/StarterContent/Content/StarterContent/Shapes/Shape_Pipe_180.uasset" to "D:/Unreal Projects/VirtualUP/Content/StarterContent/Shapes/Shape_Pipe_180.uasset"
[2018.09.17-03.20.21:700][  0]LogPackFactory: Copied "../../../Samples/StarterContent/Content/StarterContent/Shapes/Shape_Pipe_90.uasset" to "D:/Unreal Projects/VirtualUP/Content/StarterContent/Shapes/Shape_Pipe_90.uasset"
[2018.09.17-03.20.21:707][  0]LogPackFactory: Copied "../../../Samples/StarterContent/Content/StarterContent/Shapes/Shape_Plane.uasset" to "D:/Unreal Projects/VirtualUP/Content/StarterContent/Shapes/Shape_Plane.uasset"
[2018.09.17-03.20.21:714][  0]LogPackFactory: Copied "../../../Samples/StarterContent/Content/StarterContent/Shapes/Shape_QuadPyramid.uasset" to "D:/Unreal Projects/VirtualUP/Content/StarterContent/Shapes/Shape_QuadPyramid.uasset"
[2018.09.17-03.20.21:723][  0]LogPackFactory: Copied "../../../Samples/StarterContent/Content/StarterContent/Shapes/Shape_Sphere.uasset" to "D:/Unreal Projects/VirtualUP/Content/StarterContent/Shapes/Shape_Sphere.uasset"
[2018.09.17-03.20.21:730][  0]LogPackFactory: Copied "../../../Samples/StarterContent/Content/StarterContent/Shapes/Shape_Torus.uasset" to "D:/Unreal Projects/VirtualUP/Content/StarterContent/Shapes/Shape_Torus.uasset"
[2018.09.17-03.20.21:737][  0]LogPackFactory: Copied "../../../Samples/StarterContent/Content/StarterContent/Shapes/Shape_Trim.uasset" to "D:/Unreal Projects/VirtualUP/Content/StarterContent/Shapes/Shape_Trim.uasset"
[2018.09.17-03.20.21:744][  0]LogPackFactory: Copied "../../../Samples/StarterContent/Content/StarterContent/Shapes/Shape_Trim_90_In.uasset" to "D:/Unreal Projects/VirtualUP/Content/StarterContent/Shapes/Shape_Trim_90_In.uasset"
[2018.09.17-03.20.21:752][  0]LogPackFactory: Copied "../../../Samples/StarterContent/Content/StarterContent/Shapes/Shape_Trim_90_Out.uasset" to "D:/Unreal Projects/VirtualUP/Content/StarterContent/Shapes/Shape_Trim_90_Out.uasset"
[2018.09.17-03.20.21:759][  0]LogPackFactory: Copied "../../../Samples/StarterContent/Content/StarterContent/Shapes/Shape_TriPyramid.uasset" to "D:/Unreal Projects/VirtualUP/Content/StarterContent/Shapes/Shape_TriPyramid.uasset"
[2018.09.17-03.20.21:766][  0]LogPackFactory: Copied "../../../Samples/StarterContent/Content/StarterContent/Shapes/Shape_Tube.uasset" to "D:/Unreal Projects/VirtualUP/Content/StarterContent/Shapes/Shape_Tube.uasset"
[2018.09.17-03.20.21:773][  0]LogPackFactory: Copied "../../../Samples/StarterContent/Content/StarterContent/Shapes/Shape_Wedge_A.uasset" to "D:/Unreal Projects/VirtualUP/Content/StarterContent/Shapes/Shape_Wedge_A.uasset"
[2018.09.17-03.20.21:780][  0]LogPackFactory: Copied "../../../Samples/StarterContent/Content/StarterContent/Shapes/Shape_Wedge_B.uasset" to "D:/Unreal Projects/VirtualUP/Content/StarterContent/Shapes/Shape_Wedge_B.uasset"
[2018.09.17-03.20.21:788][  0]LogPackFactory: Copied "../../../Samples/StarterContent/Content/StarterContent/Shapes/Shape_WideCapsule.uasset" to "D:/Unreal Projects/VirtualUP/Content/StarterContent/Shapes/Shape_WideCapsule.uasset"
[2018.09.17-03.20.21:814][  0]LogPackFactory: Copied "../../../Samples/StarterContent/Content/StarterContent/Textures/T_Brick_Clay_Beveled_D.uasset" to "D:/Unreal Projects/VirtualUP/Content/StarterContent/Textures/T_Brick_Clay_Beveled_D.uasset"
[2018.09.17-03.20.21:843][  0]LogPackFactory: Copied "../../../Samples/StarterContent/Content/StarterContent/Textures/T_Brick_Clay_Beveled_M.uasset" to "D:/Unreal Projects/VirtualUP/Content/StarterContent/Textures/T_Brick_Clay_Beveled_M.uasset"
[2018.09.17-03.20.21:869][  0]LogPackFactory: Copied "../../../Samples/StarterContent/Content/StarterContent/Textures/T_Brick_Clay_Beveled_N.uasset" to "D:/Unreal Projects/VirtualUP/Content/StarterContent/Textures/T_Brick_Clay_Beveled_N.uasset"
[2018.09.17-03.20.21:892][  0]LogPackFactory: Copied "../../../Samples/StarterContent/Content/StarterContent/Textures/T_Brick_Clay_New_D.uasset" to "D:/Unreal Projects/VirtualUP/Content/StarterContent/Textures/T_Brick_Clay_New_D.uasset"
[2018.09.17-03.20.21:922][  0]LogPackFactory: Copied "../../../Samples/StarterContent/Content/StarterContent/Textures/T_Brick_Clay_New_M.uasset" to "D:/Unreal Projects/VirtualUP/Content/StarterContent/Textures/T_Brick_Clay_New_M.uasset"
[2018.09.17-03.20.21:950][  0]LogPackFactory: Copied "../../../Samples/StarterContent/Content/StarterContent/Textures/T_Brick_Clay_New_N.uasset" to "D:/Unreal Projects/VirtualUP/Content/StarterContent/Textures/T_Brick_Clay_New_N.uasset"
[2018.09.17-03.20.21:998][  0]LogPackFactory: Copied "../../../Samples/StarterContent/Content/StarterContent/Textures/T_Brick_Clay_Old_D.uasset" to "D:/Unreal Projects/VirtualUP/Content/StarterContent/Textures/T_Brick_Clay_Old_D.uasset"
[2018.09.17-03.20.22:025][  0]LogPackFactory: Copied "../../../Samples/StarterContent/Content/StarterContent/Textures/T_Brick_Clay_Old_N.uasset" to "D:/Unreal Projects/VirtualUP/Content/StarterContent/Textures/T_Brick_Clay_Old_N.uasset"
[2018.09.17-03.20.22:074][  0]LogPackFactory: Copied "../../../Samples/StarterContent/Content/StarterContent/Textures/T_Brick_Cut_Stone_D.uasset" to "D:/Unreal Projects/VirtualUP/Content/StarterContent/Textures/T_Brick_Cut_Stone_D.uasset"
[2018.09.17-03.20.22:099][  0]LogPackFactory: Copied "../../../Samples/StarterContent/Content/StarterContent/Textures/T_Brick_Cut_Stone_N.uasset" to "D:/Unreal Projects/VirtualUP/Content/StarterContent/Textures/T_Brick_Cut_Stone_N.uasset"
[2018.09.17-03.20.22:125][  0]LogPackFactory: Copied "../../../Samples/StarterContent/Content/StarterContent/Textures/T_Brick_Hewn_Stone_D.uasset" to "D:/Unreal Projects/VirtualUP/Content/StarterContent/Textures/T_Brick_Hewn_Stone_D.uasset"
[2018.09.17-03.20.22:151][  0]LogPackFactory: Copied "../../../Samples/StarterContent/Content/StarterContent/Textures/T_Brick_Hewn_Stone_M.uasset" to "D:/Unreal Projects/VirtualUP/Content/StarterContent/Textures/T_Brick_Hewn_Stone_M.uasset"
[2018.09.17-03.20.22:181][  0]LogPackFactory: Copied "../../../Samples/StarterContent/Content/StarterContent/Textures/T_Brick_Hewn_Stone_N.uasset" to "D:/Unreal Projects/VirtualUP/Content/StarterContent/Textures/T_Brick_Hewn_Stone_N.uasset"
[2018.09.17-03.20.22:189][  0]LogPackFactory: Copied "../../../Samples/StarterContent/Content/StarterContent/Textures/T_Burst_M.uasset" to "D:/Unreal Projects/VirtualUP/Content/StarterContent/Textures/T_Burst_M.uasset"
[2018.09.17-03.20.22:197][  0]LogPackFactory: Copied "../../../Samples/StarterContent/Content/StarterContent/Textures/T_Bush_D.uasset" to "D:/Unreal Projects/VirtualUP/Content/StarterContent/Textures/T_Bush_D.uasset"
[2018.09.17-03.20.22:205][  0]LogPackFactory: Copied "../../../Samples/StarterContent/Content/StarterContent/Textures/T_Bush_N.uasset" to "D:/Unreal Projects/VirtualUP/Content/StarterContent/Textures/T_Bush_N.uasset"
[2018.09.17-03.20.22:213][  0]LogPackFactory: Copied "../../../Samples/StarterContent/Content/StarterContent/Textures/T_Ceramic_Tile_M.uasset" to "D:/Unreal Projects/VirtualUP/Content/StarterContent/Textures/T_Ceramic_Tile_M.uasset"
[2018.09.17-03.20.22:221][  0]LogPackFactory: Copied "../../../Samples/StarterContent/Content/StarterContent/Textures/T_Ceramic_Tile_N.uasset" to "D:/Unreal Projects/VirtualUP/Content/StarterContent/Textures/T_Ceramic_Tile_N.uasset"
[2018.09.17-03.20.22:229][  0]LogPackFactory: Copied "../../../Samples/StarterContent/Content/StarterContent/Textures/T_Chair_M.uasset" to "D:/Unreal Projects/VirtualUP/Content/StarterContent/Textures/T_Chair_M.uasset"
[2018.09.17-03.20.22:250][  0]LogPackFactory: Copied "../../../Samples/StarterContent/Content/StarterContent/Textures/T_Chair_N.uasset" to "D:/Unreal Projects/VirtualUP/Content/StarterContent/Textures/T_Chair_N.uasset"
[2018.09.17-03.20.22:259][  0]LogPackFactory: Copied "../../../Samples/StarterContent/Content/StarterContent/Textures/T_Checker_Noise_M.uasset" to "D:/Unreal Projects/VirtualUP/Content/StarterContent/Textures/T_Checker_Noise_M.uasset"
[2018.09.17-03.20.22:297][  0]LogPackFactory: Copied "../../../Samples/StarterContent/Content/StarterContent/Textures/T_CobbleStone_Pebble_D.uasset" to "D:/Unreal Projects/VirtualUP/Content/StarterContent/Textures/T_CobbleStone_Pebble_D.uasset"
[2018.09.17-03.20.22:308][  0]LogPackFactory: Copied "../../../Samples/StarterContent/Content/StarterContent/Textures/T_CobbleStone_Pebble_M.uasset" to "D:/Unreal Projects/VirtualUP/Content/StarterContent/Textures/T_CobbleStone_Pebble_M.uasset"
[2018.09.17-03.20.22:346][  0]LogPackFactory: Copied "../../../Samples/StarterContent/Content/StarterContent/Textures/T_CobbleStone_Pebble_N.uasset" to "D:/Unreal Projects/VirtualUP/Content/StarterContent/Textures/T_CobbleStone_Pebble_N.uasset"
[2018.09.17-03.20.22:361][  0]LogPackFactory: Copied "../../../Samples/StarterContent/Content/StarterContent/Textures/T_CobbleStone_Rough_D.uasset" to "D:/Unreal Projects/VirtualUP/Content/StarterContent/Textures/T_CobbleStone_Rough_D.uasset"
[2018.09.17-03.20.22:376][  0]LogPackFactory: Copied "../../../Samples/StarterContent/Content/StarterContent/Textures/T_CobbleStone_Rough_N.uasset" to "D:/Unreal Projects/VirtualUP/Content/StarterContent/Textures/T_CobbleStone_Rough_N.uasset"
[2018.09.17-03.20.22:437][  0]LogPackFactory: Copied "../../../Samples/StarterContent/Content/StarterContent/Textures/T_CobbleStone_Smooth_D.uasset" to "D:/Unreal Projects/VirtualUP/Content/StarterContent/Textures/T_CobbleStone_Smooth_D.uasset"
[2018.09.17-03.20.22:460][  0]LogPackFactory: Copied "../../../Samples/StarterContent/Content/StarterContent/Textures/T_CobbleStone_Smooth_M.uasset" to "D:/Unreal Projects/VirtualUP/Content/StarterContent/Textures/T_CobbleStone_Smooth_M.uasset"
[2018.09.17-03.20.22:489][  0]LogPackFactory: Copied "../../../Samples/StarterContent/Content/StarterContent/Textures/T_CobbleStone_Smooth_N.uasset" to "D:/Unreal Projects/VirtualUP/Content/StarterContent/Textures/T_CobbleStone_Smooth_N.uasset"
[2018.09.17-03.20.22:524][  0]LogPackFactory: Copied "../../../Samples/StarterContent/Content/StarterContent/Textures/T_Concrete_Grime_D.uasset" to "D:/Unreal Projects/VirtualUP/Content/StarterContent/Textures/T_Concrete_Grime_D.uasset"
[2018.09.17-03.20.22:553][  0]LogPackFactory: Copied "../../../Samples/StarterContent/Content/StarterContent/Textures/T_Concrete_Panels_D.uasset" to "D:/Unreal Projects/VirtualUP/Content/StarterContent/Textures/T_Concrete_Panels_D.uasset"
[2018.09.17-03.20.22:577][  0]LogPackFactory: Copied "../../../Samples/StarterContent/Content/StarterContent/Textures/T_Concrete_Panels_N.uasset" to "D:/Unreal Projects/VirtualUP/Content/StarterContent/Textures/T_Concrete_Panels_N.uasset"
[2018.09.17-03.20.22:614][  0]LogPackFactory: Copied "../../../Samples/StarterContent/Content/StarterContent/Textures/T_Concrete_Poured_D.uasset" to "D:/Unreal Projects/VirtualUP/Content/StarterContent/Textures/T_Concrete_Poured_D.uasset"
[2018.09.17-03.20.22:640][  0]LogPackFactory: Copied "../../../Samples/StarterContent/Content/StarterContent/Textures/T_Concrete_Poured_N.uasset" to "D:/Unreal Projects/VirtualUP/Content/StarterContent/Textures/T_Concrete_Poured_N.uasset"
[2018.09.17-03.20.22:660][  0]LogPackFactory: Copied "../../../Samples/StarterContent/Content/StarterContent/Textures/T_Concrete_Tiles_D.uasset" to "D:/Unreal Projects/VirtualUP/Content/StarterContent/Textures/T_Concrete_Tiles_D.uasset"
[2018.09.17-03.20.22:682][  0]LogPackFactory: Copied "../../../Samples/StarterContent/Content/StarterContent/Textures/T_Concrete_Tiles_M.uasset" to "D:/Unreal Projects/VirtualUP/Content/StarterContent/Textures/T_Concrete_Tiles_M.uasset"
[2018.09.17-03.20.22:707][  0]LogPackFactory: Copied "../../../Samples/StarterContent/Content/StarterContent/Textures/T_Concrete_Tiles_N.uasset" to "D:/Unreal Projects/VirtualUP/Content/StarterContent/Textures/T_Concrete_Tiles_N.uasset"
[2018.09.17-03.20.22:711][  0]LogPackFactory: Copied "../../../Samples/StarterContent/Content/StarterContent/Textures/T_Concrete_Tiles_Variation_M.uasset" to "D:/Unreal Projects/VirtualUP/Content/StarterContent/Textures/T_Concrete_Tiles_Variation_M.uasset"
[2018.09.17-03.20.22:726][  0]LogPackFactory: Copied "../../../Samples/StarterContent/Content/StarterContent/Textures/T_Detail_Rocky_N.uasset" to "D:/Unreal Projects/VirtualUP/Content/StarterContent/Textures/T_Detail_Rocky_N.uasset"
[2018.09.17-03.20.22:735][  0]LogPackFactory: Copied "../../../Samples/StarterContent/Content/StarterContent/Textures/T_Door_M.uasset" to "D:/Unreal Projects/VirtualUP/Content/StarterContent/Textures/T_Door_M.uasset"
[2018.09.17-03.20.22:745][  0]LogPackFactory: Copied "../../../Samples/StarterContent/Content/StarterContent/Textures/T_Door_N.uasset" to "D:/Unreal Projects/VirtualUP/Content/StarterContent/Textures/T_Door_N.uasset"
[2018.09.17-03.20.22:752][  0]LogPackFactory: Copied "../../../Samples/StarterContent/Content/StarterContent/Textures/T_Dust_Particle_D.uasset" to "D:/Unreal Projects/VirtualUP/Content/StarterContent/Textures/T_Dust_Particle_D.uasset"
[2018.09.17-03.20.22:766][  0]LogPackFactory: Copied "../../../Samples/StarterContent/Content/StarterContent/Textures/T_Explosion_SubUV.uasset" to "D:/Unreal Projects/VirtualUP/Content/StarterContent/Textures/T_Explosion_SubUV.uasset"
[2018.09.17-03.20.22:775][  0]LogPackFactory: Copied "../../../Samples/StarterContent/Content/StarterContent/Textures/T_Fire_SubUV.uasset" to "D:/Unreal Projects/VirtualUP/Content/StarterContent/Textures/T_Fire_SubUV.uasset"
[2018.09.17-03.20.22:784][  0]LogPackFactory: Copied "../../../Samples/StarterContent/Content/StarterContent/Textures/T_Fire_Tiled_D.uasset" to "D:/Unreal Projects/VirtualUP/Content/StarterContent/Textures/T_Fire_Tiled_D.uasset"
[2018.09.17-03.20.22:792][  0]LogPackFactory: Copied "../../../Samples/StarterContent/Content/StarterContent/Textures/T_Frame_M.uasset" to "D:/Unreal Projects/VirtualUP/Content/StarterContent/Textures/T_Frame_M.uasset"
[2018.09.17-03.20.22:803][  0]LogPackFactory: Copied "../../../Samples/StarterContent/Content/StarterContent/Textures/T_Frame_N.uasset" to "D:/Unreal Projects/VirtualUP/Content/StarterContent/Textures/T_Frame_N.uasset"
[2018.09.17-03.20.22:807][  0]LogPackFactory: Copied "../../../Samples/StarterContent/Content/StarterContent/Textures/T_Gradinet_01.uasset" to "D:/Unreal Projects/VirtualUP/Content/StarterContent/Textures/T_Gradinet_01.uasset"
[2018.09.17-03.20.22:845][  0]LogPackFactory: Copied "../../../Samples/StarterContent/Content/StarterContent/Textures/T_Ground_Grass_D.uasset" to "D:/Unreal Projects/VirtualUP/Content/StarterContent/Textures/T_Ground_Grass_D.uasset"
[2018.09.17-03.20.22:882][  0]LogPackFactory: Copied "../../../Samples/StarterContent/Content/StarterContent/Textures/T_Ground_Grass_N.uasset" to "D:/Unreal Projects/VirtualUP/Content/StarterContent/Textures/T_Ground_Grass_N.uasset"
[2018.09.17-03.20.22:917][  0]LogPackFactory: Copied "../../../Samples/StarterContent/Content/StarterContent/Textures/T_Ground_Gravel_D.uasset" to "D:/Unreal Projects/VirtualUP/Content/StarterContent/Textures/T_Ground_Gravel_D.uasset"
[2018.09.17-03.20.22:943][  0]LogPackFactory: Copied "../../../Samples/StarterContent/Content/StarterContent/Textures/T_Ground_Gravel_N.uasset" to "D:/Unreal Projects/VirtualUP/Content/StarterContent/Textures/T_Ground_Gravel_N.uasset"
[2018.09.17-03.20.23:004][  0]LogPackFactory: Copied "../../../Samples/StarterContent/Content/StarterContent/Textures/T_ground_Moss_D.uasset" to "D:/Unreal Projects/VirtualUP/Content/StarterContent/Textures/T_ground_Moss_D.uasset"
[2018.09.17-03.20.23:033][  0]LogPackFactory: Copied "../../../Samples/StarterContent/Content/StarterContent/Textures/T_Ground_Moss_N.uasset" to "D:/Unreal Projects/VirtualUP/Content/StarterContent/Textures/T_Ground_Moss_N.uasset"
[2018.09.17-03.20.23:043][  0]LogPackFactory: Copied "../../../Samples/StarterContent/Content/StarterContent/Textures/T_Lamp_M.uasset" to "D:/Unreal Projects/VirtualUP/Content/StarterContent/Textures/T_Lamp_M.uasset"
[2018.09.17-03.20.23:056][  0]LogPackFactory: Copied "../../../Samples/StarterContent/Content/StarterContent/Textures/T_Lamp_N.uasset" to "D:/Unreal Projects/VirtualUP/Content/StarterContent/Textures/T_Lamp_N.uasset"
[2018.09.17-03.20.23:091][  0]LogPackFactory: Copied "../../../Samples/StarterContent/Content/StarterContent/Textures/T_MacroVariation.uasset" to "D:/Unreal Projects/VirtualUP/Content/StarterContent/Textures/T_MacroVariation.uasset"
[2018.09.17-03.20.23:130][  0]LogPackFactory: Copied "../../../Samples/StarterContent/Content/StarterContent/Textures/T_Metal_Aluminum_D.uasset" to "D:/Unreal Projects/VirtualUP/Content/StarterContent/Textures/T_Metal_Aluminum_D.uasset"
[2018.09.17-03.20.23:160][  0]LogPackFactory: Copied "../../../Samples/StarterContent/Content/StarterContent/Textures/T_Metal_Copper_D.uasset" to "D:/Unreal Projects/VirtualUP/Content/StarterContent/Textures/T_Metal_Copper_D.uasset"
[2018.09.17-03.20.23:190][  0]LogPackFactory: Copied "../../../Samples/StarterContent/Content/StarterContent/Textures/T_Metal_Gold_D.uasset" to "D:/Unreal Projects/VirtualUP/Content/StarterContent/Textures/T_Metal_Gold_D.uasset"
[2018.09.17-03.20.23:206][  0]LogPackFactory: Copied "../../../Samples/StarterContent/Content/StarterContent/Textures/T_Metal_Gold_N.uasset" to "D:/Unreal Projects/VirtualUP/Content/StarterContent/Textures/T_Metal_Gold_N.uasset"
[2018.09.17-03.20.23:236][  0]LogPackFactory: Copied "../../../Samples/StarterContent/Content/StarterContent/Textures/T_Metal_Rust_D.uasset" to "D:/Unreal Projects/VirtualUP/Content/StarterContent/Textures/T_Metal_Rust_D.uasset"
[2018.09.17-03.20.23:264][  0]LogPackFactory: Copied "../../../Samples/StarterContent/Content/StarterContent/Textures/T_Metal_Rust_N.uasset" to "D:/Unreal Projects/VirtualUP/Content/StarterContent/Textures/T_Metal_Rust_N.uasset"
[2018.09.17-03.20.23:281][  0]LogPackFactory: Copied "../../../Samples/StarterContent/Content/StarterContent/Textures/T_Metal_Steel_D.uasset" to "D:/Unreal Projects/VirtualUP/Content/StarterContent/Textures/T_Metal_Steel_D.uasset"
[2018.09.17-03.20.23:301][  0]LogPackFactory: Copied "../../../Samples/StarterContent/Content/StarterContent/Textures/T_Metal_Steel_N.uasset" to "D:/Unreal Projects/VirtualUP/Content/StarterContent/Textures/T_Metal_Steel_N.uasset"
[2018.09.17-03.20.23:329][  0]LogPackFactory: Copied "../../../Samples/StarterContent/Content/StarterContent/Textures/T_Perlin_Noise_M.uasset" to "D:/Unreal Projects/VirtualUP/Content/StarterContent/Textures/T_Perlin_Noise_M.uasset"
[2018.09.17-03.20.23:344][  0]LogPackFactory: Copied "../../../Samples/StarterContent/Content/StarterContent/Textures/T_RockMesh_M.uasset" to "D:/Unreal Projects/VirtualUP/Content/StarterContent/Textures/T_RockMesh_M.uasset"
[2018.09.17-03.20.23:364][  0]LogPackFactory: Copied "../../../Samples/StarterContent/Content/StarterContent/Textures/T_RockMesh_N.uasset" to "D:/Unreal Projects/VirtualUP/Content/StarterContent/Textures/T_RockMesh_N.uasset"
[2018.09.17-03.20.23:396][  0]LogPackFactory: Copied "../../../Samples/StarterContent/Content/StarterContent/Textures/T_Rock_Basalt_D.uasset" to "D:/Unreal Projects/VirtualUP/Content/StarterContent/Textures/T_Rock_Basalt_D.uasset"
[2018.09.17-03.20.23:425][  0]LogPackFactory: Copied "../../../Samples/StarterContent/Content/StarterContent/Textures/T_Rock_Basalt_N.uasset" to "D:/Unreal Projects/VirtualUP/Content/StarterContent/Textures/T_Rock_Basalt_N.uasset"
[2018.09.17-03.20.23:446][  0]LogPackFactory: Copied "../../../Samples/StarterContent/Content/StarterContent/Textures/T_Rock_Marble_Polished_D.uasset" to "D:/Unreal Projects/VirtualUP/Content/StarterContent/Textures/T_Rock_Marble_Polished_D.uasset"
[2018.09.17-03.20.23:477][  0]LogPackFactory: Copied "../../../Samples/StarterContent/Content/StarterContent/Textures/T_Rock_Sandstone_D.uasset" to "D:/Unreal Projects/VirtualUP/Content/StarterContent/Textures/T_Rock_Sandstone_D.uasset"
[2018.09.17-03.20.23:506][  0]LogPackFactory: Copied "../../../Samples/StarterContent/Content/StarterContent/Textures/T_Rock_Sandstone_N.uasset" to "D:/Unreal Projects/VirtualUP/Content/StarterContent/Textures/T_Rock_Sandstone_N.uasset"
[2018.09.17-03.20.23:544][  0]LogPackFactory: Copied "../../../Samples/StarterContent/Content/StarterContent/Textures/T_Rock_Slate_D.uasset" to "D:/Unreal Projects/VirtualUP/Content/StarterContent/Textures/T_Rock_Slate_D.uasset"
[2018.09.17-03.20.23:577][  0]LogPackFactory: Copied "../../../Samples/StarterContent/Content/StarterContent/Textures/T_Rock_Slate_N.uasset" to "D:/Unreal Projects/VirtualUP/Content/StarterContent/Textures/T_Rock_Slate_N.uasset"
[2018.09.17-03.20.23:607][  0]LogPackFactory: Copied "../../../Samples/StarterContent/Content/StarterContent/Textures/T_Rock_Smooth_Granite_D.uasset" to "D:/Unreal Projects/VirtualUP/Content/StarterContent/Textures/T_Rock_Smooth_Granite_D.uasset"
[2018.09.17-03.20.23:616][  0]LogPackFactory: Copied "../../../Samples/StarterContent/Content/StarterContent/Textures/T_Shelf_M.uasset" to "D:/Unreal Projects/VirtualUP/Content/StarterContent/Textures/T_Shelf_M.uasset"
[2018.09.17-03.20.23:628][  0]LogPackFactory: Copied "../../../Samples/StarterContent/Content/StarterContent/Textures/T_Shelf_N.uasset" to "D:/Unreal Projects/VirtualUP/Content/StarterContent/Textures/T_Shelf_N.uasset"
[2018.09.17-03.20.23:632][  0]LogPackFactory: Copied "../../../Samples/StarterContent/Content/StarterContent/Textures/T_Single_Tile_N.uasset" to "D:/Unreal Projects/VirtualUP/Content/StarterContent/Textures/T_Single_Tile_N.uasset"
[2018.09.17-03.20.23:647][  0]LogPackFactory: Copied "../../../Samples/StarterContent/Content/StarterContent/Textures/T_Smoke_SubUV.uasset" to "D:/Unreal Projects/VirtualUP/Content/StarterContent/Textures/T_Smoke_SubUV.uasset"
[2018.09.17-03.20.23:655][  0]LogPackFactory: Copied "../../../Samples/StarterContent/Content/StarterContent/Textures/T_Smoke_Tiled_D.uasset" to "D:/Unreal Projects/VirtualUP/Content/StarterContent/Textures/T_Smoke_Tiled_D.uasset"
[2018.09.17-03.20.23:663][  0]LogPackFactory: Copied "../../../Samples/StarterContent/Content/StarterContent/Textures/T_Spark_Core.uasset" to "D:/Unreal Projects/VirtualUP/Content/StarterContent/Textures/T_Spark_Core.uasset"
[2018.09.17-03.20.23:671][  0]LogPackFactory: Copied "../../../Samples/StarterContent/Content/StarterContent/Textures/T_Statue_M.uasset" to "D:/Unreal Projects/VirtualUP/Content/StarterContent/Textures/T_Statue_M.uasset"
[2018.09.17-03.20.23:680][  0]LogPackFactory: Copied "../../../Samples/StarterContent/Content/StarterContent/Textures/T_Statue_N.uasset" to "D:/Unreal Projects/VirtualUP/Content/StarterContent/Textures/T_Statue_N.uasset"
[2018.09.17-03.20.23:717][  0]LogPackFactory: Copied "../../../Samples/StarterContent/Content/StarterContent/Textures/T_TableRound_M.uasset" to "D:/Unreal Projects/VirtualUP/Content/StarterContent/Textures/T_TableRound_M.uasset"
[2018.09.17-03.20.23:728][  0]LogPackFactory: Copied "../../../Samples/StarterContent/Content/StarterContent/Textures/T_TableRound_N.uasset" to "D:/Unreal Projects/VirtualUP/Content/StarterContent/Textures/T_TableRound_N.uasset"
[2018.09.17-03.20.23:736][  0]LogPackFactory: Copied "../../../Samples/StarterContent/Content/StarterContent/Textures/T_Tech_Dot_M.uasset" to "D:/Unreal Projects/VirtualUP/Content/StarterContent/Textures/T_Tech_Dot_M.uasset"
[2018.09.17-03.20.23:744][  0]LogPackFactory: Copied "../../../Samples/StarterContent/Content/StarterContent/Textures/T_Tech_Dot_N.uasset" to "D:/Unreal Projects/VirtualUP/Content/StarterContent/Textures/T_Tech_Dot_N.uasset"
[2018.09.17-03.20.23:754][  0]LogPackFactory: Copied "../../../Samples/StarterContent/Content/StarterContent/Textures/T_Tech_Hex_Tile_M.uasset" to "D:/Unreal Projects/VirtualUP/Content/StarterContent/Textures/T_Tech_Hex_Tile_M.uasset"
[2018.09.17-03.20.23:773][  0]LogPackFactory: Copied "../../../Samples/StarterContent/Content/StarterContent/Textures/T_Tech_Hex_Tile_N.uasset" to "D:/Unreal Projects/VirtualUP/Content/StarterContent/Textures/T_Tech_Hex_Tile_N.uasset"
[2018.09.17-03.20.23:789][  0]LogPackFactory: Copied "../../../Samples/StarterContent/Content/StarterContent/Textures/T_Tech_Panel_M.uasset" to "D:/Unreal Projects/VirtualUP/Content/StarterContent/Textures/T_Tech_Panel_M.uasset"
[2018.09.17-03.20.23:802][  0]LogPackFactory: Copied "../../../Samples/StarterContent/Content/StarterContent/Textures/T_Tech_Panel_N.uasset" to "D:/Unreal Projects/VirtualUP/Content/StarterContent/Textures/T_Tech_Panel_N.uasset"
[2018.09.17-03.20.23:814][  0]LogPackFactory: Copied "../../../Samples/StarterContent/Content/StarterContent/Textures/T_Water_M.uasset" to "D:/Unreal Projects/VirtualUP/Content/StarterContent/Textures/T_Water_M.uasset"
[2018.09.17-03.20.23:826][  0]LogPackFactory: Copied "../../../Samples/StarterContent/Content/StarterContent/Textures/T_Water_N.uasset" to "D:/Unreal Projects/VirtualUP/Content/StarterContent/Textures/T_Water_N.uasset"
[2018.09.17-03.20.23:845][  0]LogPackFactory: Copied "../../../Samples/StarterContent/Content/StarterContent/Textures/T_Wood_Floor_Walnut_D.uasset" to "D:/Unreal Projects/VirtualUP/Content/StarterContent/Textures/T_Wood_Floor_Walnut_D.uasset"
[2018.09.17-03.20.23:865][  0]LogPackFactory: Copied "../../../Samples/StarterContent/Content/StarterContent/Textures/T_Wood_Floor_Walnut_M.uasset" to "D:/Unreal Projects/VirtualUP/Content/StarterContent/Textures/T_Wood_Floor_Walnut_M.uasset"
[2018.09.17-03.20.23:883][  0]LogPackFactory: Copied "../../../Samples/StarterContent/Content/StarterContent/Textures/T_Wood_Floor_Walnut_N.uasset" to "D:/Unreal Projects/VirtualUP/Content/StarterContent/Textures/T_Wood_Floor_Walnut_N.uasset"
[2018.09.17-03.20.23:908][  0]LogPackFactory: Copied "../../../Samples/StarterContent/Content/StarterContent/Textures/T_Wood_Oak_D.uasset" to "D:/Unreal Projects/VirtualUP/Content/StarterContent/Textures/T_Wood_Oak_D.uasset"
[2018.09.17-03.20.23:931][  0]LogPackFactory: Copied "../../../Samples/StarterContent/Content/StarterContent/Textures/T_Wood_Oak_N.uasset" to "D:/Unreal Projects/VirtualUP/Content/StarterContent/Textures/T_Wood_Oak_N.uasset"
[2018.09.17-03.20.23:975][  0]LogPackFactory: Copied "../../../Samples/StarterContent/Content/StarterContent/Textures/T_Wood_Pine_D.uasset" to "D:/Unreal Projects/VirtualUP/Content/StarterContent/Textures/T_Wood_Pine_D.uasset"
[2018.09.17-03.20.23:990][  0]LogPackFactory: Copied "../../../Samples/StarterContent/Content/StarterContent/Textures/T_Wood_Pine_N.uasset" to "D:/Unreal Projects/VirtualUP/Content/StarterContent/Textures/T_Wood_Pine_N.uasset"
[2018.09.17-03.20.24:014][  0]LogPackFactory: Copied "../../../Samples/StarterContent/Content/StarterContent/Textures/T_Wood_Walnut_D.uasset" to "D:/Unreal Projects/VirtualUP/Content/StarterContent/Textures/T_Wood_Walnut_D.uasset"
[2018.09.17-03.20.24:032][  0]LogPackFactory: Copied "../../../Samples/StarterContent/Content/StarterContent/Textures/T_Wood_Walnut_N.uasset" to "D:/Unreal Projects/VirtualUP/Content/StarterContent/Textures/T_Wood_Walnut_N.uasset"
[2018.09.17-03.20.24:084][  0]LogRenderer: Reallocating scene render targets to support 256x256 Format 26 NumSamples 1 (Frame:1).
[2018.09.17-03.20.24:131][  0]Cmd: OBJ SAVEPACKAGE PACKAGE="/Game/StarterContent/Architecture/Floor_400x400" FILE="D:/Unreal Projects/VirtualUP/Content/StarterContent/Architecture/Floor_400x400.uasset" SILENT=true
[2018.09.17-03.20.24:147][  0]LogSavePackage: Moving 'D:/Unreal Projects/VirtualUP/Saved/Floor_400x400AAB10B5F4924CB91102112A33B62E2FC.tmp' to 'D:/Unreal Projects/VirtualUP/Content/StarterContent/Architecture/Floor_400x400.uasset'
[2018.09.17-03.20.24:151][  0]LogFeaturePack: Warning: Inserted 1 feature packs
[2018.09.17-03.20.24:152][  0]Cmd: MAP LOAD FILE="D:/Unreal Projects/VirtualUP/Content/VirtualRealityBP/Maps/StartupMap.umap" TEMPLATE=0 SHOWPROGRESS=1 FEATURELEVEL=3
[2018.09.17-03.20.24:152][  0]LightingResults: New page: Lighting Build
[2018.09.17-03.20.24:154][  0]MapCheck: New page: Map Check
[2018.09.17-03.20.24:155][  0]LightingResults: New page: Lighting Build
[2018.09.17-03.20.24:258][  0]LogAIModule: Creating AISystem for world StartupMap
[2018.09.17-03.20.24:264][  0]LogEditorServer: Finished looking for orphan Actors (0.000 secs)
[2018.09.17-03.20.24:284][  0]Cmd: MAP CHECKDEP NOCLEARLOG
[2018.09.17-03.20.24:337][  0]MapCheck: Map check complete: 0 Error(s), 0 Warning(s), took 53.308ms to complete.
[2018.09.17-03.20.24:337][  0]LogFileHelpers: Loading map 'StartupMap' took 0.185
[2018.09.17-03.20.24:438][  0]LogSlate: Updating window title bar state: overlay mode, drag disabled, window buttons hidden, title bar hidden
[2018.09.17-03.20.24:444][  0]LogSlate: Updating window title bar state: overlay mode, drag disabled, window buttons hidden, title bar hidden
[2018.09.17-03.20.24:450][  0]LogSlate: Updating window title bar state: overlay mode, drag disabled, window buttons hidden, title bar hidden
[2018.09.17-03.20.24:456][  0]LogSlate: Updating window title bar state: overlay mode, drag disabled, window buttons hidden, title bar hidden
[2018.09.17-03.20.24:465][  0]LogCollectionManager: Loaded 0 collections in 0.001317 seconds
[2018.09.17-03.20.24:506][  0]LogFileCache: Scanning file cache for directory 'D:/Unreal Projects/VirtualUP/Saved/Collections/' took 0.01s
[2018.09.17-03.20.24:506][  0]LogFileCache: Scanning file cache for directory 'D:/Unreal Projects/VirtualUP/Content/Developers/ripple19/Collections/' took 0.01s
[2018.09.17-03.20.24:506][  0]LogFileCache: Scanning file cache for directory 'D:/Unreal Projects/VirtualUP/Content/Collections/' took 0.01s
[2018.09.17-03.20.24:506][  0]LogCollectionManager: Rebuilt the GUID cache for 0 collections in 0.000000 seconds
[2018.09.17-03.20.24:514][  0]LogContentBrowser: Native class hierarchy populated in 0.0076 seconds. Added 2572 classes and 603 folders.
[2018.09.17-03.20.24:519][  0]LogContentBrowser: Native class hierarchy updated for 'WidgetCarousel' in 0.0002 seconds. Added 0 classes and 0 folders.
[2018.09.17-03.20.24:551][  0]LogContentBrowser: Native class hierarchy updated for 'AddContentDialog' in 0.0002 seconds. Added 0 classes and 0 folders.
[2018.09.17-03.20.24:562][  0]LogSlate: Took 0.000137 seconds to synchronously load lazily loaded font '../../../Engine/Content/Slate/Fonts/Roboto-Regular.ttf' (155K)
[2018.09.17-03.20.24:563][  0]LogSlate: Took 0.000163 seconds to synchronously load lazily loaded font '../../../Engine/Content/Slate/Fonts/Roboto-Bold.ttf' (160K)
[2018.09.17-03.20.24:571][  0]LogSlate: Took 0.004623 seconds to synchronously load lazily loaded font '../../../Engine/Content/Editor/Slate/Fonts/FontAwesome.ttf' (139K)
[2018.09.17-03.20.24:639][  0]LogRenderer: Reallocating scene render targets to support 1176x620 Format 26 NumSamples 1 (Frame:1).
[2018.09.17-03.20.24:668][  0]LogSlate: Took 0.000167 seconds to synchronously load lazily loaded font '../../../Engine/Content/Slate/Fonts/Roboto-Light.ttf' (167K)
[2018.09.17-03.20.24:732][  0]LogContentBrowser: Native class hierarchy updated for 'HierarchicalLODOutliner' in 0.0002 seconds. Added 0 classes and 0 folders.
[2018.09.17-03.20.24:732][  0]LogLoad: (Engine Initialization) Total time: 10.66 seconds
[2018.09.17-03.20.24:732][  0]LogLoad: (Engine Initialization) Total Blueprint compile time: 0.00 seconds
[2018.09.17-03.20.24:742][  0]LogWindowsTextInputMethodSystem: Display: IME system now deactivated.
[2018.09.17-03.20.24:811][  0]LogContentStreaming: Texture pool size now 1000 MB
[2018.09.17-03.20.25:380][ 66]LogAssetRegistry: Asset discovery search completed in 8.2250 seconds
[2018.09.17-03.20.25:382][ 66]LogCollectionManager: Rebuilt the object cache for 0 collections in 0.000001 seconds (found 0 objects)
[2018.09.17-03.20.25:383][ 66]LogCollectionManager: Fixed up redirectors for 0 collections in 0.000060 seconds (updated 0 objects)
